<?xml version="1.0" encoding="UTF-8"?>
<testsuites name="ASM V3 Test Suite" time="6" tests="2" failures="0" errors="0">
   <testsuite name="ASM V3 Test Suite" tests="2" failures="0" errors="0" time="6" timestamp="2018-11-05 14:26:03" hostname="ekroes - ltekroes.acto.nl" id="Test Suites/ASM V3 Test Suite">
      <properties>
         <property name="deviceName" value=""/>
         <property name="devicePlatform" value=""/>
         <property name="logFolder" value="C:\\Users\\ekroes\\git\\AppsTests\\Reports\\ASM V3 Test Suite\\20181105_142601"/>
         <property name="logFiles" value="C:\\Users\\ekroes\\git\\AppsTests\\Reports\\ASM V3 Test Suite\\20181105_142601\\execution0.log"/>
         <property name="attachments" value="C:\\Users\\ekroes\\git\\AppsTests\\Reports\\ASM V3 Test Suite\\20181105_142601\\1541424367698.png, C:\\Users\\ekroes\\git\\AppsTests\\Reports\\ASM V3 Test Suite\\20181105_142601\\1541424369494.png"/>
         <property name="hostName" value="ekroes - ltekroes.acto.nl"/>
         <property name="os" value="Windows 10 64bit"/>
         <property name="katalonVersion" value="5.8.0.1"/>
         <property name="browser" value="Chrome 70.0.3538.77"/>
         <property name="hostAddress" value="10.146.8.12"/>
         <property name="sessionId" value="a9878108fd1822b1f5a37b6e72df3c6c"/>
         <property name="seleniumVersion" value="3.7.1"/>
         <property name="proxyInformation" value="ProxyInformation{proxyOption=USE_SYSTEM, proxyServerType=HTTP, password=, proxyServerAddress=, proxyServerPort=0}"/>
         <property name="platform" value="Windows 10"/>
      </properties>
      <testcase name="Test Cases/Algemeen/LoginLocalhost" classname="Test Cases/Algemeen/LoginLocalhost" status="PASSED">
         <system-out><![CDATA[2018-11-05 14:26:03 - [TEST_CASE][PASSED] - Test Cases/Algemeen/LoginLocalhost: Test Cases/Algemeen/LoginLocalhost

2018-11-05 14:26:04 - [TEST_STEP][PASSED] - openBrowser: Browser is opened with url: ''

2018-11-05 14:26:07 - [MESSAGE][PASSED] - Browser is opened with url: ''

2018-11-05 14:26:07 - [TEST_STEP][PASSED] - navigateToUrl: Navigate to 'http://localhost/dev/Account/Account/Login.aspx' successfully

2018-11-05 14:26:07 - [MESSAGE][PASSED] - Navigate to 'http://localhost/dev/Account/Account/Login.aspx' successfully

2018-11-05 14:26:07 - [TEST_STEP][PASSED] - takeScreenshot: Taking screenshot successfully

2018-11-05 14:26:08 - [MESSAGE][PASSED] - Taking screenshot successfully
[[ATTACHMENT|C:\\Users\\ekroes\\git\\AppsTests\\Reports\\ASM V3 Test Suite\\20181105_142601\\1541424367698.png]]

2018-11-05 14:26:08 - [TEST_STEP][PASSED] - setText: Text 'ekroes' is set on object 'Object Repository/LoginPagina/input_UserName'

2018-11-05 14:26:08 - [MESSAGE][PASSED] - Text 'ekroes' is set on object 'Object Repository/LoginPagina/input_UserName'

2018-11-05 14:26:08 - [TEST_STEP][PASSED] - setText: Text 'Varkenskut_hoera123' is set on object 'Object Repository/LoginPagina/input_CurrentPassword'

2018-11-05 14:26:08 - [MESSAGE][PASSED] - Text 'Varkenskut_hoera123' is set on object 'Object Repository/LoginPagina/input_CurrentPassword'

2018-11-05 14:26:08 - [TEST_STEP][PASSED] - click: Object: 'Object Repository/LoginPagina/input_LoginButton' is clicked on

2018-11-05 14:26:08 - [MESSAGE][PASSED] - Object: 'Object Repository/LoginPagina/input_LoginButton' is clicked on

2018-11-05 14:26:08 - [TEST_STEP][PASSED] - waitForElementPresent: Object 'Object Repository/Home/HomeAppTileContainer' is present

2018-11-05 14:26:09 - [MESSAGE][PASSED] - Object 'Object Repository/Home/HomeAppTileContainer' is present

2018-11-05 14:26:09 - [TEST_STEP][PASSED] - Statement - assert true: null]]></system-out>
         <system-err><![CDATA[]]></system-err>
      </testcase>
      <testcase name="Test Cases/ASM Versie 3/Login" classname="Test Cases/ASM Versie 3/Login" status="PASSED">
         <system-out><![CDATA[2018-11-05 14:26:09 - [TEST_CASE][PASSED] - Test Cases/ASM Versie 3/Login: Test Cases/ASM Versie 3/Login

2018-11-05 14:26:09 - [TEST_STEP][PASSED] - click: Object: 'Object Repository/ASM Versie 3/Home/AsmV3AppTile' is clicked on

2018-11-05 14:26:09 - [MESSAGE][PASSED] - Object: 'Object Repository/ASM Versie 3/Home/AsmV3AppTile' is clicked on

2018-11-05 14:26:09 - [TEST_STEP][PASSED] - takeScreenshot: Taking screenshot successfully

2018-11-05 14:26:09 - [MESSAGE][PASSED] - Taking screenshot successfully
[[ATTACHMENT|C:\\Users\\ekroes\\git\\AppsTests\\Reports\\ASM V3 Test Suite\\20181105_142601\\1541424369494.png]]

2018-11-05 14:26:09 - [TEST_STEP][PASSED] - Statement - assert true: null]]></system-out>
         <system-err><![CDATA[]]></system-err>
      </testcase>
      <system-out><![CDATA[2018-11-05 14:26:03 - [TEST_SUITE][PASSED] - ASM V3 Test Suite: Test Cases/ASM Versie 3/Login]]></system-out>
      <system-err><![CDATA[]]></system-err>
   </testsuite>
</testsuites>
