<?xml version="1.0" encoding="UTF-8"?>
<testsuites name="ASMV3 Test Suite" time="73" tests="4" failures="0" errors="0">
   <testsuite name="ASMV3 Test Suite" tests="4" failures="0" errors="0" time="73" timestamp="2018-11-14 15:44:02" hostname="ekroes - ltekroes.acto.nl" id="Test Suites/ASMV3 Test Suite">
      <properties>
         <property name="deviceName" value=""/>
         <property name="devicePlatform" value=""/>
         <property name="logFolder" value="C:\\Users\\ekroes\\git\\AppsTests\\Reports\\ASMV3 Test Suite\\20181114_154401"/>
         <property name="logFiles" value="C:\\Users\\ekroes\\git\\AppsTests\\Reports\\ASMV3 Test Suite\\20181114_154401\\execution0.log"/>
         <property name="attachments" value="C:\\Users\\ekroes\\git\\AppsTests\\Reports\\ASMV3 Test Suite\\20181114_154401\\1542206648009.png"/>
         <property name="hostName" value="ekroes - ltekroes.acto.nl"/>
         <property name="os" value="Windows 10 64bit"/>
         <property name="katalonVersion" value="5.8.0.1"/>
         <property name="browser" value="Chrome 70.0.3538.102"/>
         <property name="hostAddress" value="10.146.8.12"/>
         <property name="sessionId" value="7a939bdbf1734cbd9f06781585c3ee4a"/>
         <property name="seleniumVersion" value="3.7.1"/>
         <property name="proxyInformation" value="ProxyInformation{proxyOption=USE_SYSTEM, proxyServerType=HTTP, password=, proxyServerAddress=, proxyServerPort=0}"/>
         <property name="platform" value="Windows 10"/>
      </properties>
      <testcase name="Test Cases/Algemeen/LoginLocalhost" classname="Test Cases/Algemeen/LoginLocalhost" status="PASSED">
         <system-out><![CDATA[2018-11-14 15:44:02 - [TEST_CASE][PASSED] - Test Cases/Algemeen/LoginLocalhost: Test Cases/Algemeen/LoginLocalhost

2018-11-14 15:44:03 - [TEST_STEP][PASSED] - openBrowser: Browser is opened with url: ''

2018-11-14 15:44:06 - [MESSAGE][PASSED] - Browser is opened with url: ''

2018-11-14 15:44:06 - [TEST_STEP][PASSED] - navigateToUrl: Navigate to 'http://localhost/dev/Account/Account/Login.aspx' successfully

2018-11-14 15:44:06 - [MESSAGE][PASSED] - Navigate to 'http://localhost/dev/Account/Account/Login.aspx' successfully

2018-11-14 15:44:06 - [TEST_STEP][PASSED] - setText: Text 'ekroes' is set on object 'Object Repository/LoginPagina/input-Username'

2018-11-14 15:44:06 - [MESSAGE][PASSED] - Text 'ekroes' is set on object 'Object Repository/LoginPagina/input-Username'

2018-11-14 15:44:06 - [TEST_STEP][PASSED] - setText: Text 'Varkenskut_hoera123' is set on object 'Object Repository/LoginPagina/input-Password'

2018-11-14 15:44:06 - [MESSAGE][PASSED] - Text 'Varkenskut_hoera123' is set on object 'Object Repository/LoginPagina/input-Password'

2018-11-14 15:44:06 - [TEST_STEP][PASSED] - click: Object: 'Object Repository/LoginPagina/input_LoginButton' is clicked on

2018-11-14 15:44:07 - [MESSAGE][PASSED] - Object: 'Object Repository/LoginPagina/input_LoginButton' is clicked on

2018-11-14 15:44:07 - [TEST_STEP][PASSED] - waitForElementPresent: Object 'Object Repository/Home/HomeAppTileContainer' is present

2018-11-14 15:44:07 - [MESSAGE][PASSED] - Object 'Object Repository/Home/HomeAppTileContainer' is present

2018-11-14 15:44:07 - [TEST_STEP][PASSED] - Statement - assert true: null]]></system-out>
         <system-err><![CDATA[]]></system-err>
      </testcase>
      <testcase name="Test Cases/ASMV3/HomeIndex" classname="Test Cases/ASMV3/HomeIndex" status="PASSED">
         <system-out><![CDATA[2018-11-14 15:44:07 - [TEST_CASE][PASSED] - Test Cases/ASMV3/HomeIndex: Test Cases/ASMV3/HomeIndex

2018-11-14 15:44:07 - [TEST_STEP][PASSED] - click: Object: 'Object Repository/ASMV3/Home/AsmAppTile' is clicked on

2018-11-14 15:44:07 - [MESSAGE][PASSED] - Object: 'Object Repository/ASMV3/Home/AsmAppTile' is clicked on

2018-11-14 15:44:07 - [TEST_STEP][PASSED] - takeScreenshot: Taking screenshot successfully

2018-11-14 15:44:08 - [MESSAGE][PASSED] - Taking screenshot successfully
[[ATTACHMENT|C:\\Users\\ekroes\\git\\AppsTests\\Reports\\ASMV3 Test Suite\\20181114_154401\\1542206648009.png]]

2018-11-14 15:44:08 - [TEST_STEP][PASSED] - waitForElementPresent: Object 'Object Repository/ASMV3/Home/HomeIndex' is present

2018-11-14 15:44:08 - [MESSAGE][PASSED] - Object 'Object Repository/ASMV3/Home/HomeIndex' is present

2018-11-14 15:44:08 - [TEST_STEP][PASSED] - Statement - assert true: null

2018-11-14 15:44:08 - [TEST_STEP][PASSED] - delay: Delayed 5 second(s)

2018-11-14 15:44:13 - [MESSAGE][PASSED] - Delayed 5 second(s)]]></system-out>
         <system-err><![CDATA[]]></system-err>
      </testcase>
      <testcase name="Test Cases/ASMV3/CreateNewRegistratie" classname="Test Cases/ASMV3/CreateNewRegistratie" status="PASSED">
         <system-out><![CDATA[2018-11-14 15:44:13 - [TEST_CASE][PASSED] - Test Cases/ASMV3/CreateNewRegistratie: Test Cases/ASMV3/CreateNewRegistratie

2018-11-14 15:44:13 - [TEST_STEP][PASSED] - click: Object: 'Object Repository/ASMV3/Registratie/OpenGlobalMenuNav' is clicked on

2018-11-14 15:44:13 - [MESSAGE][PASSED] - Object: 'Object Repository/ASMV3/Registratie/OpenGlobalMenuNav' is clicked on

2018-11-14 15:44:13 - [TEST_STEP][PASSED] - waitForElementPresent: Object 'Object Repository/ASMV3/Registratie/GlobalMenuNavButtonCollapsed' is present

2018-11-14 15:44:13 - [MESSAGE][PASSED] - Object 'Object Repository/ASMV3/Registratie/GlobalMenuNavButtonCollapsed' is present

2018-11-14 15:44:13 - [TEST_STEP][PASSED] - click: Object: 'Object Repository/ASMV3/Registratie/ClickNewRegistration' is clicked on

2018-11-14 15:44:14 - [MESSAGE][PASSED] - Object: 'Object Repository/ASMV3/Registratie/ClickNewRegistration' is clicked on

2018-11-14 15:44:14 - [TEST_STEP][PASSED] - click: Object: 'Object Repository/ASMV3/Registratie/Input Objects/button_DossierSearch' is clicked on

2018-11-14 15:44:14 - [MESSAGE][PASSED] - Object: 'Object Repository/ASMV3/Registratie/Input Objects/button_DossierSearch' is clicked on

2018-11-14 15:44:14 - [TEST_STEP][PASSED] - delay: Delayed 1 second(s)

2018-11-14 15:44:15 - [MESSAGE][PASSED] - Delayed 1 second(s)

2018-11-14 15:44:15 - [TEST_STEP][PASSED] - setText: Text 'Hanze Academie' is set on object 'Object Repository/ASMV3/Registratie/Input Objects/input_DossierSearchDialog'

2018-11-14 15:44:15 - [MESSAGE][PASSED] - Text 'Hanze Academie' is set on object 'Object Repository/ASMV3/Registratie/Input Objects/input_DossierSearchDialog'

2018-11-14 15:44:15 - [TEST_STEP][PASSED] - delay: Delayed 1 second(s)

2018-11-14 15:44:16 - [MESSAGE][PASSED] - Delayed 1 second(s)

2018-11-14 15:44:16 - [TEST_STEP][PASSED] - click: Object: 'Object Repository/ASMV3/Registratie/Input Objects/button_DossierSearchDialog_Search' is clicked on

2018-11-14 15:44:17 - [MESSAGE][PASSED] - Object: 'Object Repository/ASMV3/Registratie/Input Objects/button_DossierSearchDialog_Search' is clicked on

2018-11-14 15:44:17 - [TEST_STEP][PASSED] - delay: Delayed 1 second(s)

2018-11-14 15:44:18 - [MESSAGE][PASSED] - Delayed 1 second(s)

2018-11-14 15:44:18 - [TEST_STEP][PASSED] - click: Object: 'Object Repository/ASMV3/Registratie/Input Objects/select_DossierSearchItem' is clicked on

2018-11-14 15:44:18 - [MESSAGE][PASSED] - Object: 'Object Repository/ASMV3/Registratie/Input Objects/select_DossierSearchItem' is clicked on

2018-11-14 15:44:18 - [TEST_STEP][PASSED] - delay: Delayed 1 second(s)

2018-11-14 15:44:19 - [MESSAGE][PASSED] - Delayed 1 second(s)

2018-11-14 15:44:19 - [TEST_STEP][PASSED] - setText: Text '60 Verwarming' is set on object 'Object Repository/ASMV3/Registratie/Input Objects/input_InstallatieSearchDialog'

2018-11-14 15:44:19 - [MESSAGE][PASSED] - Text '60 Verwarming' is set on object 'Object Repository/ASMV3/Registratie/Input Objects/input_InstallatieSearchDialog'

2018-11-14 15:44:19 - [TEST_STEP][PASSED] - delay: Delayed 1 second(s)

2018-11-14 15:44:20 - [MESSAGE][PASSED] - Delayed 1 second(s)

2018-11-14 15:44:20 - [TEST_STEP][PASSED] - click: Object: 'Object Repository/ASMV3/Registratie/Input Objects/button_InstallatieSearchDialog_Search' is clicked on

2018-11-14 15:44:20 - [MESSAGE][PASSED] - Object: 'Object Repository/ASMV3/Registratie/Input Objects/button_InstallatieSearchDialog_Search' is clicked on

2018-11-14 15:44:20 - [TEST_STEP][PASSED] - delay: Delayed 1 second(s)

2018-11-14 15:44:21 - [MESSAGE][PASSED] - Delayed 1 second(s)

2018-11-14 15:44:21 - [TEST_STEP][PASSED] - click: Object: 'Object Repository/ASMV3/Registratie/Input Objects/select_InstallatieSearchItem' is clicked on

2018-11-14 15:44:21 - [MESSAGE][PASSED] - Object: 'Object Repository/ASMV3/Registratie/Input Objects/select_InstallatieSearchItem' is clicked on

2018-11-14 15:44:21 - [TEST_STEP][PASSED] - delay: Delayed 1 second(s)

2018-11-14 15:44:22 - [MESSAGE][PASSED] - Delayed 1 second(s)

2018-11-14 15:44:22 - [TEST_STEP][PASSED] - focus: Object: 'Object Repository/ASMV3/Registratie/Input Objects/input_BezoekSoort' is focused

2018-11-14 15:44:22 - [MESSAGE][PASSED] - Object: 'Object Repository/ASMV3/Registratie/Input Objects/input_BezoekSoort' is focused

2018-11-14 15:44:22 - [TEST_STEP][PASSED] - delay: Delayed 1 second(s)

2018-11-14 15:44:23 - [MESSAGE][PASSED] - Delayed 1 second(s)

2018-11-14 15:44:23 - [TEST_STEP][PASSED] - selectOptionByIndex: All options with index in [14] are selected on object 'Object Repository/ASMV3/Registratie/Input Objects/input_BezoekSoort'

2018-11-14 15:44:24 - [MESSAGE][PASSED] - All options with index in [14] are selected on object 'Object Repository/ASMV3/Registratie/Input Objects/input_BezoekSoort'

2018-11-14 15:44:24 - [TEST_STEP][PASSED] - delay: Delayed 1 second(s)

2018-11-14 15:44:25 - [MESSAGE][PASSED] - Delayed 1 second(s)

2018-11-14 15:44:25 - [TEST_STEP][PASSED] - setText: Text 'Katalon service monteur' is set on object 'Object Repository/ASMV3/Registratie/Input Objects/input_Melder'

2018-11-14 15:44:25 - [MESSAGE][PASSED] - Text 'Katalon service monteur' is set on object 'Object Repository/ASMV3/Registratie/Input Objects/input_Melder'

2018-11-14 15:44:25 - [TEST_STEP][PASSED] - delay: Delayed 1 second(s)

2018-11-14 15:44:26 - [MESSAGE][PASSED] - Delayed 1 second(s)

2018-11-14 15:44:26 - [TEST_STEP][PASSED] - setText: Text 'Katalon test Service' is set on object 'Object Repository/ASMV3/Registratie/Input Objects/input_Bedrijf'

2018-11-14 15:44:26 - [MESSAGE][PASSED] - Text 'Katalon test Service' is set on object 'Object Repository/ASMV3/Registratie/Input Objects/input_Bedrijf'

2018-11-14 15:44:26 - [TEST_STEP][PASSED] - delay: Delayed 1 second(s)

2018-11-14 15:44:27 - [MESSAGE][PASSED] - Delayed 1 second(s)

2018-11-14 15:44:27 - [TEST_STEP][PASSED] - setText: Text 'Katalon-testservice-2018' is set on object 'Object Repository/ASMV3/Registratie/Input Objects/input_Referentie'

2018-11-14 15:44:27 - [MESSAGE][PASSED] - Text 'Katalon-testservice-2018' is set on object 'Object Repository/ASMV3/Registratie/Input Objects/input_Referentie'

2018-11-14 15:44:27 - [TEST_STEP][PASSED] - setText: Text 'Periodieke controle. Brander hapert af en toe.' is set on object 'Object Repository/ASMV3/Registratie/Input Objects/input_MeldingsTekst'

2018-11-14 15:44:28 - [MESSAGE][PASSED] - Text 'Periodieke controle. Brander hapert af en toe.' is set on object 'Object Repository/ASMV3/Registratie/Input Objects/input_MeldingsTekst'

2018-11-14 15:44:28 - [TEST_STEP][PASSED] - delay: Delayed 1 second(s)

2018-11-14 15:44:29 - [MESSAGE][PASSED] - Delayed 1 second(s)

2018-11-14 15:44:29 - [TEST_STEP][PASSED] - click: Object: 'Object Repository/ASMV3/Registratie/Input Objects/button_Versturen' is clicked on

2018-11-14 15:44:29 - [MESSAGE][PASSED] - Object: 'Object Repository/ASMV3/Registratie/Input Objects/button_Versturen' is clicked on

2018-11-14 15:44:29 - [TEST_STEP][PASSED] - delay: Delayed 5 second(s)

2018-11-14 15:44:34 - [MESSAGE][PASSED] - Delayed 5 second(s)]]></system-out>
         <system-err><![CDATA[]]></system-err>
      </testcase>
      <testcase name="Test Cases/ASMV3/WerkorderOppakken" classname="Test Cases/ASMV3/WerkorderOppakken" status="PASSED">
         <system-out><![CDATA[2018-11-14 15:44:34 - [TEST_CASE][PASSED] - Test Cases/ASMV3/WerkorderOppakken: Test Cases/ASMV3/WerkorderOppakken

2018-11-14 15:44:34 - [TEST_STEP][PASSED] - click: Object: 'Object Repository/ASMV3/Order/OpenWerkorder' is clicked on

2018-11-14 15:44:34 - [MESSAGE][PASSED] - Object: 'Object Repository/ASMV3/Order/OpenWerkorder' is clicked on

2018-11-14 15:44:34 - [TEST_STEP][PASSED] - delay: Delayed 3 second(s)

2018-11-14 15:44:37 - [MESSAGE][PASSED] - Delayed 3 second(s)

2018-11-14 15:44:37 - [TEST_STEP][PASSED] - click: Object: 'Object Repository/ASMV3/Order/StartWerkorder' is clicked on

2018-11-14 15:44:37 - [MESSAGE][PASSED] - Object: 'Object Repository/ASMV3/Order/StartWerkorder' is clicked on

2018-11-14 15:44:37 - [TEST_STEP][PASSED] - delay: Delayed 3 second(s)

2018-11-14 15:44:40 - [MESSAGE][PASSED] - Delayed 3 second(s)

2018-11-14 15:44:40 - [TEST_STEP][PASSED] - click: Object: 'Object Repository/ASMV3/Order/WizardSteps/wizardStep_Material' is clicked on

2018-11-14 15:44:40 - [MESSAGE][PASSED] - Object: 'Object Repository/ASMV3/Order/WizardSteps/wizardStep_Material' is clicked on

2018-11-14 15:44:40 - [TEST_STEP][PASSED] - delay: Delayed 3 second(s)

2018-11-14 15:44:43 - [MESSAGE][PASSED] - Delayed 3 second(s)

2018-11-14 15:44:43 - [TEST_STEP][PASSED] - click: Object: 'Object Repository/ASMV3/Order/Material/button_Busvoorraad' is clicked on

2018-11-14 15:44:43 - [MESSAGE][PASSED] - Object: 'Object Repository/ASMV3/Order/Material/button_Busvoorraad' is clicked on

2018-11-14 15:44:43 - [TEST_STEP][PASSED] - delay: Delayed 3 second(s)

2018-11-14 15:44:46 - [MESSAGE][PASSED] - Delayed 3 second(s)

2018-11-14 15:44:46 - [TEST_STEP][PASSED] - click: Object: 'Object Repository/ASMV3/Order/Material/button_DialogBusvoorraadSluiten' is clicked on

2018-11-14 15:44:47 - [MESSAGE][PASSED] - Object: 'Object Repository/ASMV3/Order/Material/button_DialogBusvoorraadSluiten' is clicked on

2018-11-14 15:44:47 - [TEST_STEP][PASSED] - delay: Delayed 3 second(s)

2018-11-14 15:44:50 - [MESSAGE][PASSED] - Delayed 3 second(s)

2018-11-14 15:44:50 - [TEST_STEP][PASSED] - click: Object: 'Object Repository/ASMV3/Order/Material/button_Besteld' is clicked on

2018-11-14 15:44:50 - [MESSAGE][PASSED] - Object: 'Object Repository/ASMV3/Order/Material/button_Besteld' is clicked on

2018-11-14 15:44:50 - [TEST_STEP][PASSED] - delay: Delayed 3 second(s)

2018-11-14 15:44:53 - [MESSAGE][PASSED] - Delayed 3 second(s)

2018-11-14 15:44:53 - [TEST_STEP][PASSED] - click: Object: 'Object Repository/ASMV3/Order/Material/button_DialogBesteldSluiten' is clicked on

2018-11-14 15:44:53 - [MESSAGE][PASSED] - Object: 'Object Repository/ASMV3/Order/Material/button_DialogBesteldSluiten' is clicked on

2018-11-14 15:44:53 - [TEST_STEP][PASSED] - delay: Delayed 3 second(s)

2018-11-14 15:44:56 - [MESSAGE][PASSED] - Delayed 3 second(s)

2018-11-14 15:44:56 - [TEST_STEP][PASSED] - click: Object: 'Object Repository/ASMV3/Order/Material/button_ProjectMateriaal' is clicked on

2018-11-14 15:44:56 - [MESSAGE][PASSED] - Object: 'Object Repository/ASMV3/Order/Material/button_ProjectMateriaal' is clicked on

2018-11-14 15:44:56 - [TEST_STEP][PASSED] - delay: Delayed 3 second(s)

2018-11-14 15:44:59 - [MESSAGE][PASSED] - Delayed 3 second(s)

2018-11-14 15:44:59 - [TEST_STEP][PASSED] - setText: Text '6000 meter verlengsnoer E-Bike goed voor 4 km fietsen' is set on object 'Object Repository/ASMV3/Order/Material/input_ProjectMateriaalRegel'

2018-11-14 15:44:59 - [MESSAGE][PASSED] - Text '6000 meter verlengsnoer E-Bike goed voor 4 km fietsen' is set on object 'Object Repository/ASMV3/Order/Material/input_ProjectMateriaalRegel'

2018-11-14 15:44:59 - [TEST_STEP][PASSED] - delay: Delayed 3 second(s)

2018-11-14 15:45:02 - [MESSAGE][PASSED] - Delayed 3 second(s)

2018-11-14 15:45:02 - [TEST_STEP][PASSED] - click: Object: 'Object Repository/ASMV3/Order/Material/addProjectMateriaalPlus' is clicked on

2018-11-14 15:45:03 - [MESSAGE][PASSED] - Object: 'Object Repository/ASMV3/Order/Material/addProjectMateriaalPlus' is clicked on

2018-11-14 15:45:03 - [TEST_STEP][PASSED] - delay: Delayed 3 second(s)

2018-11-14 15:45:06 - [MESSAGE][PASSED] - Delayed 3 second(s)

2018-11-14 15:45:06 - [TEST_STEP][PASSED] - click: Object: 'Object Repository/ASMV3/Order/Material/addProjectMateriaalPlus' is clicked on

2018-11-14 15:45:06 - [MESSAGE][PASSED] - Object: 'Object Repository/ASMV3/Order/Material/addProjectMateriaalPlus' is clicked on

2018-11-14 15:45:06 - [TEST_STEP][PASSED] - delay: Delayed 3 second(s)

2018-11-14 15:45:09 - [MESSAGE][PASSED] - Delayed 3 second(s)

2018-11-14 15:45:09 - [TEST_STEP][PASSED] - click: Object: 'Object Repository/ASMV3/Order/Material/addProjectMateriaalMin' is clicked on

2018-11-14 15:45:09 - [MESSAGE][PASSED] - Object: 'Object Repository/ASMV3/Order/Material/addProjectMateriaalMin' is clicked on

2018-11-14 15:45:09 - [TEST_STEP][PASSED] - delay: Delayed 3 second(s)

2018-11-14 15:45:12 - [MESSAGE][PASSED] - Delayed 3 second(s)

2018-11-14 15:45:12 - [TEST_STEP][PASSED] - click: Object: 'Object Repository/ASMV3/Order/Material/button_ProjectMateriaalOpslaan' is clicked on

2018-11-14 15:45:12 - [MESSAGE][PASSED] - Object: 'Object Repository/ASMV3/Order/Material/button_ProjectMateriaalOpslaan' is clicked on

2018-11-14 15:45:12 - [TEST_STEP][PASSED] - delay: Delayed 3 second(s)

2018-11-14 15:45:15 - [MESSAGE][PASSED] - Delayed 3 second(s)]]></system-out>
         <system-err><![CDATA[]]></system-err>
      </testcase>
      <system-out><![CDATA[2018-11-14 15:44:02 - [TEST_SUITE][PASSED] - ASMV3 Test Suite: Test Cases/ASMV3/WerkorderOppakken]]></system-out>
      <system-err><![CDATA[]]></system-err>
   </testsuite>
</testsuites>
