<?xml version="1.0" encoding="UTF-8"?>
<testsuites name="ASMV3 Test Suite" time="35" tests="3" failures="0" errors="0">
   <testsuite name="ASMV3 Test Suite" tests="3" failures="0" errors="0" time="35" timestamp="2018-11-12 13:13:41" hostname="ekroes - ltekroes.acto.nl" id="Test Suites/ASMV3 Test Suite">
      <properties>
         <property name="deviceName" value=""/>
         <property name="devicePlatform" value=""/>
         <property name="logFolder" value="C:\\Users\\ekroes\\git\\AppsTests\\Reports\\ASMV3 Test Suite\\20181112_131339"/>
         <property name="logFiles" value="C:\\Users\\ekroes\\git\\AppsTests\\Reports\\ASMV3 Test Suite\\20181112_131339\\execution0.log"/>
         <property name="attachments" value="C:\\Users\\ekroes\\git\\AppsTests\\Reports\\ASMV3 Test Suite\\20181112_131339\\1542024826724.png"/>
         <property name="hostName" value="ekroes - ltekroes.acto.nl"/>
         <property name="os" value="Windows 10 64bit"/>
         <property name="katalonVersion" value="5.8.0.1"/>
         <property name="browser" value="Chrome 70.0.3538.77"/>
         <property name="hostAddress" value="10.146.8.12"/>
         <property name="sessionId" value="bddd82a1bd7605e4586a3540cc7a97d6"/>
         <property name="seleniumVersion" value="3.7.1"/>
         <property name="proxyInformation" value="ProxyInformation{proxyOption=USE_SYSTEM, proxyServerType=HTTP, password=, proxyServerAddress=, proxyServerPort=0}"/>
         <property name="platform" value="Windows 10"/>
      </properties>
      <testcase name="Test Cases/Algemeen/LoginLocalhost" classname="Test Cases/Algemeen/LoginLocalhost" status="PASSED">
         <system-out><![CDATA[2018-11-12 13:13:41 - [TEST_CASE][PASSED] - Test Cases/Algemeen/LoginLocalhost: Test Cases/Algemeen/LoginLocalhost

2018-11-12 13:13:41 - [TEST_STEP][PASSED] - openBrowser: Browser is opened with url: ''

2018-11-12 13:13:44 - [MESSAGE][PASSED] - Browser is opened with url: ''

2018-11-12 13:13:44 - [TEST_STEP][PASSED] - navigateToUrl: Navigate to 'http://localhost/dev/Account/Account/Login.aspx' successfully

2018-11-12 13:13:45 - [MESSAGE][PASSED] - Navigate to 'http://localhost/dev/Account/Account/Login.aspx' successfully

2018-11-12 13:13:45 - [TEST_STEP][PASSED] - setText: Text 'ekroes' is set on object 'Object Repository/LoginPagina/input-Username'

2018-11-12 13:13:45 - [MESSAGE][PASSED] - Text 'ekroes' is set on object 'Object Repository/LoginPagina/input-Username'

2018-11-12 13:13:45 - [TEST_STEP][PASSED] - setText: Text 'Varkenskut_hoera123' is set on object 'Object Repository/LoginPagina/input-Password'

2018-11-12 13:13:45 - [MESSAGE][PASSED] - Text 'Varkenskut_hoera123' is set on object 'Object Repository/LoginPagina/input-Password'

2018-11-12 13:13:45 - [TEST_STEP][PASSED] - click: Object: 'Object Repository/LoginPagina/input_LoginButton' is clicked on

2018-11-12 13:13:45 - [MESSAGE][PASSED] - Object: 'Object Repository/LoginPagina/input_LoginButton' is clicked on

2018-11-12 13:13:45 - [TEST_STEP][PASSED] - waitForElementPresent: Object 'Object Repository/Home/HomeAppTileContainer' is present

2018-11-12 13:13:46 - [MESSAGE][PASSED] - Object 'Object Repository/Home/HomeAppTileContainer' is present

2018-11-12 13:13:46 - [TEST_STEP][PASSED] - Statement - assert true: null]]></system-out>
         <system-err><![CDATA[]]></system-err>
      </testcase>
      <testcase name="Test Cases/ASMV3/HomeIndex" classname="Test Cases/ASMV3/HomeIndex" status="PASSED">
         <system-out><![CDATA[2018-11-12 13:13:46 - [TEST_CASE][PASSED] - Test Cases/ASMV3/HomeIndex: Test Cases/ASMV3/HomeIndex

2018-11-12 13:13:46 - [TEST_STEP][PASSED] - click: Object: 'Object Repository/ASMV3/Home/AsmAppTile' is clicked on

2018-11-12 13:13:46 - [MESSAGE][PASSED] - Object: 'Object Repository/ASMV3/Home/AsmAppTile' is clicked on

2018-11-12 13:13:46 - [TEST_STEP][PASSED] - takeScreenshot: Taking screenshot successfully

2018-11-12 13:13:47 - [MESSAGE][PASSED] - Taking screenshot successfully
[[ATTACHMENT|C:\\Users\\ekroes\\git\\AppsTests\\Reports\\ASMV3 Test Suite\\20181112_131339\\1542024826724.png]]

2018-11-12 13:13:47 - [TEST_STEP][PASSED] - waitForElementPresent: Object 'Object Repository/ASMV3/Home/HomeIndex' is present

2018-11-12 13:13:47 - [MESSAGE][PASSED] - Object 'Object Repository/ASMV3/Home/HomeIndex' is present

2018-11-12 13:13:47 - [TEST_STEP][PASSED] - Statement - assert true: null]]></system-out>
         <system-err><![CDATA[]]></system-err>
      </testcase>
      <testcase name="Test Cases/ASMV3/OrderVerwerken" classname="Test Cases/ASMV3/OrderVerwerken" status="PASSED">
         <system-out><![CDATA[2018-11-12 13:13:47 - [TEST_CASE][PASSED] - Test Cases/ASMV3/OrderVerwerken: Test Cases/ASMV3/OrderVerwerken

2018-11-12 13:13:47 - [TEST_STEP][PASSED] - click: Object: 'Object Repository/ASMV3/Order/GotoWerkorders' is clicked on

2018-11-12 13:13:48 - [MESSAGE][PASSED] - Object: 'Object Repository/ASMV3/Order/GotoWerkorders' is clicked on

2018-11-12 13:13:48 - [TEST_STEP][PASSED] - waitForElementPresent: Object 'Object Repository/ASMV3/Order/OrderStatusFrame' is present

2018-11-12 13:13:49 - [MESSAGE][PASSED] - Object 'Object Repository/ASMV3/Order/OrderStatusFrame' is present

2018-11-12 13:13:49 - [TEST_STEP][PASSED] - uncheck: Object 'Object Repository/ASMV3/Order/Input Objects/checkbox_Gestart' is un-checked

2018-11-12 13:13:50 - [MESSAGE][PASSED] - Object 'Object Repository/ASMV3/Order/Input Objects/checkbox_Gestart' is un-checked

2018-11-12 13:13:50 - [TEST_STEP][PASSED] - delay: Delayed 3 second(s)

2018-11-12 13:13:53 - [MESSAGE][PASSED] - Delayed 3 second(s)

2018-11-12 13:13:53 - [TEST_STEP][PASSED] - uncheck: Object 'Object Repository/ASMV3/Order/Input Objects/checkbox_Geparkeerd' is un-checked

2018-11-12 13:13:53 - [MESSAGE][PASSED] - Object 'Object Repository/ASMV3/Order/Input Objects/checkbox_Geparkeerd' is un-checked

2018-11-12 13:13:53 - [TEST_STEP][PASSED] - delay: Delayed 3 second(s)

2018-11-12 13:13:56 - [MESSAGE][PASSED] - Delayed 3 second(s)

2018-11-12 13:13:56 - [TEST_STEP][PASSED] - uncheck: Object 'Object Repository/ASMV3/Order/Input Objects/checkbox_Gesloten' is un-checked

2018-11-12 13:13:56 - [MESSAGE][PASSED] - Object 'Object Repository/ASMV3/Order/Input Objects/checkbox_Gesloten' is un-checked

2018-11-12 13:13:56 - [TEST_STEP][PASSED] - delay: Delayed 20 second(s)

2018-11-12 13:14:16 - [MESSAGE][PASSED] - Delayed 20 second(s)]]></system-out>
         <system-err><![CDATA[]]></system-err>
      </testcase>
      <system-out><![CDATA[2018-11-12 13:13:41 - [TEST_SUITE][PASSED] - ASMV3 Test Suite: Test Cases/ASMV3/OrderVerwerken]]></system-out>
      <system-err><![CDATA[]]></system-err>
   </testsuite>
</testsuites>
