<?xml version="1.0" encoding="UTF-8"?>
<testsuites name="ASMV3 Test Suite" time="55" tests="3" failures="0" errors="0">
   <testsuite name="ASMV3 Test Suite" tests="3" failures="0" errors="0" time="55" timestamp="2018-11-08 14:30:05" hostname="ekroes - ltekroes.acto.nl" id="Test Suites/ASMV3 Test Suite">
      <properties>
         <property name="deviceName" value=""/>
         <property name="devicePlatform" value=""/>
         <property name="logFolder" value="C:\\Users\\ekroes\\git\\AppsTests\\Reports\\ASMV3 Test Suite\\20181108_143003"/>
         <property name="logFiles" value="C:\\Users\\ekroes\\git\\AppsTests\\Reports\\ASMV3 Test Suite\\20181108_143003\\execution0.log"/>
         <property name="attachments" value="C:\\Users\\ekroes\\git\\AppsTests\\Reports\\ASMV3 Test Suite\\20181108_143003\\1541683811161.png"/>
         <property name="hostName" value="ekroes - ltekroes.acto.nl"/>
         <property name="os" value="Windows 10 64bit"/>
         <property name="katalonVersion" value="5.8.0.1"/>
         <property name="browser" value="Chrome 70.0.3538.77"/>
         <property name="hostAddress" value="10.146.8.12"/>
         <property name="sessionId" value="82046a266fa2f07ca15485e357ba42a9"/>
         <property name="seleniumVersion" value="3.7.1"/>
         <property name="proxyInformation" value="ProxyInformation{proxyOption=USE_SYSTEM, proxyServerType=HTTP, password=, proxyServerAddress=, proxyServerPort=0}"/>
         <property name="platform" value="Windows 10"/>
      </properties>
      <testcase name="Test Cases/Algemeen/LoginLocalhost" classname="Test Cases/Algemeen/LoginLocalhost" status="PASSED">
         <system-out><![CDATA[2018-11-08 14:30:05 - [TEST_CASE][PASSED] - Test Cases/Algemeen/LoginLocalhost: Test Cases/Algemeen/LoginLocalhost

2018-11-08 14:30:06 - [TEST_STEP][PASSED] - openBrowser: Browser is opened with url: ''

2018-11-08 14:30:09 - [MESSAGE][PASSED] - Browser is opened with url: ''

2018-11-08 14:30:09 - [TEST_STEP][PASSED] - navigateToUrl: Navigate to 'http://localhost/dev/Account/Account/Login.aspx' successfully

2018-11-08 14:30:09 - [MESSAGE][PASSED] - Navigate to 'http://localhost/dev/Account/Account/Login.aspx' successfully

2018-11-08 14:30:09 - [TEST_STEP][PASSED] - setText: Text 'ekroes' is set on object 'Object Repository/LoginPagina/input-Username'

2018-11-08 14:30:09 - [MESSAGE][PASSED] - Text 'ekroes' is set on object 'Object Repository/LoginPagina/input-Username'

2018-11-08 14:30:09 - [TEST_STEP][PASSED] - setText: Text 'Varkenskut_hoera123' is set on object 'Object Repository/LoginPagina/input-Password'

2018-11-08 14:30:10 - [MESSAGE][PASSED] - Text 'Varkenskut_hoera123' is set on object 'Object Repository/LoginPagina/input-Password'

2018-11-08 14:30:10 - [TEST_STEP][PASSED] - click: Object: 'Object Repository/LoginPagina/input_LoginButton' is clicked on

2018-11-08 14:30:10 - [MESSAGE][PASSED] - Object: 'Object Repository/LoginPagina/input_LoginButton' is clicked on

2018-11-08 14:30:10 - [TEST_STEP][PASSED] - waitForElementPresent: Object 'Object Repository/Home/HomeAppTileContainer' is present

2018-11-08 14:30:10 - [MESSAGE][PASSED] - Object 'Object Repository/Home/HomeAppTileContainer' is present

2018-11-08 14:30:10 - [TEST_STEP][PASSED] - Statement - assert true: null]]></system-out>
         <system-err><![CDATA[]]></system-err>
      </testcase>
      <testcase name="Test Cases/ASMV3/HomeIndex" classname="Test Cases/ASMV3/HomeIndex" status="PASSED">
         <system-out><![CDATA[2018-11-08 14:30:10 - [TEST_CASE][PASSED] - Test Cases/ASMV3/HomeIndex: Test Cases/ASMV3/HomeIndex

2018-11-08 14:30:10 - [TEST_STEP][PASSED] - click: Object: 'Object Repository/ASMV3/Home/AsmAppTile' is clicked on

2018-11-08 14:30:11 - [MESSAGE][PASSED] - Object: 'Object Repository/ASMV3/Home/AsmAppTile' is clicked on

2018-11-08 14:30:11 - [TEST_STEP][PASSED] - takeScreenshot: Taking screenshot successfully

2018-11-08 14:30:11 - [MESSAGE][PASSED] - Taking screenshot successfully
[[ATTACHMENT|C:\\Users\\ekroes\\git\\AppsTests\\Reports\\ASMV3 Test Suite\\20181108_143003\\1541683811161.png]]

2018-11-08 14:30:11 - [TEST_STEP][PASSED] - waitForElementPresent: Object 'Object Repository/ASMV3/Home/HomeIndex' is present

2018-11-08 14:30:11 - [MESSAGE][PASSED] - Object 'Object Repository/ASMV3/Home/HomeIndex' is present

2018-11-08 14:30:11 - [TEST_STEP][PASSED] - Statement - assert true: null]]></system-out>
         <system-err><![CDATA[]]></system-err>
      </testcase>
      <testcase name="Test Cases/ASMV3/CreateNewRegistratie" classname="Test Cases/ASMV3/CreateNewRegistratie" status="PASSED">
         <system-out><![CDATA[2018-11-08 14:30:11 - [TEST_CASE][PASSED] - Test Cases/ASMV3/CreateNewRegistratie: Test Cases/ASMV3/CreateNewRegistratie

2018-11-08 14:30:11 - [TEST_STEP][PASSED] - click: Object: 'Object Repository/ASMV3/Registratie/OpenGlobalMenuNav' is clicked on

2018-11-08 14:30:13 - [MESSAGE][PASSED] - Object: 'Object Repository/ASMV3/Registratie/OpenGlobalMenuNav' is clicked on

2018-11-08 14:30:13 - [TEST_STEP][PASSED] - waitForElementPresent: Object 'Object Repository/ASMV3/Registratie/GlobalMenuNavButtonCollapsed' is present

2018-11-08 14:30:13 - [MESSAGE][PASSED] - Object 'Object Repository/ASMV3/Registratie/GlobalMenuNavButtonCollapsed' is present

2018-11-08 14:30:13 - [TEST_STEP][PASSED] - click: Object: 'Object Repository/ASMV3/Registratie/ClickNewRegistration' is clicked on

2018-11-08 14:30:13 - [MESSAGE][PASSED] - Object: 'Object Repository/ASMV3/Registratie/ClickNewRegistration' is clicked on

2018-11-08 14:30:13 - [TEST_STEP][PASSED] - click: Object: 'Object Repository/ASMV3/Registratie/Input Objects/button_DossierSearch' is clicked on

2018-11-08 14:30:14 - [MESSAGE][PASSED] - Object: 'Object Repository/ASMV3/Registratie/Input Objects/button_DossierSearch' is clicked on

2018-11-08 14:30:14 - [TEST_STEP][PASSED] - delay: Delayed 5 second(s)

2018-11-08 14:30:19 - [MESSAGE][PASSED] - Delayed 5 second(s)

2018-11-08 14:30:19 - [TEST_STEP][PASSED] - setText: Text 'Hanze Academie' is set on object 'Object Repository/ASMV3/Registratie/Input Objects/input_DossierSearchDialog'

2018-11-08 14:30:19 - [MESSAGE][PASSED] - Text 'Hanze Academie' is set on object 'Object Repository/ASMV3/Registratie/Input Objects/input_DossierSearchDialog'

2018-11-08 14:30:19 - [TEST_STEP][PASSED] - delay: Delayed 5 second(s)

2018-11-08 14:30:24 - [MESSAGE][PASSED] - Delayed 5 second(s)

2018-11-08 14:30:24 - [TEST_STEP][PASSED] - click: Object: 'Object Repository/ASMV3/Registratie/Input Objects/button_DossierSearchDialog_Search' is clicked on

2018-11-08 14:30:24 - [MESSAGE][PASSED] - Object: 'Object Repository/ASMV3/Registratie/Input Objects/button_DossierSearchDialog_Search' is clicked on

2018-11-08 14:30:24 - [TEST_STEP][PASSED] - delay: Delayed 5 second(s)

2018-11-08 14:30:29 - [MESSAGE][PASSED] - Delayed 5 second(s)

2018-11-08 14:30:29 - [TEST_STEP][PASSED] - click: Object: 'Object Repository/ASMV3/Registratie/Input Objects/select_DossierSearchItem' is clicked on

2018-11-08 14:30:29 - [MESSAGE][PASSED] - Object: 'Object Repository/ASMV3/Registratie/Input Objects/select_DossierSearchItem' is clicked on

2018-11-08 14:30:29 - [TEST_STEP][PASSED] - delay: Delayed 5 second(s)

2018-11-08 14:30:34 - [MESSAGE][PASSED] - Delayed 5 second(s)

2018-11-08 14:30:34 - [TEST_STEP][PASSED] - setText: Text '60 Verwarming' is set on object 'Object Repository/ASMV3/Registratie/Input Objects/input_InstallatieSearchDialog'

2018-11-08 14:30:34 - [MESSAGE][PASSED] - Text '60 Verwarming' is set on object 'Object Repository/ASMV3/Registratie/Input Objects/input_InstallatieSearchDialog'

2018-11-08 14:30:34 - [TEST_STEP][PASSED] - delay: Delayed 5 second(s)

2018-11-08 14:30:39 - [MESSAGE][PASSED] - Delayed 5 second(s)

2018-11-08 14:30:39 - [TEST_STEP][PASSED] - click: Object: 'Object Repository/ASMV3/Registratie/Input Objects/button_InstallatieSearchDialog_Search' is clicked on

2018-11-08 14:30:40 - [MESSAGE][PASSED] - Object: 'Object Repository/ASMV3/Registratie/Input Objects/button_InstallatieSearchDialog_Search' is clicked on

2018-11-08 14:30:40 - [TEST_STEP][PASSED] - delay: Delayed 20 second(s)

2018-11-08 14:31:00 - [MESSAGE][PASSED] - Delayed 20 second(s)]]></system-out>
         <system-err><![CDATA[]]></system-err>
      </testcase>
      <system-out><![CDATA[2018-11-08 14:30:05 - [TEST_SUITE][PASSED] - ASMV3 Test Suite: Test Cases/ASMV3/CreateNewRegistratie]]></system-out>
      <system-err><![CDATA[]]></system-err>
   </testsuite>
</testsuites>
