<?xml version="1.0" encoding="UTF-8"?>
<testsuites name="ASMV3 Test Suite - Gereedmelden" time="122" tests="4" failures="0" errors="0">
   <testsuite name="ASMV3 Test Suite - Gereedmelden" tests="4" failures="0" errors="0" time="122" timestamp="2018-11-15 16:53:00" hostname="ekroes - ltekroes.acto.nl" id="Test Suites/ASMV3 Test Suite - Gereedmelden">
      <properties>
         <property name="deviceName" value=""/>
         <property name="devicePlatform" value=""/>
         <property name="logFolder" value="C:\\Users\\ekroes\\git\\AppsTests\\Reports\\ASMV3 Test Suite - Gereedmelden\\20181115_165258"/>
         <property name="logFiles" value="C:\\Users\\ekroes\\git\\AppsTests\\Reports\\ASMV3 Test Suite - Gereedmelden\\20181115_165258\\execution0.log"/>
         <property name="attachments" value="C:\\Users\\ekroes\\git\\AppsTests\\Reports\\ASMV3 Test Suite - Gereedmelden\\20181115_165258\\1542297186582.png"/>
         <property name="hostName" value="ekroes - ltekroes.acto.nl"/>
         <property name="os" value="Windows 10 64bit"/>
         <property name="katalonVersion" value="5.8.0.1"/>
         <property name="browser" value="Chrome 70.0.3538.102"/>
         <property name="hostAddress" value="10.146.8.12"/>
         <property name="sessionId" value="006cdfcedb3ea9810738feb0bdb7e034"/>
         <property name="seleniumVersion" value="3.7.1"/>
         <property name="proxyInformation" value="ProxyInformation{proxyOption=USE_SYSTEM, proxyServerType=HTTP, password=, proxyServerAddress=, proxyServerPort=0}"/>
         <property name="platform" value="Windows 10"/>
      </properties>
      <testcase name="Test Cases/Algemeen/LoginLocalhost" classname="Test Cases/Algemeen/LoginLocalhost" status="PASSED">
         <system-out><![CDATA[2018-11-15 16:53:00 - [TEST_CASE][PASSED] - Test Cases/Algemeen/LoginLocalhost: Test Cases/Algemeen/LoginLocalhost

2018-11-15 16:53:00 - [TEST_STEP][PASSED] - openBrowser: Browser is opened with url: ''

2018-11-15 16:53:04 - [MESSAGE][PASSED] - Browser is opened with url: ''

2018-11-15 16:53:04 - [TEST_STEP][PASSED] - navigateToUrl: Navigate to 'http://localhost/dev/Account/Account/Login.aspx' successfully

2018-11-15 16:53:05 - [MESSAGE][PASSED] - Navigate to 'http://localhost/dev/Account/Account/Login.aspx' successfully

2018-11-15 16:53:05 - [TEST_STEP][PASSED] - setText: Text 'ekroes' is set on object 'Object Repository/LoginPagina/input-Username'

2018-11-15 16:53:05 - [MESSAGE][PASSED] - Text 'ekroes' is set on object 'Object Repository/LoginPagina/input-Username'

2018-11-15 16:53:05 - [TEST_STEP][PASSED] - setText: Text 'Varkenskut_hoera123' is set on object 'Object Repository/LoginPagina/input-Password'

2018-11-15 16:53:05 - [MESSAGE][PASSED] - Text 'Varkenskut_hoera123' is set on object 'Object Repository/LoginPagina/input-Password'

2018-11-15 16:53:05 - [TEST_STEP][PASSED] - click: Object: 'Object Repository/LoginPagina/input_LoginButton' is clicked on

2018-11-15 16:53:05 - [MESSAGE][PASSED] - Object: 'Object Repository/LoginPagina/input_LoginButton' is clicked on

2018-11-15 16:53:05 - [TEST_STEP][PASSED] - waitForElementPresent: Object 'Object Repository/Home/HomeAppTileContainer' is present

2018-11-15 16:53:06 - [MESSAGE][PASSED] - Object 'Object Repository/Home/HomeAppTileContainer' is present

2018-11-15 16:53:06 - [TEST_STEP][PASSED] - Statement - assert true: null]]></system-out>
         <system-err><![CDATA[]]></system-err>
      </testcase>
      <testcase name="Test Cases/ASMV3/HomeIndex" classname="Test Cases/ASMV3/HomeIndex" status="PASSED">
         <system-out><![CDATA[2018-11-15 16:53:06 - [TEST_CASE][PASSED] - Test Cases/ASMV3/HomeIndex: Test Cases/ASMV3/HomeIndex

2018-11-15 16:53:06 - [TEST_STEP][PASSED] - click: Object: 'Object Repository/ASMV3/Home/AsmAppTile' is clicked on

2018-11-15 16:53:06 - [MESSAGE][PASSED] - Object: 'Object Repository/ASMV3/Home/AsmAppTile' is clicked on

2018-11-15 16:53:06 - [TEST_STEP][PASSED] - takeScreenshot: Taking screenshot successfully

2018-11-15 16:53:07 - [MESSAGE][PASSED] - Taking screenshot successfully
[[ATTACHMENT|C:\\Users\\ekroes\\git\\AppsTests\\Reports\\ASMV3 Test Suite - Gereedmelden\\20181115_165258\\1542297186582.png]]

2018-11-15 16:53:07 - [TEST_STEP][PASSED] - waitForElementPresent: Object 'Object Repository/ASMV3/Home/HomeIndex' is present

2018-11-15 16:53:07 - [MESSAGE][PASSED] - Object 'Object Repository/ASMV3/Home/HomeIndex' is present

2018-11-15 16:53:07 - [TEST_STEP][PASSED] - Statement - assert true: null

2018-11-15 16:53:07 - [TEST_STEP][PASSED] - delay: Delayed 5 second(s)

2018-11-15 16:53:12 - [MESSAGE][PASSED] - Delayed 5 second(s)]]></system-out>
         <system-err><![CDATA[]]></system-err>
      </testcase>
      <testcase name="Test Cases/ASMV3/CreateNewRegistratie" classname="Test Cases/ASMV3/CreateNewRegistratie" status="PASSED">
         <system-out><![CDATA[2018-11-15 16:53:12 - [TEST_CASE][PASSED] - Test Cases/ASMV3/CreateNewRegistratie: Test Cases/ASMV3/CreateNewRegistratie

2018-11-15 16:53:12 - [TEST_STEP][PASSED] - click: Object: 'Object Repository/ASMV3/Registratie/OpenGlobalMenuNav' is clicked on

2018-11-15 16:53:12 - [MESSAGE][PASSED] - Object: 'Object Repository/ASMV3/Registratie/OpenGlobalMenuNav' is clicked on

2018-11-15 16:53:12 - [TEST_STEP][PASSED] - waitForElementPresent: Object 'Object Repository/ASMV3/Registratie/GlobalMenuNavButtonCollapsed' is present

2018-11-15 16:53:12 - [MESSAGE][PASSED] - Object 'Object Repository/ASMV3/Registratie/GlobalMenuNavButtonCollapsed' is present

2018-11-15 16:53:12 - [TEST_STEP][PASSED] - click: Object: 'Object Repository/ASMV3/Registratie/ClickNewRegistration' is clicked on

2018-11-15 16:53:12 - [MESSAGE][PASSED] - Object: 'Object Repository/ASMV3/Registratie/ClickNewRegistration' is clicked on

2018-11-15 16:53:12 - [TEST_STEP][PASSED] - click: Object: 'Object Repository/ASMV3/Registratie/Input Objects/button_DossierSearch' is clicked on

2018-11-15 16:53:13 - [MESSAGE][PASSED] - Object: 'Object Repository/ASMV3/Registratie/Input Objects/button_DossierSearch' is clicked on

2018-11-15 16:53:13 - [TEST_STEP][PASSED] - delay: Delayed 1 second(s)

2018-11-15 16:53:14 - [MESSAGE][PASSED] - Delayed 1 second(s)

2018-11-15 16:53:14 - [TEST_STEP][PASSED] - setText: Text 'Hanze Academie' is set on object 'Object Repository/ASMV3/Registratie/Input Objects/input_DossierSearchDialog'

2018-11-15 16:53:14 - [MESSAGE][PASSED] - Text 'Hanze Academie' is set on object 'Object Repository/ASMV3/Registratie/Input Objects/input_DossierSearchDialog'

2018-11-15 16:53:14 - [TEST_STEP][PASSED] - delay: Delayed 1 second(s)

2018-11-15 16:53:15 - [MESSAGE][PASSED] - Delayed 1 second(s)

2018-11-15 16:53:15 - [TEST_STEP][PASSED] - click: Object: 'Object Repository/ASMV3/Registratie/Input Objects/button_DossierSearchDialog_Search' is clicked on

2018-11-15 16:53:15 - [MESSAGE][PASSED] - Object: 'Object Repository/ASMV3/Registratie/Input Objects/button_DossierSearchDialog_Search' is clicked on

2018-11-15 16:53:15 - [TEST_STEP][PASSED] - delay: Delayed 1 second(s)

2018-11-15 16:53:16 - [MESSAGE][PASSED] - Delayed 1 second(s)

2018-11-15 16:53:16 - [TEST_STEP][PASSED] - click: Object: 'Object Repository/ASMV3/Registratie/Input Objects/select_DossierSearchItem' is clicked on

2018-11-15 16:53:16 - [MESSAGE][PASSED] - Object: 'Object Repository/ASMV3/Registratie/Input Objects/select_DossierSearchItem' is clicked on

2018-11-15 16:53:16 - [TEST_STEP][PASSED] - delay: Delayed 1 second(s)

2018-11-15 16:53:17 - [MESSAGE][PASSED] - Delayed 1 second(s)

2018-11-15 16:53:17 - [TEST_STEP][PASSED] - setText: Text '60 Verwarming' is set on object 'Object Repository/ASMV3/Registratie/Input Objects/input_InstallatieSearchDialog'

2018-11-15 16:53:18 - [MESSAGE][PASSED] - Text '60 Verwarming' is set on object 'Object Repository/ASMV3/Registratie/Input Objects/input_InstallatieSearchDialog'

2018-11-15 16:53:18 - [TEST_STEP][PASSED] - delay: Delayed 1 second(s)

2018-11-15 16:53:19 - [MESSAGE][PASSED] - Delayed 1 second(s)

2018-11-15 16:53:19 - [TEST_STEP][PASSED] - click: Object: 'Object Repository/ASMV3/Registratie/Input Objects/button_InstallatieSearchDialog_Search' is clicked on

2018-11-15 16:53:19 - [MESSAGE][PASSED] - Object: 'Object Repository/ASMV3/Registratie/Input Objects/button_InstallatieSearchDialog_Search' is clicked on

2018-11-15 16:53:19 - [TEST_STEP][PASSED] - delay: Delayed 1 second(s)

2018-11-15 16:53:20 - [MESSAGE][PASSED] - Delayed 1 second(s)

2018-11-15 16:53:20 - [TEST_STEP][PASSED] - click: Object: 'Object Repository/ASMV3/Registratie/Input Objects/select_InstallatieSearchItem' is clicked on

2018-11-15 16:53:20 - [MESSAGE][PASSED] - Object: 'Object Repository/ASMV3/Registratie/Input Objects/select_InstallatieSearchItem' is clicked on

2018-11-15 16:53:20 - [TEST_STEP][PASSED] - delay: Delayed 1 second(s)

2018-11-15 16:53:21 - [MESSAGE][PASSED] - Delayed 1 second(s)

2018-11-15 16:53:21 - [TEST_STEP][PASSED] - focus: Object: 'Object Repository/ASMV3/Registratie/Input Objects/input_BezoekSoort' is focused

2018-11-15 16:53:21 - [MESSAGE][PASSED] - Object: 'Object Repository/ASMV3/Registratie/Input Objects/input_BezoekSoort' is focused

2018-11-15 16:53:21 - [TEST_STEP][PASSED] - delay: Delayed 1 second(s)

2018-11-15 16:53:22 - [MESSAGE][PASSED] - Delayed 1 second(s)

2018-11-15 16:53:22 - [TEST_STEP][PASSED] - selectOptionByIndex: All options with index in [14] are selected on object 'Object Repository/ASMV3/Registratie/Input Objects/input_BezoekSoort'

2018-11-15 16:53:22 - [MESSAGE][PASSED] - All options with index in [14] are selected on object 'Object Repository/ASMV3/Registratie/Input Objects/input_BezoekSoort'

2018-11-15 16:53:22 - [TEST_STEP][PASSED] - delay: Delayed 1 second(s)

2018-11-15 16:53:23 - [MESSAGE][PASSED] - Delayed 1 second(s)

2018-11-15 16:53:23 - [TEST_STEP][PASSED] - setText: Text 'Katalon service monteur' is set on object 'Object Repository/ASMV3/Registratie/Input Objects/input_Melder'

2018-11-15 16:53:23 - [MESSAGE][PASSED] - Text 'Katalon service monteur' is set on object 'Object Repository/ASMV3/Registratie/Input Objects/input_Melder'

2018-11-15 16:53:23 - [TEST_STEP][PASSED] - delay: Delayed 1 second(s)

2018-11-15 16:53:24 - [MESSAGE][PASSED] - Delayed 1 second(s)

2018-11-15 16:53:24 - [TEST_STEP][PASSED] - setText: Text 'Katalon test Service' is set on object 'Object Repository/ASMV3/Registratie/Input Objects/input_Bedrijf'

2018-11-15 16:53:25 - [MESSAGE][PASSED] - Text 'Katalon test Service' is set on object 'Object Repository/ASMV3/Registratie/Input Objects/input_Bedrijf'

2018-11-15 16:53:25 - [TEST_STEP][PASSED] - delay: Delayed 1 second(s)

2018-11-15 16:53:26 - [MESSAGE][PASSED] - Delayed 1 second(s)

2018-11-15 16:53:26 - [TEST_STEP][PASSED] - setText: Text 'Katalon-testservice-2018' is set on object 'Object Repository/ASMV3/Registratie/Input Objects/input_Referentie'

2018-11-15 16:53:26 - [MESSAGE][PASSED] - Text 'Katalon-testservice-2018' is set on object 'Object Repository/ASMV3/Registratie/Input Objects/input_Referentie'

2018-11-15 16:53:26 - [TEST_STEP][PASSED] - setText: Text 'Periodieke controle. Brander hapert af en toe.' is set on object 'Object Repository/ASMV3/Registratie/Input Objects/input_MeldingsTekst'

2018-11-15 16:53:26 - [MESSAGE][PASSED] - Text 'Periodieke controle. Brander hapert af en toe.' is set on object 'Object Repository/ASMV3/Registratie/Input Objects/input_MeldingsTekst'

2018-11-15 16:53:26 - [TEST_STEP][PASSED] - delay: Delayed 1 second(s)

2018-11-15 16:53:27 - [MESSAGE][PASSED] - Delayed 1 second(s)

2018-11-15 16:53:27 - [TEST_STEP][PASSED] - click: Object: 'Object Repository/ASMV3/Registratie/Input Objects/button_Versturen' is clicked on

2018-11-15 16:53:27 - [MESSAGE][PASSED] - Object: 'Object Repository/ASMV3/Registratie/Input Objects/button_Versturen' is clicked on

2018-11-15 16:53:27 - [TEST_STEP][PASSED] - delay: Delayed 5 second(s)

2018-11-15 16:53:32 - [MESSAGE][PASSED] - Delayed 5 second(s)]]></system-out>
         <system-err><![CDATA[]]></system-err>
      </testcase>
      <testcase name="Test Cases/ASMV3/WerkorderOppakken-GereedMelden" classname="Test Cases/ASMV3/WerkorderOppakken-GereedMelden" status="PASSED">
         <system-out><![CDATA[2018-11-15 16:53:32 - [TEST_CASE][PASSED] - Test Cases/ASMV3/WerkorderOppakken-GereedMelden: Test Cases/ASMV3/WerkorderOppakken-GereedMelden

2018-11-15 16:53:33 - [TEST_STEP][PASSED] - click: Object: 'Object Repository/ASMV3/Order/OpenWerkorder' is clicked on

2018-11-15 16:53:33 - [MESSAGE][PASSED] - Object: 'Object Repository/ASMV3/Order/OpenWerkorder' is clicked on

2018-11-15 16:53:33 - [TEST_STEP][PASSED] - delay: Delayed 3 second(s)

2018-11-15 16:53:36 - [MESSAGE][PASSED] - Delayed 3 second(s)

2018-11-15 16:53:36 - [TEST_STEP][PASSED] - click: Object: 'Object Repository/ASMV3/Order/StartWerkorder' is clicked on

2018-11-15 16:53:36 - [MESSAGE][PASSED] - Object: 'Object Repository/ASMV3/Order/StartWerkorder' is clicked on

2018-11-15 16:53:36 - [TEST_STEP][PASSED] - delay: Delayed 3 second(s)

2018-11-15 16:53:39 - [MESSAGE][PASSED] - Delayed 3 second(s)

2018-11-15 16:53:39 - [TEST_STEP][PASSED] - click: Object: 'Object Repository/ASMV3/Order/WizardSteps/wizardStep_Material' is clicked on

2018-11-15 16:53:39 - [MESSAGE][PASSED] - Object: 'Object Repository/ASMV3/Order/WizardSteps/wizardStep_Material' is clicked on

2018-11-15 16:53:39 - [TEST_STEP][PASSED] - delay: Delayed 3 second(s)

2018-11-15 16:53:42 - [MESSAGE][PASSED] - Delayed 3 second(s)

2018-11-15 16:53:42 - [TEST_STEP][PASSED] - click: Object: 'Object Repository/ASMV3/Order/Material/Input Objects/button_Busvoorraad' is clicked on

2018-11-15 16:53:42 - [MESSAGE][PASSED] - Object: 'Object Repository/ASMV3/Order/Material/Input Objects/button_Busvoorraad' is clicked on

2018-11-15 16:53:42 - [TEST_STEP][PASSED] - delay: Delayed 3 second(s)

2018-11-15 16:53:45 - [MESSAGE][PASSED] - Delayed 3 second(s)

2018-11-15 16:53:45 - [TEST_STEP][PASSED] - click: Object: 'Object Repository/ASMV3/Order/Material/Input Objects/button_DialogBusvoorraadSluiten' is clicked on

2018-11-15 16:53:45 - [MESSAGE][PASSED] - Object: 'Object Repository/ASMV3/Order/Material/Input Objects/button_DialogBusvoorraadSluiten' is clicked on

2018-11-15 16:53:45 - [TEST_STEP][PASSED] - delay: Delayed 3 second(s)

2018-11-15 16:53:48 - [MESSAGE][PASSED] - Delayed 3 second(s)

2018-11-15 16:53:48 - [TEST_STEP][PASSED] - click: Object: 'Object Repository/ASMV3/Order/Material/Input Objects/button_Besteld' is clicked on

2018-11-15 16:53:48 - [MESSAGE][PASSED] - Object: 'Object Repository/ASMV3/Order/Material/Input Objects/button_Besteld' is clicked on

2018-11-15 16:53:48 - [TEST_STEP][PASSED] - delay: Delayed 3 second(s)

2018-11-15 16:53:51 - [MESSAGE][PASSED] - Delayed 3 second(s)

2018-11-15 16:53:51 - [TEST_STEP][PASSED] - click: Object: 'Object Repository/ASMV3/Order/Material/Input Objects/button_DialogBesteldSluiten' is clicked on

2018-11-15 16:53:52 - [MESSAGE][PASSED] - Object: 'Object Repository/ASMV3/Order/Material/Input Objects/button_DialogBesteldSluiten' is clicked on

2018-11-15 16:53:52 - [TEST_STEP][PASSED] - delay: Delayed 3 second(s)

2018-11-15 16:53:55 - [MESSAGE][PASSED] - Delayed 3 second(s)

2018-11-15 16:53:55 - [TEST_STEP][PASSED] - click: Object: 'Object Repository/ASMV3/Order/Material/Input Objects/button_ProjectMateriaal' is clicked on

2018-11-15 16:53:55 - [MESSAGE][PASSED] - Object: 'Object Repository/ASMV3/Order/Material/Input Objects/button_ProjectMateriaal' is clicked on

2018-11-15 16:53:55 - [TEST_STEP][PASSED] - delay: Delayed 3 second(s)

2018-11-15 16:53:58 - [MESSAGE][PASSED] - Delayed 3 second(s)

2018-11-15 16:53:58 - [TEST_STEP][PASSED] - setText: Text '6000 meter verlengsnoer E-Bike goed voor 4 km fietsen' is set on object 'Object Repository/ASMV3/Order/Material/Input Objects/input_ProjectMateriaalRegel'

2018-11-15 16:53:58 - [MESSAGE][PASSED] - Text '6000 meter verlengsnoer E-Bike goed voor 4 km fietsen' is set on object 'Object Repository/ASMV3/Order/Material/Input Objects/input_ProjectMateriaalRegel'

2018-11-15 16:53:58 - [TEST_STEP][PASSED] - delay: Delayed 3 second(s)

2018-11-15 16:54:01 - [MESSAGE][PASSED] - Delayed 3 second(s)

2018-11-15 16:54:01 - [TEST_STEP][PASSED] - click: Object: 'Object Repository/ASMV3/Order/Material/Input Objects/button_ProjectMateriaalAnnuleren' is clicked on

2018-11-15 16:54:01 - [MESSAGE][PASSED] - Object: 'Object Repository/ASMV3/Order/Material/Input Objects/button_ProjectMateriaalAnnuleren' is clicked on

2018-11-15 16:54:01 - [TEST_STEP][PASSED] - delay: Delayed 3 second(s)

2018-11-15 16:54:04 - [MESSAGE][PASSED] - Delayed 3 second(s)

2018-11-15 16:54:04 - [TEST_STEP][PASSED] - click: Object: 'Object Repository/ASMV3/Order/Material/Input Objects/button_ProjectMateriaal' is clicked on

2018-11-15 16:54:04 - [MESSAGE][PASSED] - Object: 'Object Repository/ASMV3/Order/Material/Input Objects/button_ProjectMateriaal' is clicked on

2018-11-15 16:54:04 - [TEST_STEP][PASSED] - delay: Delayed 3 second(s)

2018-11-15 16:54:07 - [MESSAGE][PASSED] - Delayed 3 second(s)

2018-11-15 16:54:07 - [TEST_STEP][PASSED] - setText: Text '6000 meter verlengsnoer E-Bike goed voor 4 km fietsen' is set on object 'Object Repository/ASMV3/Order/Material/Input Objects/input_ProjectMateriaalRegel'

2018-11-15 16:54:08 - [MESSAGE][PASSED] - Text '6000 meter verlengsnoer E-Bike goed voor 4 km fietsen' is set on object 'Object Repository/ASMV3/Order/Material/Input Objects/input_ProjectMateriaalRegel'

2018-11-15 16:54:08 - [TEST_STEP][PASSED] - delay: Delayed 3 second(s)

2018-11-15 16:54:11 - [MESSAGE][PASSED] - Delayed 3 second(s)

2018-11-15 16:54:11 - [TEST_STEP][PASSED] - click: Object: 'Object Repository/ASMV3/Order/Material/Input Objects/addProjectMateriaalPlus' is clicked on

2018-11-15 16:54:11 - [MESSAGE][PASSED] - Object: 'Object Repository/ASMV3/Order/Material/Input Objects/addProjectMateriaalPlus' is clicked on

2018-11-15 16:54:11 - [TEST_STEP][PASSED] - delay: Delayed 3 second(s)

2018-11-15 16:54:14 - [MESSAGE][PASSED] - Delayed 3 second(s)

2018-11-15 16:54:14 - [TEST_STEP][PASSED] - click: Object: 'Object Repository/ASMV3/Order/Material/Input Objects/addProjectMateriaalPlus' is clicked on

2018-11-15 16:54:14 - [MESSAGE][PASSED] - Object: 'Object Repository/ASMV3/Order/Material/Input Objects/addProjectMateriaalPlus' is clicked on

2018-11-15 16:54:14 - [TEST_STEP][PASSED] - delay: Delayed 3 second(s)

2018-11-15 16:54:17 - [MESSAGE][PASSED] - Delayed 3 second(s)

2018-11-15 16:54:17 - [TEST_STEP][PASSED] - click: Object: 'Object Repository/ASMV3/Order/Material/Input Objects/addProjectMateriaalMin' is clicked on

2018-11-15 16:54:17 - [MESSAGE][PASSED] - Object: 'Object Repository/ASMV3/Order/Material/Input Objects/addProjectMateriaalMin' is clicked on

2018-11-15 16:54:17 - [TEST_STEP][PASSED] - delay: Delayed 3 second(s)

2018-11-15 16:54:20 - [MESSAGE][PASSED] - Delayed 3 second(s)

2018-11-15 16:54:20 - [TEST_STEP][PASSED] - click: Object: 'Object Repository/ASMV3/Order/Material/Input Objects/button_ProjectMateriaalOpslaan' is clicked on

2018-11-15 16:54:20 - [MESSAGE][PASSED] - Object: 'Object Repository/ASMV3/Order/Material/Input Objects/button_ProjectMateriaalOpslaan' is clicked on

2018-11-15 16:54:20 - [TEST_STEP][PASSED] - delay: Delayed 3 second(s)

2018-11-15 16:54:23 - [MESSAGE][PASSED] - Delayed 3 second(s)

2018-11-15 16:54:23 - [TEST_STEP][PASSED] - click: Object: 'Object Repository/ASMV3/Order/WizardSteps/wizardStep_Time' is clicked on

2018-11-15 16:54:23 - [MESSAGE][PASSED] - Object: 'Object Repository/ASMV3/Order/WizardSteps/wizardStep_Time' is clicked on

2018-11-15 16:54:23 - [TEST_STEP][PASSED] - delay: Delayed 3 second(s)

2018-11-15 16:54:26 - [MESSAGE][PASSED] - Delayed 3 second(s)

2018-11-15 16:54:26 - [TEST_STEP][PASSED] - setText: Text '4:25' is set on object 'Object Repository/ASMV3/Order/Time/Input Objects/input_CommercialHours'

2018-11-15 16:54:27 - [MESSAGE][PASSED] - Text '4:25' is set on object 'Object Repository/ASMV3/Order/Time/Input Objects/input_CommercialHours'

2018-11-15 16:54:27 - [TEST_STEP][PASSED] - delay: Delayed 3 second(s)

2018-11-15 16:54:30 - [MESSAGE][PASSED] - Delayed 3 second(s)

2018-11-15 16:54:30 - [TEST_STEP][PASSED] - waitForElementClickable: Object 'Object Repository/ASMV3/Order/Time/Input Objects/button_AddCommercialHours' is clickable

2018-11-15 16:54:30 - [MESSAGE][PASSED] - Object 'Object Repository/ASMV3/Order/Time/Input Objects/button_AddCommercialHours' is clickable

2018-11-15 16:54:30 - [TEST_STEP][PASSED] - click: Object: 'Object Repository/ASMV3/Order/Time/Input Objects/button_AddCommercialHours' is clicked on

2018-11-15 16:54:30 - [MESSAGE][PASSED] - Object: 'Object Repository/ASMV3/Order/Time/Input Objects/button_AddCommercialHours' is clicked on

2018-11-15 16:54:30 - [TEST_STEP][PASSED] - delay: Delayed 3 second(s)

2018-11-15 16:54:33 - [MESSAGE][PASSED] - Delayed 3 second(s)

2018-11-15 16:54:33 - [TEST_STEP][PASSED] - setText: Text '1:45' is set on object 'Object Repository/ASMV3/Order/Time/Input Objects/input_TravelHours'

2018-11-15 16:54:33 - [MESSAGE][PASSED] - Text '1:45' is set on object 'Object Repository/ASMV3/Order/Time/Input Objects/input_TravelHours'

2018-11-15 16:54:33 - [TEST_STEP][PASSED] - delay: Delayed 3 second(s)

2018-11-15 16:54:36 - [MESSAGE][PASSED] - Delayed 3 second(s)

2018-11-15 16:54:36 - [TEST_STEP][PASSED] - selectOptionByIndex: All options with index in [1] are selected on object 'Object Repository/ASMV3/Order/Time/Input Objects/input_TravelInOut'

2018-11-15 16:54:36 - [MESSAGE][PASSED] - All options with index in [1] are selected on object 'Object Repository/ASMV3/Order/Time/Input Objects/input_TravelInOut'

2018-11-15 16:54:36 - [TEST_STEP][PASSED] - delay: Delayed 3 second(s)

2018-11-15 16:54:39 - [MESSAGE][PASSED] - Delayed 3 second(s)

2018-11-15 16:54:39 - [TEST_STEP][PASSED] - waitForElementClickable: Object 'Object Repository/ASMV3/Order/Time/Input Objects/button_AddTravelHours' is clickable

2018-11-15 16:54:39 - [MESSAGE][PASSED] - Object 'Object Repository/ASMV3/Order/Time/Input Objects/button_AddTravelHours' is clickable

2018-11-15 16:54:39 - [TEST_STEP][PASSED] - click: Object: 'Object Repository/ASMV3/Order/Time/Input Objects/button_AddTravelHours' is clicked on

2018-11-15 16:54:39 - [MESSAGE][PASSED] - Object: 'Object Repository/ASMV3/Order/Time/Input Objects/button_AddTravelHours' is clicked on

2018-11-15 16:54:39 - [TEST_STEP][PASSED] - delay: Delayed 3 second(s)

2018-11-15 16:54:42 - [MESSAGE][PASSED] - Delayed 3 second(s)

2018-11-15 16:54:42 - [TEST_STEP][PASSED] - click: Object: 'Object Repository/ASMV3/Order/WizardSteps/wizardStep_Resume' is clicked on

2018-11-15 16:54:42 - [MESSAGE][PASSED] - Object: 'Object Repository/ASMV3/Order/WizardSteps/wizardStep_Resume' is clicked on

2018-11-15 16:54:42 - [TEST_STEP][PASSED] - delay: Delayed 10 second(s)

2018-11-15 16:54:52 - [MESSAGE][PASSED] - Delayed 10 second(s)

2018-11-15 16:54:52 - [TEST_STEP][PASSED] - click: Object: 'Object Repository/ASMV3/Order/Resume/Input Objects/button_NietAfgewerktMelden' is clicked on

2018-11-15 16:54:53 - [MESSAGE][PASSED] - Object: 'Object Repository/ASMV3/Order/Resume/Input Objects/button_NietAfgewerktMelden' is clicked on

2018-11-15 16:54:53 - [TEST_STEP][PASSED] - delay: Delayed 3 second(s)

2018-11-15 16:54:56 - [MESSAGE][PASSED] - Delayed 3 second(s)

2018-11-15 16:54:56 - [TEST_STEP][PASSED] - selectOptionByIndex: All options with index in [4] are selected on object 'Object Repository/ASMV3/Order/Resume/Input Objects/select_RedenNietAfgemeld'

2018-11-15 16:54:56 - [MESSAGE][PASSED] - All options with index in [4] are selected on object 'Object Repository/ASMV3/Order/Resume/Input Objects/select_RedenNietAfgemeld'

2018-11-15 16:54:56 - [TEST_STEP][PASSED] - delay: Delayed 3 second(s)

2018-11-15 16:54:59 - [MESSAGE][PASSED] - Delayed 3 second(s)

2018-11-15 16:54:59 - [TEST_STEP][PASSED] - click: Object: 'Object Repository/ASMV3/Order/Resume/Input Objects/button_NietAfgewerktMeldenOpslaan' is clicked on

2018-11-15 16:54:59 - [MESSAGE][PASSED] - Object: 'Object Repository/ASMV3/Order/Resume/Input Objects/button_NietAfgewerktMeldenOpslaan' is clicked on

2018-11-15 16:54:59 - [TEST_STEP][PASSED] - delay: Delayed 3 second(s)

2018-11-15 16:55:02 - [MESSAGE][PASSED] - Delayed 3 second(s)]]></system-out>
         <system-err><![CDATA[]]></system-err>
      </testcase>
      <system-out><![CDATA[2018-11-15 16:53:00 - [TEST_SUITE][PASSED] - ASMV3 Test Suite - Gereedmelden: Test Cases/ASMV3/WerkorderOppakken-GereedMelden]]></system-out>
      <system-err><![CDATA[]]></system-err>
   </testsuite>
</testsuites>
