<?xml version="1.0" encoding="UTF-8"?>
<testsuites name="ASMV3 Test Suite" time="57" tests="3" failures="0" errors="0">
   <testsuite name="ASMV3 Test Suite" tests="3" failures="0" errors="0" time="57" timestamp="2018-11-14 11:23:18" hostname="ekroes - ltekroes.acto.nl" id="Test Suites/ASMV3 Test Suite">
      <properties>
         <property name="deviceName" value=""/>
         <property name="devicePlatform" value=""/>
         <property name="logFolder" value="C:\\Users\\ekroes\\git\\AppsTests\\Reports\\ASMV3 Test Suite\\20181114_112317"/>
         <property name="logFiles" value="C:\\Users\\ekroes\\git\\AppsTests\\Reports\\ASMV3 Test Suite\\20181114_112317\\execution0.log"/>
         <property name="attachments" value="C:\\Users\\ekroes\\git\\AppsTests\\Reports\\ASMV3 Test Suite\\20181114_112317\\1542191004340.png"/>
         <property name="hostName" value="ekroes - ltekroes.acto.nl"/>
         <property name="os" value="Windows 10 64bit"/>
         <property name="katalonVersion" value="5.8.0.1"/>
         <property name="browser" value="Chrome 70.0.3538.102"/>
         <property name="hostAddress" value="10.146.8.12"/>
         <property name="sessionId" value="7aa48a8abd3883ffa73ba31aa2e11252"/>
         <property name="seleniumVersion" value="3.7.1"/>
         <property name="proxyInformation" value="ProxyInformation{proxyOption=USE_SYSTEM, proxyServerType=HTTP, password=, proxyServerAddress=, proxyServerPort=0}"/>
         <property name="platform" value="Windows 10"/>
      </properties>
      <testcase name="Test Cases/Algemeen/LoginLocalhost" classname="Test Cases/Algemeen/LoginLocalhost" status="PASSED">
         <system-out><![CDATA[2018-11-14 11:23:19 - [TEST_CASE][PASSED] - Test Cases/Algemeen/LoginLocalhost: Test Cases/Algemeen/LoginLocalhost

2018-11-14 11:23:19 - [TEST_STEP][PASSED] - openBrowser: Browser is opened with url: ''

2018-11-14 11:23:22 - [MESSAGE][PASSED] - Browser is opened with url: ''

2018-11-14 11:23:22 - [TEST_STEP][PASSED] - navigateToUrl: Navigate to 'http://localhost/dev/Account/Account/Login.aspx' successfully

2018-11-14 11:23:22 - [MESSAGE][PASSED] - Navigate to 'http://localhost/dev/Account/Account/Login.aspx' successfully

2018-11-14 11:23:22 - [TEST_STEP][PASSED] - setText: Text 'ekroes' is set on object 'Object Repository/LoginPagina/input-Username'

2018-11-14 11:23:23 - [MESSAGE][PASSED] - Text 'ekroes' is set on object 'Object Repository/LoginPagina/input-Username'

2018-11-14 11:23:23 - [TEST_STEP][PASSED] - setText: Text 'Varkenskut_hoera123' is set on object 'Object Repository/LoginPagina/input-Password'

2018-11-14 11:23:23 - [MESSAGE][PASSED] - Text 'Varkenskut_hoera123' is set on object 'Object Repository/LoginPagina/input-Password'

2018-11-14 11:23:23 - [TEST_STEP][PASSED] - click: Object: 'Object Repository/LoginPagina/input_LoginButton' is clicked on

2018-11-14 11:23:23 - [MESSAGE][PASSED] - Object: 'Object Repository/LoginPagina/input_LoginButton' is clicked on

2018-11-14 11:23:23 - [TEST_STEP][PASSED] - waitForElementPresent: Object 'Object Repository/Home/HomeAppTileContainer' is present

2018-11-14 11:23:24 - [MESSAGE][PASSED] - Object 'Object Repository/Home/HomeAppTileContainer' is present

2018-11-14 11:23:24 - [TEST_STEP][PASSED] - Statement - assert true: null]]></system-out>
         <system-err><![CDATA[]]></system-err>
      </testcase>
      <testcase name="Test Cases/ASMV3/HomeIndex" classname="Test Cases/ASMV3/HomeIndex" status="PASSED">
         <system-out><![CDATA[2018-11-14 11:23:24 - [TEST_CASE][PASSED] - Test Cases/ASMV3/HomeIndex: Test Cases/ASMV3/HomeIndex

2018-11-14 11:23:24 - [TEST_STEP][PASSED] - click: Object: 'Object Repository/ASMV3/Home/AsmAppTile' is clicked on

2018-11-14 11:23:24 - [MESSAGE][PASSED] - Object: 'Object Repository/ASMV3/Home/AsmAppTile' is clicked on

2018-11-14 11:23:24 - [TEST_STEP][PASSED] - takeScreenshot: Taking screenshot successfully

2018-11-14 11:23:24 - [MESSAGE][PASSED] - Taking screenshot successfully
[[ATTACHMENT|C:\\Users\\ekroes\\git\\AppsTests\\Reports\\ASMV3 Test Suite\\20181114_112317\\1542191004340.png]]

2018-11-14 11:23:24 - [TEST_STEP][PASSED] - waitForElementPresent: Object 'Object Repository/ASMV3/Home/HomeIndex' is present

2018-11-14 11:23:24 - [MESSAGE][PASSED] - Object 'Object Repository/ASMV3/Home/HomeIndex' is present

2018-11-14 11:23:24 - [TEST_STEP][PASSED] - Statement - assert true: null]]></system-out>
         <system-err><![CDATA[]]></system-err>
      </testcase>
      <testcase name="Test Cases/ASMV3/CreateNewRegistratie" classname="Test Cases/ASMV3/CreateNewRegistratie" status="PASSED">
         <system-out><![CDATA[2018-11-14 11:23:24 - [TEST_CASE][PASSED] - Test Cases/ASMV3/CreateNewRegistratie: Test Cases/ASMV3/CreateNewRegistratie

2018-11-14 11:23:25 - [TEST_STEP][PASSED] - click: Object: 'Object Repository/ASMV3/Registratie/OpenGlobalMenuNav' is clicked on

2018-11-14 11:23:26 - [MESSAGE][PASSED] - Object: 'Object Repository/ASMV3/Registratie/OpenGlobalMenuNav' is clicked on

2018-11-14 11:23:26 - [TEST_STEP][PASSED] - waitForElementPresent: Object 'Object Repository/ASMV3/Registratie/GlobalMenuNavButtonCollapsed' is present

2018-11-14 11:23:26 - [MESSAGE][PASSED] - Object 'Object Repository/ASMV3/Registratie/GlobalMenuNavButtonCollapsed' is present

2018-11-14 11:23:26 - [TEST_STEP][PASSED] - click: Object: 'Object Repository/ASMV3/Registratie/ClickNewRegistration' is clicked on

2018-11-14 11:23:26 - [MESSAGE][PASSED] - Object: 'Object Repository/ASMV3/Registratie/ClickNewRegistration' is clicked on

2018-11-14 11:23:26 - [TEST_STEP][PASSED] - click: Object: 'Object Repository/ASMV3/Registratie/Input Objects/button_DossierSearch' is clicked on

2018-11-14 11:23:27 - [MESSAGE][PASSED] - Object: 'Object Repository/ASMV3/Registratie/Input Objects/button_DossierSearch' is clicked on

2018-11-14 11:23:27 - [TEST_STEP][PASSED] - delay: Delayed 3 second(s)

2018-11-14 11:23:30 - [MESSAGE][PASSED] - Delayed 3 second(s)

2018-11-14 11:23:30 - [TEST_STEP][PASSED] - setText: Text 'Hanze Academie' is set on object 'Object Repository/ASMV3/Registratie/Input Objects/input_DossierSearchDialog'

2018-11-14 11:23:30 - [MESSAGE][PASSED] - Text 'Hanze Academie' is set on object 'Object Repository/ASMV3/Registratie/Input Objects/input_DossierSearchDialog'

2018-11-14 11:23:30 - [TEST_STEP][PASSED] - delay: Delayed 3 second(s)

2018-11-14 11:23:33 - [MESSAGE][PASSED] - Delayed 3 second(s)

2018-11-14 11:23:33 - [TEST_STEP][PASSED] - click: Object: 'Object Repository/ASMV3/Registratie/Input Objects/button_DossierSearchDialog_Search' is clicked on

2018-11-14 11:23:33 - [MESSAGE][PASSED] - Object: 'Object Repository/ASMV3/Registratie/Input Objects/button_DossierSearchDialog_Search' is clicked on

2018-11-14 11:23:33 - [TEST_STEP][PASSED] - delay: Delayed 3 second(s)

2018-11-14 11:23:36 - [MESSAGE][PASSED] - Delayed 3 second(s)

2018-11-14 11:23:36 - [TEST_STEP][PASSED] - click: Object: 'Object Repository/ASMV3/Registratie/Input Objects/select_DossierSearchItem' is clicked on

2018-11-14 11:23:37 - [MESSAGE][PASSED] - Object: 'Object Repository/ASMV3/Registratie/Input Objects/select_DossierSearchItem' is clicked on

2018-11-14 11:23:37 - [TEST_STEP][PASSED] - delay: Delayed 3 second(s)

2018-11-14 11:23:40 - [MESSAGE][PASSED] - Delayed 3 second(s)

2018-11-14 11:23:40 - [TEST_STEP][PASSED] - setText: Text '60 Verwarming' is set on object 'Object Repository/ASMV3/Registratie/Input Objects/input_InstallatieSearchDialog'

2018-11-14 11:23:40 - [MESSAGE][PASSED] - Text '60 Verwarming' is set on object 'Object Repository/ASMV3/Registratie/Input Objects/input_InstallatieSearchDialog'

2018-11-14 11:23:40 - [TEST_STEP][PASSED] - delay: Delayed 3 second(s)

2018-11-14 11:23:43 - [MESSAGE][PASSED] - Delayed 3 second(s)

2018-11-14 11:23:43 - [TEST_STEP][PASSED] - click: Object: 'Object Repository/ASMV3/Registratie/Input Objects/button_InstallatieSearchDialog_Search' is clicked on

2018-11-14 11:23:43 - [MESSAGE][PASSED] - Object: 'Object Repository/ASMV3/Registratie/Input Objects/button_InstallatieSearchDialog_Search' is clicked on

2018-11-14 11:23:43 - [TEST_STEP][PASSED] - delay: Delayed 3 second(s)

2018-11-14 11:23:46 - [MESSAGE][PASSED] - Delayed 3 second(s)

2018-11-14 11:23:46 - [TEST_STEP][PASSED] - click: Object: 'Object Repository/ASMV3/Registratie/Input Objects/select_InstallatieSearchItem' is clicked on

2018-11-14 11:23:46 - [MESSAGE][PASSED] - Object: 'Object Repository/ASMV3/Registratie/Input Objects/select_InstallatieSearchItem' is clicked on

2018-11-14 11:23:46 - [TEST_STEP][PASSED] - delay: Delayed 3 second(s)

2018-11-14 11:23:49 - [MESSAGE][PASSED] - Delayed 3 second(s)

2018-11-14 11:23:49 - [TEST_STEP][PASSED] - focus: Object: 'Object Repository/ASMV3/Registratie/Input Objects/input_BezoekSoort' is focused

2018-11-14 11:23:49 - [MESSAGE][PASSED] - Object: 'Object Repository/ASMV3/Registratie/Input Objects/input_BezoekSoort' is focused

2018-11-14 11:23:49 - [TEST_STEP][PASSED] - delay: Delayed 3 second(s)

2018-11-14 11:23:52 - [MESSAGE][PASSED] - Delayed 3 second(s)

2018-11-14 11:23:52 - [TEST_STEP][PASSED] - selectOptionByIndex: All options with index in [14] are selected on object 'Object Repository/ASMV3/Registratie/Input Objects/input_BezoekSoort'

2018-11-14 11:23:53 - [MESSAGE][PASSED] - All options with index in [14] are selected on object 'Object Repository/ASMV3/Registratie/Input Objects/input_BezoekSoort'

2018-11-14 11:23:53 - [TEST_STEP][PASSED] - delay: Delayed 3 second(s)

2018-11-14 11:23:56 - [MESSAGE][PASSED] - Delayed 3 second(s)

2018-11-14 11:23:56 - [TEST_STEP][PASSED] - setText: Text 'Katalon service monteur' is set on object 'Object Repository/ASMV3/Registratie/Input Objects/input_Melder'

2018-11-14 11:23:56 - [MESSAGE][PASSED] - Text 'Katalon service monteur' is set on object 'Object Repository/ASMV3/Registratie/Input Objects/input_Melder'

2018-11-14 11:23:56 - [TEST_STEP][PASSED] - delay: Delayed 3 second(s)

2018-11-14 11:23:59 - [MESSAGE][PASSED] - Delayed 3 second(s)

2018-11-14 11:23:59 - [TEST_STEP][PASSED] - setText: Text 'Katalon test Service' is set on object 'Object Repository/ASMV3/Registratie/Input Objects/input_Bedrijf'

2018-11-14 11:23:59 - [MESSAGE][PASSED] - Text 'Katalon test Service' is set on object 'Object Repository/ASMV3/Registratie/Input Objects/input_Bedrijf'

2018-11-14 11:23:59 - [TEST_STEP][PASSED] - delay: Delayed 3 second(s)

2018-11-14 11:24:02 - [MESSAGE][PASSED] - Delayed 3 second(s)

2018-11-14 11:24:02 - [TEST_STEP][PASSED] - setText: Text 'Katalon-testservice-2018' is set on object 'Object Repository/ASMV3/Registratie/Input Objects/input_Referentie'

2018-11-14 11:24:02 - [MESSAGE][PASSED] - Text 'Katalon-testservice-2018' is set on object 'Object Repository/ASMV3/Registratie/Input Objects/input_Referentie'

2018-11-14 11:24:02 - [TEST_STEP][PASSED] - setText: Text 'Periodieke controle. Brander hapert af en toe.' is set on object 'Object Repository/ASMV3/Registratie/Input Objects/input_MeldingsTekst'

2018-11-14 11:24:03 - [MESSAGE][PASSED] - Text 'Periodieke controle. Brander hapert af en toe.' is set on object 'Object Repository/ASMV3/Registratie/Input Objects/input_MeldingsTekst'

2018-11-14 11:24:03 - [TEST_STEP][PASSED] - delay: Delayed 3 second(s)

2018-11-14 11:24:06 - [MESSAGE][PASSED] - Delayed 3 second(s)

2018-11-14 11:24:06 - [TEST_STEP][PASSED] - click: Object: 'Object Repository/ASMV3/Registratie/Input Objects/button_Versturen' is clicked on

2018-11-14 11:24:06 - [MESSAGE][PASSED] - Object: 'Object Repository/ASMV3/Registratie/Input Objects/button_Versturen' is clicked on

2018-11-14 11:24:06 - [TEST_STEP][PASSED] - delay: Delayed 10 second(s)

2018-11-14 11:24:16 - [MESSAGE][PASSED] - Delayed 10 second(s)]]></system-out>
         <system-err><![CDATA[]]></system-err>
      </testcase>
      <system-out><![CDATA[2018-11-14 11:23:18 - [TEST_SUITE][PASSED] - ASMV3 Test Suite: Test Cases/ASMV3/CreateNewRegistratie]]></system-out>
      <system-err><![CDATA[]]></system-err>
   </testsuite>
</testsuites>
