<?xml version="1.0" encoding="UTF-8"?>
<testsuites name="ASMV3 Test Suite" time="116" tests="4" failures="0" errors="0">
   <testsuite name="ASMV3 Test Suite" tests="4" failures="0" errors="0" time="116" timestamp="2018-11-14 17:31:57" hostname="ekroes - ltekroes.acto.nl" id="Test Suites/ASMV3 Test Suite">
      <properties>
         <property name="deviceName" value=""/>
         <property name="devicePlatform" value=""/>
         <property name="logFolder" value="C:\\Users\\ekroes\\git\\AppsTests\\Reports\\ASMV3 Test Suite\\20181114_173155"/>
         <property name="logFiles" value="C:\\Users\\ekroes\\git\\AppsTests\\Reports\\ASMV3 Test Suite\\20181114_173155\\execution0.log"/>
         <property name="attachments" value="C:\\Users\\ekroes\\git\\AppsTests\\Reports\\ASMV3 Test Suite\\20181114_173155\\1542213123025.png"/>
         <property name="hostName" value="ekroes - ltekroes.acto.nl"/>
         <property name="os" value="Windows 10 64bit"/>
         <property name="katalonVersion" value="5.8.0.1"/>
         <property name="browser" value="Chrome 70.0.3538.102"/>
         <property name="hostAddress" value="10.146.8.12"/>
         <property name="sessionId" value="c2a179d7c59392a6beb5082f730dc676"/>
         <property name="seleniumVersion" value="3.7.1"/>
         <property name="proxyInformation" value="ProxyInformation{proxyOption=USE_SYSTEM, proxyServerType=HTTP, password=, proxyServerAddress=, proxyServerPort=0}"/>
         <property name="platform" value="Windows 10"/>
      </properties>
      <testcase name="Test Cases/Algemeen/LoginLocalhost" classname="Test Cases/Algemeen/LoginLocalhost" status="PASSED">
         <system-out><![CDATA[2018-11-14 17:31:57 - [TEST_CASE][PASSED] - Test Cases/Algemeen/LoginLocalhost: Test Cases/Algemeen/LoginLocalhost

2018-11-14 17:31:57 - [TEST_STEP][PASSED] - openBrowser: Browser is opened with url: ''

2018-11-14 17:32:01 - [MESSAGE][PASSED] - Browser is opened with url: ''

2018-11-14 17:32:01 - [TEST_STEP][PASSED] - navigateToUrl: Navigate to 'http://localhost/dev/Account/Account/Login.aspx' successfully

2018-11-14 17:32:01 - [MESSAGE][PASSED] - Navigate to 'http://localhost/dev/Account/Account/Login.aspx' successfully

2018-11-14 17:32:01 - [TEST_STEP][PASSED] - setText: Text 'ekroes' is set on object 'Object Repository/LoginPagina/input-Username'

2018-11-14 17:32:01 - [MESSAGE][PASSED] - Text 'ekroes' is set on object 'Object Repository/LoginPagina/input-Username'

2018-11-14 17:32:01 - [TEST_STEP][PASSED] - setText: Text 'Varkenskut_hoera123' is set on object 'Object Repository/LoginPagina/input-Password'

2018-11-14 17:32:01 - [MESSAGE][PASSED] - Text 'Varkenskut_hoera123' is set on object 'Object Repository/LoginPagina/input-Password'

2018-11-14 17:32:01 - [TEST_STEP][PASSED] - click: Object: 'Object Repository/LoginPagina/input_LoginButton' is clicked on

2018-11-14 17:32:02 - [MESSAGE][PASSED] - Object: 'Object Repository/LoginPagina/input_LoginButton' is clicked on

2018-11-14 17:32:02 - [TEST_STEP][PASSED] - waitForElementPresent: Object 'Object Repository/Home/HomeAppTileContainer' is present

2018-11-14 17:32:02 - [MESSAGE][PASSED] - Object 'Object Repository/Home/HomeAppTileContainer' is present

2018-11-14 17:32:02 - [TEST_STEP][PASSED] - Statement - assert true: null]]></system-out>
         <system-err><![CDATA[]]></system-err>
      </testcase>
      <testcase name="Test Cases/ASMV3/HomeIndex" classname="Test Cases/ASMV3/HomeIndex" status="PASSED">
         <system-out><![CDATA[2018-11-14 17:32:02 - [TEST_CASE][PASSED] - Test Cases/ASMV3/HomeIndex: Test Cases/ASMV3/HomeIndex

2018-11-14 17:32:02 - [TEST_STEP][PASSED] - click: Object: 'Object Repository/ASMV3/Home/AsmAppTile' is clicked on

2018-11-14 17:32:03 - [MESSAGE][PASSED] - Object: 'Object Repository/ASMV3/Home/AsmAppTile' is clicked on

2018-11-14 17:32:03 - [TEST_STEP][PASSED] - takeScreenshot: Taking screenshot successfully

2018-11-14 17:32:03 - [MESSAGE][PASSED] - Taking screenshot successfully
[[ATTACHMENT|C:\\Users\\ekroes\\git\\AppsTests\\Reports\\ASMV3 Test Suite\\20181114_173155\\1542213123025.png]]

2018-11-14 17:32:03 - [TEST_STEP][PASSED] - waitForElementPresent: Object 'Object Repository/ASMV3/Home/HomeIndex' is present

2018-11-14 17:32:03 - [MESSAGE][PASSED] - Object 'Object Repository/ASMV3/Home/HomeIndex' is present

2018-11-14 17:32:03 - [TEST_STEP][PASSED] - Statement - assert true: null

2018-11-14 17:32:03 - [TEST_STEP][PASSED] - delay: Delayed 5 second(s)

2018-11-14 17:32:08 - [MESSAGE][PASSED] - Delayed 5 second(s)]]></system-out>
         <system-err><![CDATA[]]></system-err>
      </testcase>
      <testcase name="Test Cases/ASMV3/CreateNewRegistratie" classname="Test Cases/ASMV3/CreateNewRegistratie" status="PASSED">
         <system-out><![CDATA[2018-11-14 17:32:08 - [TEST_CASE][PASSED] - Test Cases/ASMV3/CreateNewRegistratie: Test Cases/ASMV3/CreateNewRegistratie

2018-11-14 17:32:08 - [TEST_STEP][PASSED] - click: Object: 'Object Repository/ASMV3/Registratie/OpenGlobalMenuNav' is clicked on

2018-11-14 17:32:08 - [MESSAGE][PASSED] - Object: 'Object Repository/ASMV3/Registratie/OpenGlobalMenuNav' is clicked on

2018-11-14 17:32:08 - [TEST_STEP][PASSED] - waitForElementPresent: Object 'Object Repository/ASMV3/Registratie/GlobalMenuNavButtonCollapsed' is present

2018-11-14 17:32:08 - [MESSAGE][PASSED] - Object 'Object Repository/ASMV3/Registratie/GlobalMenuNavButtonCollapsed' is present

2018-11-14 17:32:08 - [TEST_STEP][PASSED] - click: Object: 'Object Repository/ASMV3/Registratie/ClickNewRegistration' is clicked on

2018-11-14 17:32:09 - [MESSAGE][PASSED] - Object: 'Object Repository/ASMV3/Registratie/ClickNewRegistration' is clicked on

2018-11-14 17:32:09 - [TEST_STEP][PASSED] - click: Object: 'Object Repository/ASMV3/Registratie/Input Objects/button_DossierSearch' is clicked on

2018-11-14 17:32:09 - [MESSAGE][PASSED] - Object: 'Object Repository/ASMV3/Registratie/Input Objects/button_DossierSearch' is clicked on

2018-11-14 17:32:09 - [TEST_STEP][PASSED] - delay: Delayed 1 second(s)

2018-11-14 17:32:10 - [MESSAGE][PASSED] - Delayed 1 second(s)

2018-11-14 17:32:10 - [TEST_STEP][PASSED] - setText: Text 'Hanze Academie' is set on object 'Object Repository/ASMV3/Registratie/Input Objects/input_DossierSearchDialog'

2018-11-14 17:32:11 - [MESSAGE][PASSED] - Text 'Hanze Academie' is set on object 'Object Repository/ASMV3/Registratie/Input Objects/input_DossierSearchDialog'

2018-11-14 17:32:11 - [TEST_STEP][PASSED] - delay: Delayed 1 second(s)

2018-11-14 17:32:12 - [MESSAGE][PASSED] - Delayed 1 second(s)

2018-11-14 17:32:12 - [TEST_STEP][PASSED] - click: Object: 'Object Repository/ASMV3/Registratie/Input Objects/button_DossierSearchDialog_Search' is clicked on

2018-11-14 17:32:12 - [MESSAGE][PASSED] - Object: 'Object Repository/ASMV3/Registratie/Input Objects/button_DossierSearchDialog_Search' is clicked on

2018-11-14 17:32:12 - [TEST_STEP][PASSED] - delay: Delayed 1 second(s)

2018-11-14 17:32:13 - [MESSAGE][PASSED] - Delayed 1 second(s)

2018-11-14 17:32:13 - [TEST_STEP][PASSED] - click: Object: 'Object Repository/ASMV3/Registratie/Input Objects/select_DossierSearchItem' is clicked on

2018-11-14 17:32:13 - [MESSAGE][PASSED] - Object: 'Object Repository/ASMV3/Registratie/Input Objects/select_DossierSearchItem' is clicked on

2018-11-14 17:32:13 - [TEST_STEP][PASSED] - delay: Delayed 1 second(s)

2018-11-14 17:32:14 - [MESSAGE][PASSED] - Delayed 1 second(s)

2018-11-14 17:32:14 - [TEST_STEP][PASSED] - setText: Text '60 Verwarming' is set on object 'Object Repository/ASMV3/Registratie/Input Objects/input_InstallatieSearchDialog'

2018-11-14 17:32:14 - [MESSAGE][PASSED] - Text '60 Verwarming' is set on object 'Object Repository/ASMV3/Registratie/Input Objects/input_InstallatieSearchDialog'

2018-11-14 17:32:14 - [TEST_STEP][PASSED] - delay: Delayed 1 second(s)

2018-11-14 17:32:15 - [MESSAGE][PASSED] - Delayed 1 second(s)

2018-11-14 17:32:15 - [TEST_STEP][PASSED] - click: Object: 'Object Repository/ASMV3/Registratie/Input Objects/button_InstallatieSearchDialog_Search' is clicked on

2018-11-14 17:32:15 - [MESSAGE][PASSED] - Object: 'Object Repository/ASMV3/Registratie/Input Objects/button_InstallatieSearchDialog_Search' is clicked on

2018-11-14 17:32:15 - [TEST_STEP][PASSED] - delay: Delayed 1 second(s)

2018-11-14 17:32:16 - [MESSAGE][PASSED] - Delayed 1 second(s)

2018-11-14 17:32:16 - [TEST_STEP][PASSED] - click: Object: 'Object Repository/ASMV3/Registratie/Input Objects/select_InstallatieSearchItem' is clicked on

2018-11-14 17:32:16 - [MESSAGE][PASSED] - Object: 'Object Repository/ASMV3/Registratie/Input Objects/select_InstallatieSearchItem' is clicked on

2018-11-14 17:32:16 - [TEST_STEP][PASSED] - delay: Delayed 1 second(s)

2018-11-14 17:32:17 - [MESSAGE][PASSED] - Delayed 1 second(s)

2018-11-14 17:32:17 - [TEST_STEP][PASSED] - focus: Object: 'Object Repository/ASMV3/Registratie/Input Objects/input_BezoekSoort' is focused

2018-11-14 17:32:17 - [MESSAGE][PASSED] - Object: 'Object Repository/ASMV3/Registratie/Input Objects/input_BezoekSoort' is focused

2018-11-14 17:32:17 - [TEST_STEP][PASSED] - delay: Delayed 1 second(s)

2018-11-14 17:32:18 - [MESSAGE][PASSED] - Delayed 1 second(s)

2018-11-14 17:32:18 - [TEST_STEP][PASSED] - selectOptionByIndex: All options with index in [14] are selected on object 'Object Repository/ASMV3/Registratie/Input Objects/input_BezoekSoort'

2018-11-14 17:32:19 - [MESSAGE][PASSED] - All options with index in [14] are selected on object 'Object Repository/ASMV3/Registratie/Input Objects/input_BezoekSoort'

2018-11-14 17:32:19 - [TEST_STEP][PASSED] - delay: Delayed 1 second(s)

2018-11-14 17:32:20 - [MESSAGE][PASSED] - Delayed 1 second(s)

2018-11-14 17:32:20 - [TEST_STEP][PASSED] - setText: Text 'Katalon service monteur' is set on object 'Object Repository/ASMV3/Registratie/Input Objects/input_Melder'

2018-11-14 17:32:20 - [MESSAGE][PASSED] - Text 'Katalon service monteur' is set on object 'Object Repository/ASMV3/Registratie/Input Objects/input_Melder'

2018-11-14 17:32:20 - [TEST_STEP][PASSED] - delay: Delayed 1 second(s)

2018-11-14 17:32:21 - [MESSAGE][PASSED] - Delayed 1 second(s)

2018-11-14 17:32:21 - [TEST_STEP][PASSED] - setText: Text 'Katalon test Service' is set on object 'Object Repository/ASMV3/Registratie/Input Objects/input_Bedrijf'

2018-11-14 17:32:21 - [MESSAGE][PASSED] - Text 'Katalon test Service' is set on object 'Object Repository/ASMV3/Registratie/Input Objects/input_Bedrijf'

2018-11-14 17:32:21 - [TEST_STEP][PASSED] - delay: Delayed 1 second(s)

2018-11-14 17:32:22 - [MESSAGE][PASSED] - Delayed 1 second(s)

2018-11-14 17:32:22 - [TEST_STEP][PASSED] - setText: Text 'Katalon-testservice-2018' is set on object 'Object Repository/ASMV3/Registratie/Input Objects/input_Referentie'

2018-11-14 17:32:22 - [MESSAGE][PASSED] - Text 'Katalon-testservice-2018' is set on object 'Object Repository/ASMV3/Registratie/Input Objects/input_Referentie'

2018-11-14 17:32:22 - [TEST_STEP][PASSED] - setText: Text 'Periodieke controle. Brander hapert af en toe.' is set on object 'Object Repository/ASMV3/Registratie/Input Objects/input_MeldingsTekst'

2018-11-14 17:32:23 - [MESSAGE][PASSED] - Text 'Periodieke controle. Brander hapert af en toe.' is set on object 'Object Repository/ASMV3/Registratie/Input Objects/input_MeldingsTekst'

2018-11-14 17:32:23 - [TEST_STEP][PASSED] - delay: Delayed 1 second(s)

2018-11-14 17:32:24 - [MESSAGE][PASSED] - Delayed 1 second(s)

2018-11-14 17:32:24 - [TEST_STEP][PASSED] - click: Object: 'Object Repository/ASMV3/Registratie/Input Objects/button_Versturen' is clicked on

2018-11-14 17:32:24 - [MESSAGE][PASSED] - Object: 'Object Repository/ASMV3/Registratie/Input Objects/button_Versturen' is clicked on

2018-11-14 17:32:24 - [TEST_STEP][PASSED] - delay: Delayed 5 second(s)

2018-11-14 17:32:29 - [MESSAGE][PASSED] - Delayed 5 second(s)]]></system-out>
         <system-err><![CDATA[]]></system-err>
      </testcase>
      <testcase name="Test Cases/ASMV3/WerkorderOppakken" classname="Test Cases/ASMV3/WerkorderOppakken" status="PASSED">
         <system-out><![CDATA[2018-11-14 17:32:29 - [TEST_CASE][PASSED] - Test Cases/ASMV3/WerkorderOppakken: Test Cases/ASMV3/WerkorderOppakken

2018-11-14 17:32:29 - [TEST_STEP][PASSED] - click: Object: 'Object Repository/ASMV3/Order/OpenWerkorder' is clicked on

2018-11-14 17:32:33 - [MESSAGE][PASSED] - Object: 'Object Repository/ASMV3/Order/OpenWerkorder' is clicked on

2018-11-14 17:32:33 - [TEST_STEP][PASSED] - delay: Delayed 3 second(s)

2018-11-14 17:32:36 - [MESSAGE][PASSED] - Delayed 3 second(s)

2018-11-14 17:32:36 - [TEST_STEP][PASSED] - click: Object: 'Object Repository/ASMV3/Order/StartWerkorder' is clicked on

2018-11-14 17:32:36 - [MESSAGE][PASSED] - Object: 'Object Repository/ASMV3/Order/StartWerkorder' is clicked on

2018-11-14 17:32:36 - [TEST_STEP][PASSED] - delay: Delayed 3 second(s)

2018-11-14 17:32:39 - [MESSAGE][PASSED] - Delayed 3 second(s)

2018-11-14 17:32:39 - [TEST_STEP][PASSED] - click: Object: 'Object Repository/ASMV3/Order/WizardSteps/wizardStep_Material' is clicked on

2018-11-14 17:32:40 - [MESSAGE][PASSED] - Object: 'Object Repository/ASMV3/Order/WizardSteps/wizardStep_Material' is clicked on

2018-11-14 17:32:40 - [TEST_STEP][PASSED] - delay: Delayed 3 second(s)

2018-11-14 17:32:43 - [MESSAGE][PASSED] - Delayed 3 second(s)

2018-11-14 17:32:43 - [TEST_STEP][PASSED] - click: Object: 'Object Repository/ASMV3/Order/Material/button_Busvoorraad' is clicked on

2018-11-14 17:32:43 - [MESSAGE][PASSED] - Object: 'Object Repository/ASMV3/Order/Material/button_Busvoorraad' is clicked on

2018-11-14 17:32:43 - [TEST_STEP][PASSED] - delay: Delayed 3 second(s)

2018-11-14 17:32:46 - [MESSAGE][PASSED] - Delayed 3 second(s)

2018-11-14 17:32:46 - [TEST_STEP][PASSED] - click: Object: 'Object Repository/ASMV3/Order/Material/button_DialogBusvoorraadSluiten' is clicked on

2018-11-14 17:32:46 - [MESSAGE][PASSED] - Object: 'Object Repository/ASMV3/Order/Material/button_DialogBusvoorraadSluiten' is clicked on

2018-11-14 17:32:46 - [TEST_STEP][PASSED] - delay: Delayed 3 second(s)

2018-11-14 17:32:49 - [MESSAGE][PASSED] - Delayed 3 second(s)

2018-11-14 17:32:49 - [TEST_STEP][PASSED] - click: Object: 'Object Repository/ASMV3/Order/Material/button_Besteld' is clicked on

2018-11-14 17:32:49 - [MESSAGE][PASSED] - Object: 'Object Repository/ASMV3/Order/Material/button_Besteld' is clicked on

2018-11-14 17:32:49 - [TEST_STEP][PASSED] - delay: Delayed 3 second(s)

2018-11-14 17:32:52 - [MESSAGE][PASSED] - Delayed 3 second(s)

2018-11-14 17:32:52 - [TEST_STEP][PASSED] - click: Object: 'Object Repository/ASMV3/Order/Material/button_DialogBesteldSluiten' is clicked on

2018-11-14 17:32:52 - [MESSAGE][PASSED] - Object: 'Object Repository/ASMV3/Order/Material/button_DialogBesteldSluiten' is clicked on

2018-11-14 17:32:52 - [TEST_STEP][PASSED] - delay: Delayed 3 second(s)

2018-11-14 17:32:55 - [MESSAGE][PASSED] - Delayed 3 second(s)

2018-11-14 17:32:55 - [TEST_STEP][PASSED] - click: Object: 'Object Repository/ASMV3/Order/Material/button_ProjectMateriaal' is clicked on

2018-11-14 17:32:55 - [MESSAGE][PASSED] - Object: 'Object Repository/ASMV3/Order/Material/button_ProjectMateriaal' is clicked on

2018-11-14 17:32:55 - [TEST_STEP][PASSED] - delay: Delayed 3 second(s)

2018-11-14 17:32:58 - [MESSAGE][PASSED] - Delayed 3 second(s)

2018-11-14 17:32:58 - [TEST_STEP][PASSED] - setText: Text '6000 meter verlengsnoer E-Bike goed voor 4 km fietsen' is set on object 'Object Repository/ASMV3/Order/Material/input_ProjectMateriaalRegel'

2018-11-14 17:32:59 - [MESSAGE][PASSED] - Text '6000 meter verlengsnoer E-Bike goed voor 4 km fietsen' is set on object 'Object Repository/ASMV3/Order/Material/input_ProjectMateriaalRegel'

2018-11-14 17:32:59 - [TEST_STEP][PASSED] - delay: Delayed 3 second(s)

2018-11-14 17:33:02 - [MESSAGE][PASSED] - Delayed 3 second(s)

2018-11-14 17:33:02 - [TEST_STEP][PASSED] - click: Object: 'Object Repository/ASMV3/Order/Material/button_ProjectMateriaalAnnuleren' is clicked on

2018-11-14 17:33:02 - [MESSAGE][PASSED] - Object: 'Object Repository/ASMV3/Order/Material/button_ProjectMateriaalAnnuleren' is clicked on

2018-11-14 17:33:02 - [TEST_STEP][PASSED] - delay: Delayed 3 second(s)

2018-11-14 17:33:05 - [MESSAGE][PASSED] - Delayed 3 second(s)

2018-11-14 17:33:05 - [TEST_STEP][PASSED] - click: Object: 'Object Repository/ASMV3/Order/Material/button_ProjectMateriaal' is clicked on

2018-11-14 17:33:05 - [MESSAGE][PASSED] - Object: 'Object Repository/ASMV3/Order/Material/button_ProjectMateriaal' is clicked on

2018-11-14 17:33:05 - [TEST_STEP][PASSED] - delay: Delayed 3 second(s)

2018-11-14 17:33:08 - [MESSAGE][PASSED] - Delayed 3 second(s)

2018-11-14 17:33:08 - [TEST_STEP][PASSED] - setText: Text '6000 meter verlengsnoer E-Bike goed voor 4 km fietsen' is set on object 'Object Repository/ASMV3/Order/Material/input_ProjectMateriaalRegel'

2018-11-14 17:33:08 - [MESSAGE][PASSED] - Text '6000 meter verlengsnoer E-Bike goed voor 4 km fietsen' is set on object 'Object Repository/ASMV3/Order/Material/input_ProjectMateriaalRegel'

2018-11-14 17:33:08 - [TEST_STEP][PASSED] - delay: Delayed 3 second(s)

2018-11-14 17:33:11 - [MESSAGE][PASSED] - Delayed 3 second(s)

2018-11-14 17:33:11 - [TEST_STEP][PASSED] - click: Object: 'Object Repository/ASMV3/Order/Material/addProjectMateriaalPlus' is clicked on

2018-11-14 17:33:11 - [MESSAGE][PASSED] - Object: 'Object Repository/ASMV3/Order/Material/addProjectMateriaalPlus' is clicked on

2018-11-14 17:33:11 - [TEST_STEP][PASSED] - delay: Delayed 3 second(s)

2018-11-14 17:33:14 - [MESSAGE][PASSED] - Delayed 3 second(s)

2018-11-14 17:33:14 - [TEST_STEP][PASSED] - click: Object: 'Object Repository/ASMV3/Order/Material/addProjectMateriaalPlus' is clicked on

2018-11-14 17:33:14 - [MESSAGE][PASSED] - Object: 'Object Repository/ASMV3/Order/Material/addProjectMateriaalPlus' is clicked on

2018-11-14 17:33:14 - [TEST_STEP][PASSED] - delay: Delayed 3 second(s)

2018-11-14 17:33:17 - [MESSAGE][PASSED] - Delayed 3 second(s)

2018-11-14 17:33:17 - [TEST_STEP][PASSED] - click: Object: 'Object Repository/ASMV3/Order/Material/addProjectMateriaalMin' is clicked on

2018-11-14 17:33:17 - [MESSAGE][PASSED] - Object: 'Object Repository/ASMV3/Order/Material/addProjectMateriaalMin' is clicked on

2018-11-14 17:33:17 - [TEST_STEP][PASSED] - delay: Delayed 3 second(s)

2018-11-14 17:33:20 - [MESSAGE][PASSED] - Delayed 3 second(s)

2018-11-14 17:33:20 - [TEST_STEP][PASSED] - click: Object: 'Object Repository/ASMV3/Order/Material/button_ProjectMateriaalOpslaan' is clicked on

2018-11-14 17:33:21 - [MESSAGE][PASSED] - Object: 'Object Repository/ASMV3/Order/Material/button_ProjectMateriaalOpslaan' is clicked on

2018-11-14 17:33:21 - [TEST_STEP][PASSED] - delay: Delayed 3 second(s)

2018-11-14 17:33:24 - [MESSAGE][PASSED] - Delayed 3 second(s)

2018-11-14 17:33:24 - [TEST_STEP][PASSED] - click: Object: 'Object Repository/ASMV3/Order/WizardSteps/wizardStep_Time' is clicked on

2018-11-14 17:33:24 - [MESSAGE][PASSED] - Object: 'Object Repository/ASMV3/Order/WizardSteps/wizardStep_Time' is clicked on

2018-11-14 17:33:24 - [TEST_STEP][PASSED] - delay: Delayed 3 second(s)

2018-11-14 17:33:27 - [MESSAGE][PASSED] - Delayed 3 second(s)

2018-11-14 17:33:27 - [TEST_STEP][PASSED] - setText: Text '4:25' is set on object 'Object Repository/ASMV3/Order/Time/input_CommercialHours'

2018-11-14 17:33:27 - [MESSAGE][PASSED] - Text '4:25' is set on object 'Object Repository/ASMV3/Order/Time/input_CommercialHours'

2018-11-14 17:33:27 - [TEST_STEP][PASSED] - delay: Delayed 3 second(s)

2018-11-14 17:33:30 - [MESSAGE][PASSED] - Delayed 3 second(s)

2018-11-14 17:33:30 - [TEST_STEP][PASSED] - click: Object: 'Object Repository/ASMV3/Order/Time/button_AddCommercialHours' is clicked on

2018-11-14 17:33:30 - [MESSAGE][PASSED] - Object: 'Object Repository/ASMV3/Order/Time/button_AddCommercialHours' is clicked on

2018-11-14 17:33:30 - [TEST_STEP][PASSED] - delay: Delayed 3 second(s)

2018-11-14 17:33:33 - [MESSAGE][PASSED] - Delayed 3 second(s)

2018-11-14 17:33:33 - [TEST_STEP][PASSED] - setText: Text '1:45' is set on object 'Object Repository/ASMV3/Order/Time/input_TravelHours'

2018-11-14 17:33:33 - [MESSAGE][PASSED] - Text '1:45' is set on object 'Object Repository/ASMV3/Order/Time/input_TravelHours'

2018-11-14 17:33:33 - [TEST_STEP][PASSED] - delay: Delayed 3 second(s)

2018-11-14 17:33:36 - [MESSAGE][PASSED] - Delayed 3 second(s)

2018-11-14 17:33:36 - [TEST_STEP][PASSED] - selectOptionByIndex: All options with index in [1] are selected on object 'Object Repository/ASMV3/Order/Time/input_TravelInOut'

2018-11-14 17:33:36 - [MESSAGE][PASSED] - All options with index in [1] are selected on object 'Object Repository/ASMV3/Order/Time/input_TravelInOut'

2018-11-14 17:33:36 - [TEST_STEP][PASSED] - delay: Delayed 3 second(s)

2018-11-14 17:33:39 - [MESSAGE][PASSED] - Delayed 3 second(s)

2018-11-14 17:33:39 - [TEST_STEP][PASSED] - click: Object: 'Object Repository/ASMV3/Order/Time/button_AddTravelHours' is clicked on

2018-11-14 17:33:40 - [MESSAGE][PASSED] - Object: 'Object Repository/ASMV3/Order/Time/button_AddTravelHours' is clicked on

2018-11-14 17:33:40 - [TEST_STEP][PASSED] - delay: Delayed 3 second(s)

2018-11-14 17:33:43 - [MESSAGE][PASSED] - Delayed 3 second(s)

2018-11-14 17:33:43 - [TEST_STEP][PASSED] - click: Object: 'Object Repository/ASMV3/Order/WizardSteps/wizardStep_Resume' is clicked on

2018-11-14 17:33:43 - [MESSAGE][PASSED] - Object: 'Object Repository/ASMV3/Order/WizardSteps/wizardStep_Resume' is clicked on

2018-11-14 17:33:43 - [TEST_STEP][PASSED] - delay: Delayed 10 second(s)

2018-11-14 17:33:53 - [MESSAGE][PASSED] - Delayed 10 second(s)]]></system-out>
         <system-err><![CDATA[]]></system-err>
      </testcase>
      <system-out><![CDATA[2018-11-14 17:31:57 - [TEST_SUITE][PASSED] - ASMV3 Test Suite: Test Cases/ASMV3/WerkorderOppakken]]></system-out>
      <system-err><![CDATA[]]></system-err>
   </testsuite>
</testsuites>
