<?xml version="1.0" encoding="UTF-8"?>
<testsuites name="ASMV3 Test Suite - Geparkeerde Werkorder-Gereedmelden" time="104" tests="3" failures="0" errors="0">
   <testsuite name="ASMV3 Test Suite - Geparkeerde Werkorder-Gereedmelden" tests="3" failures="0" errors="0" time="104" timestamp="2018-11-21 11:15:52" hostname="ekroes - ltekroes.acto.nl" id="Test Suites/ASMV3 Test Suite - Geparkeerde Werkorder-Gereedmelden">
      <properties>
         <property name="deviceName" value=""/>
         <property name="devicePlatform" value=""/>
         <property name="logFolder" value="C:\\Users\\ekroes\\git\\AppsTests\\Reports\\ASMV3 Test Suite - Geparkeerde Werkorder-Gereedmelden\\20181121_111550"/>
         <property name="logFiles" value="C:\\Users\\ekroes\\git\\AppsTests\\Reports\\ASMV3 Test Suite - Geparkeerde Werkorder-Gereedmelden\\20181121_111550\\execution0.log"/>
         <property name="attachments" value="C:\\Users\\ekroes\\git\\AppsTests\\Reports\\ASMV3 Test Suite - Geparkeerde Werkorder-Gereedmelden\\20181121_111550\\1542795357757.png"/>
         <property name="hostName" value="ekroes - ltekroes.acto.nl"/>
         <property name="os" value="Windows 10 64bit"/>
         <property name="katalonVersion" value="5.8.0.1"/>
         <property name="browser" value="Chrome 70.0.3538.110"/>
         <property name="hostAddress" value="10.146.8.12"/>
         <property name="sessionId" value="30617d72c40c4f56a25f794ebfd8d88c"/>
         <property name="seleniumVersion" value="3.7.1"/>
         <property name="proxyInformation" value="ProxyInformation{proxyOption=USE_SYSTEM, proxyServerType=HTTP, password=, proxyServerAddress=, proxyServerPort=0}"/>
         <property name="platform" value="Windows 10"/>
      </properties>
      <testcase name="Test Cases/Algemeen/LoginLocalhost" classname="Test Cases/Algemeen/LoginLocalhost" status="PASSED">
         <system-out><![CDATA[2018-11-21 11:15:52 - [TEST_CASE][PASSED] - Test Cases/Algemeen/LoginLocalhost: Test Cases/Algemeen/LoginLocalhost

2018-11-21 11:15:52 - [TEST_STEP][PASSED] - openBrowser: Browser is opened with url: ''

2018-11-21 11:15:55 - [MESSAGE][PASSED] - Browser is opened with url: ''

2018-11-21 11:15:55 - [TEST_STEP][PASSED] - navigateToUrl: Navigate to 'http://localhost/dev/Account/Account/Login.aspx' successfully

2018-11-21 11:15:56 - [MESSAGE][PASSED] - Navigate to 'http://localhost/dev/Account/Account/Login.aspx' successfully

2018-11-21 11:15:56 - [TEST_STEP][PASSED] - setText: Text 'ekroes' is set on object 'Object Repository/LoginPagina/input-Username'

2018-11-21 11:15:56 - [MESSAGE][PASSED] - Text 'ekroes' is set on object 'Object Repository/LoginPagina/input-Username'

2018-11-21 11:15:56 - [TEST_STEP][PASSED] - setText: Text 'Varkenskut_hoera123' is set on object 'Object Repository/LoginPagina/input-Password'

2018-11-21 11:15:56 - [MESSAGE][PASSED] - Text 'Varkenskut_hoera123' is set on object 'Object Repository/LoginPagina/input-Password'

2018-11-21 11:15:56 - [TEST_STEP][PASSED] - click: Object: 'Object Repository/LoginPagina/input_LoginButton' is clicked on

2018-11-21 11:15:56 - [MESSAGE][PASSED] - Object: 'Object Repository/LoginPagina/input_LoginButton' is clicked on

2018-11-21 11:15:56 - [TEST_STEP][PASSED] - waitForElementPresent: Object 'Object Repository/Home/HomeAppTileContainer' is present

2018-11-21 11:15:57 - [MESSAGE][PASSED] - Object 'Object Repository/Home/HomeAppTileContainer' is present

2018-11-21 11:15:57 - [TEST_STEP][PASSED] - Statement - assert true: null]]></system-out>
         <system-err><![CDATA[]]></system-err>
      </testcase>
      <testcase name="Test Cases/ASMV3/HomeIndex" classname="Test Cases/ASMV3/HomeIndex" status="PASSED">
         <system-out><![CDATA[2018-11-21 11:15:57 - [TEST_CASE][PASSED] - Test Cases/ASMV3/HomeIndex: Test Cases/ASMV3/HomeIndex

2018-11-21 11:15:57 - [TEST_STEP][PASSED] - click: Object: 'Object Repository/ASMV3/Home/AsmAppTile' is clicked on

2018-11-21 11:15:57 - [MESSAGE][PASSED] - Object: 'Object Repository/ASMV3/Home/AsmAppTile' is clicked on

2018-11-21 11:15:57 - [TEST_STEP][PASSED] - takeScreenshot: Taking screenshot successfully

2018-11-21 11:15:58 - [MESSAGE][PASSED] - Taking screenshot successfully
[[ATTACHMENT|C:\\Users\\ekroes\\git\\AppsTests\\Reports\\ASMV3 Test Suite - Geparkeerde Werkorder-Gereedmelden\\20181121_111550\\1542795357757.png]]

2018-11-21 11:15:58 - [TEST_STEP][PASSED] - waitForElementPresent: Object 'Object Repository/ASMV3/Home/HomeIndex' is present

2018-11-21 11:15:58 - [MESSAGE][PASSED] - Object 'Object Repository/ASMV3/Home/HomeIndex' is present

2018-11-21 11:15:58 - [TEST_STEP][PASSED] - Statement - assert true: null

2018-11-21 11:15:58 - [TEST_STEP][PASSED] - delay: Delayed 5 second(s)

2018-11-21 11:16:03 - [MESSAGE][PASSED] - Delayed 5 second(s)]]></system-out>
         <system-err><![CDATA[]]></system-err>
      </testcase>
      <testcase name="Test Cases/ASMV3/Geparkeerde-Werkorder-GereedMelden" classname="Test Cases/ASMV3/Geparkeerde-Werkorder-GereedMelden" status="PASSED">
         <system-out><![CDATA[2018-11-21 11:16:03 - [TEST_CASE][PASSED] - Test Cases/ASMV3/Geparkeerde-Werkorder-GereedMelden: Test Cases/ASMV3/Geparkeerde-Werkorder-GereedMelden

2018-11-21 11:16:03 - [TEST_STEP][PASSED] - click: Object: 'Object Repository/ASMV3/Order/GotoWerkorders' is clicked on

2018-11-21 11:16:03 - [MESSAGE][PASSED] - Object: 'Object Repository/ASMV3/Order/GotoWerkorders' is clicked on

2018-11-21 11:16:03 - [TEST_STEP][PASSED] - delay: Delayed 3 second(s)

2018-11-21 11:16:06 - [MESSAGE][PASSED] - Delayed 3 second(s)

2018-11-21 11:16:06 - [TEST_STEP][PASSED] - waitForElementPresent: Object 'Object Repository/ASMV3/Order/OrderStatusFrame' is present

2018-11-21 11:16:06 - [MESSAGE][PASSED] - Object 'Object Repository/ASMV3/Order/OrderStatusFrame' is present

2018-11-21 11:16:06 - [TEST_STEP][PASSED] - uncheck: Object 'Object Repository/ASMV3/Order/Input Objects/checkbox_Geparkeerd' is un-checked

2018-11-21 11:16:06 - [MESSAGE][PASSED] - Object 'Object Repository/ASMV3/Order/Input Objects/checkbox_Geparkeerd' is un-checked

2018-11-21 11:16:06 - [TEST_STEP][PASSED] - uncheck: Object 'Object Repository/ASMV3/Order/Input Objects/checkbox_Gesloten' is un-checked

2018-11-21 11:16:06 - [MESSAGE][PASSED] - Object 'Object Repository/ASMV3/Order/Input Objects/checkbox_Gesloten' is un-checked

2018-11-21 11:16:06 - [TEST_STEP][PASSED] - uncheck: Object 'Object Repository/ASMV3/Order/Input Objects/checkbox_Gestart' is un-checked

2018-11-21 11:16:06 - [MESSAGE][PASSED] - Object 'Object Repository/ASMV3/Order/Input Objects/checkbox_Gestart' is un-checked

2018-11-21 11:16:06 - [TEST_STEP][PASSED] - uncheck: Object 'Object Repository/ASMV3/Order/Input Objects/checkbox_Open' is un-checked

2018-11-21 11:16:07 - [MESSAGE][PASSED] - Object 'Object Repository/ASMV3/Order/Input Objects/checkbox_Open' is un-checked

2018-11-21 11:16:07 - [TEST_STEP][PASSED] - delay: Delayed 3 second(s)

2018-11-21 11:16:10 - [MESSAGE][PASSED] - Delayed 3 second(s)

2018-11-21 11:16:10 - [TEST_STEP][PASSED] - check: Object 'Object Repository/ASMV3/Order/Input Objects/checkbox_Geparkeerd' is checked

2018-11-21 11:16:10 - [MESSAGE][PASSED] - Object 'Object Repository/ASMV3/Order/Input Objects/checkbox_Geparkeerd' is checked

2018-11-21 11:16:10 - [TEST_STEP][PASSED] - delay: Delayed 3 second(s)

2018-11-21 11:16:13 - [MESSAGE][PASSED] - Delayed 3 second(s)

2018-11-21 11:16:13 - [TEST_STEP][PASSED] - click: Object: 'Object Repository/ASMV3/Order/OpenWerkorderGeparkeerd' is clicked on

2018-11-21 11:16:13 - [MESSAGE][PASSED] - Object: 'Object Repository/ASMV3/Order/OpenWerkorderGeparkeerd' is clicked on

2018-11-21 11:16:13 - [TEST_STEP][PASSED] - delay: Delayed 3 second(s)

2018-11-21 11:16:16 - [MESSAGE][PASSED] - Delayed 3 second(s)

2018-11-21 11:16:16 - [TEST_STEP][PASSED] - click: Object: 'Object Repository/ASMV3/Order/StartWerkorder' is clicked on

2018-11-21 11:16:16 - [MESSAGE][PASSED] - Object: 'Object Repository/ASMV3/Order/StartWerkorder' is clicked on

2018-11-21 11:16:16 - [TEST_STEP][PASSED] - delay: Delayed 3 second(s)

2018-11-21 11:16:19 - [MESSAGE][PASSED] - Delayed 3 second(s)

2018-11-21 11:16:19 - [TEST_STEP][PASSED] - click: Object: 'Object Repository/ASMV3/Order/WizardSteps/wizardStep_Material' is clicked on

2018-11-21 11:16:19 - [MESSAGE][PASSED] - Object: 'Object Repository/ASMV3/Order/WizardSteps/wizardStep_Material' is clicked on

2018-11-21 11:16:19 - [TEST_STEP][PASSED] - delay: Delayed 3 second(s)

2018-11-21 11:16:22 - [MESSAGE][PASSED] - Delayed 3 second(s)

2018-11-21 11:16:22 - [TEST_STEP][PASSED] - click: Object: 'Object Repository/ASMV3/Order/Material/Input Objects/button_Busvoorraad' is clicked on

2018-11-21 11:16:22 - [MESSAGE][PASSED] - Object: 'Object Repository/ASMV3/Order/Material/Input Objects/button_Busvoorraad' is clicked on

2018-11-21 11:16:22 - [TEST_STEP][PASSED] - delay: Delayed 3 second(s)

2018-11-21 11:16:25 - [MESSAGE][PASSED] - Delayed 3 second(s)

2018-11-21 11:16:25 - [TEST_STEP][PASSED] - click: Object: 'Object Repository/ASMV3/Order/Material/Input Objects/button_DialogBusvoorraadSluiten' is clicked on

2018-11-21 11:16:25 - [MESSAGE][PASSED] - Object: 'Object Repository/ASMV3/Order/Material/Input Objects/button_DialogBusvoorraadSluiten' is clicked on

2018-11-21 11:16:25 - [TEST_STEP][PASSED] - delay: Delayed 3 second(s)

2018-11-21 11:16:28 - [MESSAGE][PASSED] - Delayed 3 second(s)

2018-11-21 11:16:28 - [TEST_STEP][PASSED] - click: Object: 'Object Repository/ASMV3/Order/Material/Input Objects/button_Besteld' is clicked on

2018-11-21 11:16:28 - [MESSAGE][PASSED] - Object: 'Object Repository/ASMV3/Order/Material/Input Objects/button_Besteld' is clicked on

2018-11-21 11:16:28 - [TEST_STEP][PASSED] - delay: Delayed 3 second(s)

2018-11-21 11:16:31 - [MESSAGE][PASSED] - Delayed 3 second(s)

2018-11-21 11:16:31 - [TEST_STEP][PASSED] - click: Object: 'Object Repository/ASMV3/Order/Material/Input Objects/button_DialogBesteldSluiten' is clicked on

2018-11-21 11:16:31 - [MESSAGE][PASSED] - Object: 'Object Repository/ASMV3/Order/Material/Input Objects/button_DialogBesteldSluiten' is clicked on

2018-11-21 11:16:31 - [TEST_STEP][PASSED] - delay: Delayed 3 second(s)

2018-11-21 11:16:34 - [MESSAGE][PASSED] - Delayed 3 second(s)

2018-11-21 11:16:34 - [TEST_STEP][PASSED] - click: Object: 'Object Repository/ASMV3/Order/Material/Input Objects/button_ProjectMateriaal' is clicked on

2018-11-21 11:16:35 - [MESSAGE][PASSED] - Object: 'Object Repository/ASMV3/Order/Material/Input Objects/button_ProjectMateriaal' is clicked on

2018-11-21 11:16:35 - [TEST_STEP][PASSED] - delay: Delayed 3 second(s)

2018-11-21 11:16:38 - [MESSAGE][PASSED] - Delayed 3 second(s)

2018-11-21 11:16:38 - [TEST_STEP][PASSED] - setText: Text '6000 meter verlengsnoer E-Bike goed voor 4 km fietsen' is set on object 'Object Repository/ASMV3/Order/Material/Input Objects/input_ProjectMateriaalRegel'

2018-11-21 11:16:38 - [MESSAGE][PASSED] - Text '6000 meter verlengsnoer E-Bike goed voor 4 km fietsen' is set on object 'Object Repository/ASMV3/Order/Material/Input Objects/input_ProjectMateriaalRegel'

2018-11-21 11:16:38 - [TEST_STEP][PASSED] - delay: Delayed 3 second(s)

2018-11-21 11:16:41 - [MESSAGE][PASSED] - Delayed 3 second(s)

2018-11-21 11:16:41 - [TEST_STEP][PASSED] - click: Object: 'Object Repository/ASMV3/Order/Material/Input Objects/button_ProjectMateriaalAnnuleren' is clicked on

2018-11-21 11:16:41 - [MESSAGE][PASSED] - Object: 'Object Repository/ASMV3/Order/Material/Input Objects/button_ProjectMateriaalAnnuleren' is clicked on

2018-11-21 11:16:41 - [TEST_STEP][PASSED] - delay: Delayed 3 second(s)

2018-11-21 11:16:44 - [MESSAGE][PASSED] - Delayed 3 second(s)

2018-11-21 11:16:44 - [TEST_STEP][PASSED] - click: Object: 'Object Repository/ASMV3/Order/Material/Input Objects/button_ProjectMateriaal' is clicked on

2018-11-21 11:16:44 - [MESSAGE][PASSED] - Object: 'Object Repository/ASMV3/Order/Material/Input Objects/button_ProjectMateriaal' is clicked on

2018-11-21 11:16:44 - [TEST_STEP][PASSED] - delay: Delayed 3 second(s)

2018-11-21 11:16:47 - [MESSAGE][PASSED] - Delayed 3 second(s)

2018-11-21 11:16:47 - [TEST_STEP][PASSED] - setText: Text '6000 meter verlengsnoer E-Bike goed voor 4 km fietsen' is set on object 'Object Repository/ASMV3/Order/Material/Input Objects/input_ProjectMateriaalRegel'

2018-11-21 11:16:47 - [MESSAGE][PASSED] - Text '6000 meter verlengsnoer E-Bike goed voor 4 km fietsen' is set on object 'Object Repository/ASMV3/Order/Material/Input Objects/input_ProjectMateriaalRegel'

2018-11-21 11:16:47 - [TEST_STEP][PASSED] - delay: Delayed 3 second(s)

2018-11-21 11:16:50 - [MESSAGE][PASSED] - Delayed 3 second(s)

2018-11-21 11:16:50 - [TEST_STEP][PASSED] - click: Object: 'Object Repository/ASMV3/Order/Material/Input Objects/addProjectMateriaalPlus' is clicked on

2018-11-21 11:16:51 - [MESSAGE][PASSED] - Object: 'Object Repository/ASMV3/Order/Material/Input Objects/addProjectMateriaalPlus' is clicked on

2018-11-21 11:16:51 - [TEST_STEP][PASSED] - delay: Delayed 3 second(s)

2018-11-21 11:16:54 - [MESSAGE][PASSED] - Delayed 3 second(s)

2018-11-21 11:16:54 - [TEST_STEP][PASSED] - click: Object: 'Object Repository/ASMV3/Order/Material/Input Objects/addProjectMateriaalPlus' is clicked on

2018-11-21 11:16:54 - [MESSAGE][PASSED] - Object: 'Object Repository/ASMV3/Order/Material/Input Objects/addProjectMateriaalPlus' is clicked on

2018-11-21 11:16:54 - [TEST_STEP][PASSED] - delay: Delayed 3 second(s)

2018-11-21 11:16:57 - [MESSAGE][PASSED] - Delayed 3 second(s)

2018-11-21 11:16:57 - [TEST_STEP][PASSED] - click: Object: 'Object Repository/ASMV3/Order/Material/Input Objects/addProjectMateriaalMin' is clicked on

2018-11-21 11:16:57 - [MESSAGE][PASSED] - Object: 'Object Repository/ASMV3/Order/Material/Input Objects/addProjectMateriaalMin' is clicked on

2018-11-21 11:16:57 - [TEST_STEP][PASSED] - delay: Delayed 3 second(s)

2018-11-21 11:17:00 - [MESSAGE][PASSED] - Delayed 3 second(s)

2018-11-21 11:17:00 - [TEST_STEP][PASSED] - click: Object: 'Object Repository/ASMV3/Order/Material/Input Objects/button_ProjectMateriaalOpslaan' is clicked on

2018-11-21 11:17:00 - [MESSAGE][PASSED] - Object: 'Object Repository/ASMV3/Order/Material/Input Objects/button_ProjectMateriaalOpslaan' is clicked on

2018-11-21 11:17:00 - [TEST_STEP][PASSED] - delay: Delayed 3 second(s)

2018-11-21 11:17:03 - [MESSAGE][PASSED] - Delayed 3 second(s)

2018-11-21 11:17:03 - [TEST_STEP][PASSED] - click: Object: 'Object Repository/ASMV3/Order/WizardSteps/wizardStep_Time' is clicked on

2018-11-21 11:17:03 - [MESSAGE][PASSED] - Object: 'Object Repository/ASMV3/Order/WizardSteps/wizardStep_Time' is clicked on

2018-11-21 11:17:03 - [TEST_STEP][PASSED] - delay: Delayed 3 second(s)

2018-11-21 11:17:06 - [MESSAGE][PASSED] - Delayed 3 second(s)

2018-11-21 11:17:06 - [TEST_STEP][PASSED] - setText: Text '4:25' is set on object 'Object Repository/ASMV3/Order/Time/Input Objects/input_CommercialHours'

2018-11-21 11:17:06 - [MESSAGE][PASSED] - Text '4:25' is set on object 'Object Repository/ASMV3/Order/Time/Input Objects/input_CommercialHours'

2018-11-21 11:17:06 - [TEST_STEP][PASSED] - delay: Delayed 3 second(s)

2018-11-21 11:17:09 - [MESSAGE][PASSED] - Delayed 3 second(s)

2018-11-21 11:17:09 - [TEST_STEP][PASSED] - waitForElementClickable: Object 'Object Repository/ASMV3/Order/Time/Input Objects/button_AddCommercialHours' is clickable

2018-11-21 11:17:09 - [MESSAGE][PASSED] - Object 'Object Repository/ASMV3/Order/Time/Input Objects/button_AddCommercialHours' is clickable

2018-11-21 11:17:09 - [TEST_STEP][PASSED] - click: Object: 'Object Repository/ASMV3/Order/Time/Input Objects/button_AddCommercialHours' is clicked on

2018-11-21 11:17:09 - [MESSAGE][PASSED] - Object: 'Object Repository/ASMV3/Order/Time/Input Objects/button_AddCommercialHours' is clicked on

2018-11-21 11:17:09 - [TEST_STEP][PASSED] - delay: Delayed 3 second(s)

2018-11-21 11:17:12 - [MESSAGE][PASSED] - Delayed 3 second(s)

2018-11-21 11:17:12 - [TEST_STEP][PASSED] - setText: Text '1:45' is set on object 'Object Repository/ASMV3/Order/Time/Input Objects/input_TravelHours'

2018-11-21 11:17:12 - [MESSAGE][PASSED] - Text '1:45' is set on object 'Object Repository/ASMV3/Order/Time/Input Objects/input_TravelHours'

2018-11-21 11:17:12 - [TEST_STEP][PASSED] - delay: Delayed 3 second(s)

2018-11-21 11:17:15 - [MESSAGE][PASSED] - Delayed 3 second(s)

2018-11-21 11:17:15 - [TEST_STEP][PASSED] - selectOptionByIndex: All options with index in [1] are selected on object 'Object Repository/ASMV3/Order/Time/Input Objects/input_TravelInOut'

2018-11-21 11:17:16 - [MESSAGE][PASSED] - All options with index in [1] are selected on object 'Object Repository/ASMV3/Order/Time/Input Objects/input_TravelInOut'

2018-11-21 11:17:16 - [TEST_STEP][PASSED] - delay: Delayed 3 second(s)

2018-11-21 11:17:19 - [MESSAGE][PASSED] - Delayed 3 second(s)

2018-11-21 11:17:19 - [TEST_STEP][PASSED] - waitForElementClickable: Object 'Object Repository/ASMV3/Order/Time/Input Objects/button_AddTravelHours' is clickable

2018-11-21 11:17:19 - [MESSAGE][PASSED] - Object 'Object Repository/ASMV3/Order/Time/Input Objects/button_AddTravelHours' is clickable

2018-11-21 11:17:19 - [TEST_STEP][PASSED] - click: Object: 'Object Repository/ASMV3/Order/Time/Input Objects/button_AddTravelHours' is clicked on

2018-11-21 11:17:19 - [MESSAGE][PASSED] - Object: 'Object Repository/ASMV3/Order/Time/Input Objects/button_AddTravelHours' is clicked on

2018-11-21 11:17:19 - [TEST_STEP][PASSED] - delay: Delayed 3 second(s)

2018-11-21 11:17:22 - [MESSAGE][PASSED] - Delayed 3 second(s)

2018-11-21 11:17:22 - [TEST_STEP][PASSED] - click: Object: 'Object Repository/ASMV3/Order/WizardSteps/wizardStep_Resume' is clicked on

2018-11-21 11:17:22 - [MESSAGE][PASSED] - Object: 'Object Repository/ASMV3/Order/WizardSteps/wizardStep_Resume' is clicked on

2018-11-21 11:17:22 - [TEST_STEP][PASSED] - delay: Delayed 3 second(s)

2018-11-21 11:17:25 - [MESSAGE][PASSED] - Delayed 3 second(s)

2018-11-21 11:17:25 - [TEST_STEP][PASSED] - click: Object: 'Object Repository/ASMV3/Order/Resume/Input Objects/button_GereedMelden' is clicked on

2018-11-21 11:17:25 - [MESSAGE][PASSED] - Object: 'Object Repository/ASMV3/Order/Resume/Input Objects/button_GereedMelden' is clicked on

2018-11-21 11:17:25 - [TEST_STEP][PASSED] - delay: Delayed 10 second(s)

2018-11-21 11:17:35 - [MESSAGE][PASSED] - Delayed 10 second(s)]]></system-out>
         <system-err><![CDATA[]]></system-err>
      </testcase>
      <system-out><![CDATA[2018-11-21 11:15:52 - [TEST_SUITE][PASSED] - ASMV3 Test Suite - Geparkeerde Werkorder-Gereedmelden: Test Cases/ASMV3/Geparkeerde-Werkorder-GereedMelden]]></system-out>
      <system-err><![CDATA[]]></system-err>
   </testsuite>
</testsuites>
