<?xml version="1.0" encoding="UTF-8"?>
<testsuites name="ASMV3 Test Suite" time="47" tests="3" failures="0" errors="0">
   <testsuite name="ASMV3 Test Suite" tests="3" failures="0" errors="0" time="47" timestamp="2018-11-13 09:43:50" hostname="ekroes - ltekroes.acto.nl" id="Test Suites/ASMV3 Test Suite">
      <properties>
         <property name="deviceName" value=""/>
         <property name="devicePlatform" value=""/>
         <property name="logFolder" value="C:\\Users\\ekroes\\git\\AppsTests\\Reports\\ASMV3 Test Suite\\20181113_094349"/>
         <property name="logFiles" value="C:\\Users\\ekroes\\git\\AppsTests\\Reports\\ASMV3 Test Suite\\20181113_094349\\execution0.log"/>
         <property name="attachments" value="C:\\Users\\ekroes\\git\\AppsTests\\Reports\\ASMV3 Test Suite\\20181113_094349\\1542098636596.png"/>
         <property name="hostName" value="ekroes - ltekroes.acto.nl"/>
         <property name="os" value="Windows 10 64bit"/>
         <property name="katalonVersion" value="5.8.0.1"/>
         <property name="browser" value="Chrome 70.0.3538.102"/>
         <property name="hostAddress" value="10.146.8.12"/>
         <property name="sessionId" value="044c758b9e098db6dffb1f8d8edda190"/>
         <property name="seleniumVersion" value="3.7.1"/>
         <property name="proxyInformation" value="ProxyInformation{proxyOption=USE_SYSTEM, proxyServerType=HTTP, password=, proxyServerAddress=, proxyServerPort=0}"/>
         <property name="platform" value="Windows 10"/>
      </properties>
      <testcase name="Test Cases/Algemeen/LoginLocalhost" classname="Test Cases/Algemeen/LoginLocalhost" status="PASSED">
         <system-out><![CDATA[2018-11-13 09:43:51 - [TEST_CASE][PASSED] - Test Cases/Algemeen/LoginLocalhost: Test Cases/Algemeen/LoginLocalhost

2018-11-13 09:43:51 - [TEST_STEP][PASSED] - openBrowser: Browser is opened with url: ''

2018-11-13 09:43:54 - [MESSAGE][PASSED] - Browser is opened with url: ''

2018-11-13 09:43:54 - [TEST_STEP][PASSED] - navigateToUrl: Navigate to 'http://localhost/dev/Account/Account/Login.aspx' successfully

2018-11-13 09:43:55 - [MESSAGE][PASSED] - Navigate to 'http://localhost/dev/Account/Account/Login.aspx' successfully

2018-11-13 09:43:55 - [TEST_STEP][PASSED] - setText: Text 'ekroes' is set on object 'Object Repository/LoginPagina/input-Username'

2018-11-13 09:43:55 - [MESSAGE][PASSED] - Text 'ekroes' is set on object 'Object Repository/LoginPagina/input-Username'

2018-11-13 09:43:55 - [TEST_STEP][PASSED] - setText: Text 'Varkenskut_hoera123' is set on object 'Object Repository/LoginPagina/input-Password'

2018-11-13 09:43:55 - [MESSAGE][PASSED] - Text 'Varkenskut_hoera123' is set on object 'Object Repository/LoginPagina/input-Password'

2018-11-13 09:43:55 - [TEST_STEP][PASSED] - click: Object: 'Object Repository/LoginPagina/input_LoginButton' is clicked on

2018-11-13 09:43:55 - [MESSAGE][PASSED] - Object: 'Object Repository/LoginPagina/input_LoginButton' is clicked on

2018-11-13 09:43:55 - [TEST_STEP][PASSED] - waitForElementPresent: Object 'Object Repository/Home/HomeAppTileContainer' is present

2018-11-13 09:43:56 - [MESSAGE][PASSED] - Object 'Object Repository/Home/HomeAppTileContainer' is present

2018-11-13 09:43:56 - [TEST_STEP][PASSED] - Statement - assert true: null]]></system-out>
         <system-err><![CDATA[]]></system-err>
      </testcase>
      <testcase name="Test Cases/ASMV3/HomeIndex" classname="Test Cases/ASMV3/HomeIndex" status="PASSED">
         <system-out><![CDATA[2018-11-13 09:43:56 - [TEST_CASE][PASSED] - Test Cases/ASMV3/HomeIndex: Test Cases/ASMV3/HomeIndex

2018-11-13 09:43:56 - [TEST_STEP][PASSED] - click: Object: 'Object Repository/ASMV3/Home/AsmAppTile' is clicked on

2018-11-13 09:43:56 - [MESSAGE][PASSED] - Object: 'Object Repository/ASMV3/Home/AsmAppTile' is clicked on

2018-11-13 09:43:56 - [TEST_STEP][PASSED] - takeScreenshot: Taking screenshot successfully

2018-11-13 09:43:56 - [MESSAGE][PASSED] - Taking screenshot successfully
[[ATTACHMENT|C:\\Users\\ekroes\\git\\AppsTests\\Reports\\ASMV3 Test Suite\\20181113_094349\\1542098636596.png]]

2018-11-13 09:43:56 - [TEST_STEP][PASSED] - waitForElementPresent: Object 'Object Repository/ASMV3/Home/HomeIndex' is present

2018-11-13 09:43:56 - [MESSAGE][PASSED] - Object 'Object Repository/ASMV3/Home/HomeIndex' is present

2018-11-13 09:43:56 - [TEST_STEP][PASSED] - Statement - assert true: null]]></system-out>
         <system-err><![CDATA[]]></system-err>
      </testcase>
      <testcase name="Test Cases/ASMV3/OrderVerwerken" classname="Test Cases/ASMV3/OrderVerwerken" status="PASSED">
         <system-out><![CDATA[2018-11-13 09:43:56 - [TEST_CASE][PASSED] - Test Cases/ASMV3/OrderVerwerken: Test Cases/ASMV3/OrderVerwerken

2018-11-13 09:43:57 - [TEST_STEP][PASSED] - click: Object: 'Object Repository/ASMV3/Order/GotoWerkorders' is clicked on

2018-11-13 09:43:58 - [MESSAGE][PASSED] - Object: 'Object Repository/ASMV3/Order/GotoWerkorders' is clicked on

2018-11-13 09:43:58 - [TEST_STEP][PASSED] - waitForElementPresent: Object 'Object Repository/ASMV3/Order/OrderStatusFrame' is present

2018-11-13 09:43:58 - [MESSAGE][PASSED] - Object 'Object Repository/ASMV3/Order/OrderStatusFrame' is present

2018-11-13 09:43:58 - [TEST_STEP][PASSED] - uncheck: Object 'Object Repository/ASMV3/Order/Input Objects/checkbox_Gestart' is un-checked

2018-11-13 09:43:59 - [MESSAGE][PASSED] - Object 'Object Repository/ASMV3/Order/Input Objects/checkbox_Gestart' is un-checked

2018-11-13 09:43:59 - [TEST_STEP][PASSED] - delay: Delayed 3 second(s)

2018-11-13 09:44:02 - [MESSAGE][PASSED] - Delayed 3 second(s)

2018-11-13 09:44:02 - [TEST_STEP][PASSED] - uncheck: Object 'Object Repository/ASMV3/Order/Input Objects/checkbox_Open' is un-checked

2018-11-13 09:44:02 - [MESSAGE][PASSED] - Object 'Object Repository/ASMV3/Order/Input Objects/checkbox_Open' is un-checked

2018-11-13 09:44:02 - [TEST_STEP][PASSED] - delay: Delayed 3 second(s)

2018-11-13 09:44:05 - [MESSAGE][PASSED] - Delayed 3 second(s)

2018-11-13 09:44:05 - [TEST_STEP][PASSED] - uncheck: Object 'Object Repository/ASMV3/Order/Input Objects/checkbox_Gesloten' is un-checked

2018-11-13 09:44:05 - [MESSAGE][PASSED] - Object 'Object Repository/ASMV3/Order/Input Objects/checkbox_Gesloten' is un-checked

2018-11-13 09:44:05 - [TEST_STEP][PASSED] - delay: Delayed 3 second(s)

2018-11-13 09:44:08 - [MESSAGE][PASSED] - Delayed 3 second(s)

2018-11-13 09:44:08 - [TEST_STEP][PASSED] - click: Object: 'Object Repository/ASMV3/Order/OpenWerkorder' is clicked on

2018-11-13 09:44:08 - [MESSAGE][PASSED] - Object: 'Object Repository/ASMV3/Order/OpenWerkorder' is clicked on

2018-11-13 09:44:08 - [TEST_STEP][PASSED] - delay: Delayed 3 second(s)

2018-11-13 09:44:11 - [MESSAGE][PASSED] - Delayed 3 second(s)

2018-11-13 09:44:11 - [TEST_STEP][PASSED] - click: Object: 'Object Repository/ASMV3/Order/Details/button_StartWerkorder' is clicked on

2018-11-13 09:44:11 - [MESSAGE][PASSED] - Object: 'Object Repository/ASMV3/Order/Details/button_StartWerkorder' is clicked on

2018-11-13 09:44:11 - [TEST_STEP][PASSED] - delay: Delayed 3 second(s)

2018-11-13 09:44:14 - [MESSAGE][PASSED] - Delayed 3 second(s)

2018-11-13 09:44:14 - [TEST_STEP][PASSED] - click: Object: 'Object Repository/ASMV3/Order/WizardSteps/wizardStep_Material' is clicked on

2018-11-13 09:44:14 - [MESSAGE][PASSED] - Object: 'Object Repository/ASMV3/Order/WizardSteps/wizardStep_Material' is clicked on

2018-11-13 09:44:14 - [TEST_STEP][PASSED] - delay: Delayed 3 second(s)

2018-11-13 09:44:17 - [MESSAGE][PASSED] - Delayed 3 second(s)

2018-11-13 09:44:17 - [TEST_STEP][PASSED] - click: Object: 'Object Repository/ASMV3/Order/Material/button_ProjectMateriaal' is clicked on

2018-11-13 09:44:17 - [MESSAGE][PASSED] - Object: 'Object Repository/ASMV3/Order/Material/button_ProjectMateriaal' is clicked on

2018-11-13 09:44:17 - [TEST_STEP][PASSED] - waitForElementPresent: Object 'Object Repository/ASMV3/Order/Material/WaitForDialogProjectMateriaal' is present

2018-11-13 09:44:17 - [MESSAGE][PASSED] - Object 'Object Repository/ASMV3/Order/Material/WaitForDialogProjectMateriaal' is present

2018-11-13 09:44:17 - [TEST_STEP][PASSED] - delay: Delayed 20 second(s)

2018-11-13 09:44:37 - [MESSAGE][PASSED] - Delayed 20 second(s)]]></system-out>
         <system-err><![CDATA[]]></system-err>
      </testcase>
      <system-out><![CDATA[2018-11-13 09:43:50 - [TEST_SUITE][PASSED] - ASMV3 Test Suite: Test Cases/ASMV3/OrderVerwerken]]></system-out>
      <system-err><![CDATA[]]></system-err>
   </testsuite>
</testsuites>
