<?xml version="1.0" encoding="UTF-8"?>
<testsuites name="ASMV3 Test Suite" time="72" tests="3" failures="0" errors="0">
   <testsuite name="ASMV3 Test Suite" tests="3" failures="0" errors="0" time="72" timestamp="2018-11-14 16:53:15" hostname="ekroes - ltekroes.acto.nl" id="Test Suites/ASMV3 Test Suite">
      <properties>
         <property name="deviceName" value=""/>
         <property name="devicePlatform" value=""/>
         <property name="logFolder" value="C:\\Users\\ekroes\\git\\AppsTests\\Reports\\ASMV3 Test Suite\\20181114_165313"/>
         <property name="logFiles" value="C:\\Users\\ekroes\\git\\AppsTests\\Reports\\ASMV3 Test Suite\\20181114_165313\\execution0.log"/>
         <property name="attachments" value="C:\\Users\\ekroes\\git\\AppsTests\\Reports\\ASMV3 Test Suite\\20181114_165313\\1542210800909.png"/>
         <property name="hostName" value="ekroes - ltekroes.acto.nl"/>
         <property name="os" value="Windows 10 64bit"/>
         <property name="katalonVersion" value="5.8.0.1"/>
         <property name="browser" value="Chrome 70.0.3538.102"/>
         <property name="hostAddress" value="10.146.8.12"/>
         <property name="sessionId" value="f9e9bf356513d6d91cbc489ebe9a8cc1"/>
         <property name="seleniumVersion" value="3.7.1"/>
         <property name="proxyInformation" value="ProxyInformation{proxyOption=USE_SYSTEM, proxyServerType=HTTP, password=, proxyServerAddress=, proxyServerPort=0}"/>
         <property name="platform" value="Windows 10"/>
      </properties>
      <testcase name="Test Cases/Algemeen/LoginLocalhost" classname="Test Cases/Algemeen/LoginLocalhost" status="PASSED">
         <system-out><![CDATA[2018-11-14 16:53:15 - [TEST_CASE][PASSED] - Test Cases/Algemeen/LoginLocalhost: Test Cases/Algemeen/LoginLocalhost

2018-11-14 16:53:15 - [TEST_STEP][PASSED] - openBrowser: Browser is opened with url: ''

2018-11-14 16:53:18 - [MESSAGE][PASSED] - Browser is opened with url: ''

2018-11-14 16:53:18 - [TEST_STEP][PASSED] - navigateToUrl: Navigate to 'http://localhost/dev/Account/Account/Login.aspx' successfully

2018-11-14 16:53:19 - [MESSAGE][PASSED] - Navigate to 'http://localhost/dev/Account/Account/Login.aspx' successfully

2018-11-14 16:53:19 - [TEST_STEP][PASSED] - setText: Text 'ekroes' is set on object 'Object Repository/LoginPagina/input-Username'

2018-11-14 16:53:19 - [MESSAGE][PASSED] - Text 'ekroes' is set on object 'Object Repository/LoginPagina/input-Username'

2018-11-14 16:53:19 - [TEST_STEP][PASSED] - setText: Text 'Varkenskut_hoera123' is set on object 'Object Repository/LoginPagina/input-Password'

2018-11-14 16:53:19 - [MESSAGE][PASSED] - Text 'Varkenskut_hoera123' is set on object 'Object Repository/LoginPagina/input-Password'

2018-11-14 16:53:19 - [TEST_STEP][PASSED] - click: Object: 'Object Repository/LoginPagina/input_LoginButton' is clicked on

2018-11-14 16:53:19 - [MESSAGE][PASSED] - Object: 'Object Repository/LoginPagina/input_LoginButton' is clicked on

2018-11-14 16:53:19 - [TEST_STEP][PASSED] - waitForElementPresent: Object 'Object Repository/Home/HomeAppTileContainer' is present

2018-11-14 16:53:20 - [MESSAGE][PASSED] - Object 'Object Repository/Home/HomeAppTileContainer' is present

2018-11-14 16:53:20 - [TEST_STEP][PASSED] - Statement - assert true: null]]></system-out>
         <system-err><![CDATA[]]></system-err>
      </testcase>
      <testcase name="Test Cases/ASMV3/HomeIndex" classname="Test Cases/ASMV3/HomeIndex" status="PASSED">
         <system-out><![CDATA[2018-11-14 16:53:20 - [TEST_CASE][PASSED] - Test Cases/ASMV3/HomeIndex: Test Cases/ASMV3/HomeIndex

2018-11-14 16:53:20 - [TEST_STEP][PASSED] - click: Object: 'Object Repository/ASMV3/Home/AsmAppTile' is clicked on

2018-11-14 16:53:20 - [MESSAGE][PASSED] - Object: 'Object Repository/ASMV3/Home/AsmAppTile' is clicked on

2018-11-14 16:53:20 - [TEST_STEP][PASSED] - takeScreenshot: Taking screenshot successfully

2018-11-14 16:53:21 - [MESSAGE][PASSED] - Taking screenshot successfully
[[ATTACHMENT|C:\\Users\\ekroes\\git\\AppsTests\\Reports\\ASMV3 Test Suite\\20181114_165313\\1542210800909.png]]

2018-11-14 16:53:21 - [TEST_STEP][PASSED] - waitForElementPresent: Object 'Object Repository/ASMV3/Home/HomeIndex' is present

2018-11-14 16:53:21 - [MESSAGE][PASSED] - Object 'Object Repository/ASMV3/Home/HomeIndex' is present

2018-11-14 16:53:21 - [TEST_STEP][PASSED] - Statement - assert true: null

2018-11-14 16:53:21 - [TEST_STEP][PASSED] - delay: Delayed 5 second(s)

2018-11-14 16:53:26 - [MESSAGE][PASSED] - Delayed 5 second(s)]]></system-out>
         <system-err><![CDATA[]]></system-err>
      </testcase>
      <testcase name="Test Cases/ASMV3/WerkorderOppakken" classname="Test Cases/ASMV3/WerkorderOppakken" status="PASSED">
         <system-out><![CDATA[2018-11-14 16:53:26 - [TEST_CASE][PASSED] - Test Cases/ASMV3/WerkorderOppakken: Test Cases/ASMV3/WerkorderOppakken

2018-11-14 16:53:26 - [TEST_STEP][PASSED] - click: Object: 'Object Repository/ASMV3/Order/OpenWerkorder' is clicked on

2018-11-14 16:53:26 - [MESSAGE][PASSED] - Object: 'Object Repository/ASMV3/Order/OpenWerkorder' is clicked on

2018-11-14 16:53:26 - [TEST_STEP][PASSED] - delay: Delayed 3 second(s)

2018-11-14 16:53:29 - [MESSAGE][PASSED] - Delayed 3 second(s)

2018-11-14 16:53:29 - [TEST_STEP][PASSED] - click: Object: 'Object Repository/ASMV3/Order/StartWerkorder' is clicked on

2018-11-14 16:53:29 - [MESSAGE][PASSED] - Object: 'Object Repository/ASMV3/Order/StartWerkorder' is clicked on

2018-11-14 16:53:29 - [TEST_STEP][PASSED] - delay: Delayed 3 second(s)

2018-11-14 16:53:32 - [MESSAGE][PASSED] - Delayed 3 second(s)

2018-11-14 16:53:32 - [TEST_STEP][PASSED] - click: Object: 'Object Repository/ASMV3/Order/WizardSteps/wizardStep_Material' is clicked on

2018-11-14 16:53:33 - [MESSAGE][PASSED] - Object: 'Object Repository/ASMV3/Order/WizardSteps/wizardStep_Material' is clicked on

2018-11-14 16:53:33 - [TEST_STEP][PASSED] - delay: Delayed 3 second(s)

2018-11-14 16:53:36 - [MESSAGE][PASSED] - Delayed 3 second(s)

2018-11-14 16:53:36 - [TEST_STEP][PASSED] - click: Object: 'Object Repository/ASMV3/Order/Material/button_Busvoorraad' is clicked on

2018-11-14 16:53:36 - [MESSAGE][PASSED] - Object: 'Object Repository/ASMV3/Order/Material/button_Busvoorraad' is clicked on

2018-11-14 16:53:36 - [TEST_STEP][PASSED] - delay: Delayed 3 second(s)

2018-11-14 16:53:39 - [MESSAGE][PASSED] - Delayed 3 second(s)

2018-11-14 16:53:39 - [TEST_STEP][PASSED] - click: Object: 'Object Repository/ASMV3/Order/Material/button_DialogBusvoorraadSluiten' is clicked on

2018-11-14 16:53:39 - [MESSAGE][PASSED] - Object: 'Object Repository/ASMV3/Order/Material/button_DialogBusvoorraadSluiten' is clicked on

2018-11-14 16:53:39 - [TEST_STEP][PASSED] - delay: Delayed 3 second(s)

2018-11-14 16:53:42 - [MESSAGE][PASSED] - Delayed 3 second(s)

2018-11-14 16:53:42 - [TEST_STEP][PASSED] - click: Object: 'Object Repository/ASMV3/Order/Material/button_Besteld' is clicked on

2018-11-14 16:53:42 - [MESSAGE][PASSED] - Object: 'Object Repository/ASMV3/Order/Material/button_Besteld' is clicked on

2018-11-14 16:53:42 - [TEST_STEP][PASSED] - delay: Delayed 3 second(s)

2018-11-14 16:53:45 - [MESSAGE][PASSED] - Delayed 3 second(s)

2018-11-14 16:53:45 - [TEST_STEP][PASSED] - click: Object: 'Object Repository/ASMV3/Order/Material/button_DialogBesteldSluiten' is clicked on

2018-11-14 16:53:45 - [MESSAGE][PASSED] - Object: 'Object Repository/ASMV3/Order/Material/button_DialogBesteldSluiten' is clicked on

2018-11-14 16:53:45 - [TEST_STEP][PASSED] - delay: Delayed 3 second(s)

2018-11-14 16:53:48 - [MESSAGE][PASSED] - Delayed 3 second(s)

2018-11-14 16:53:48 - [TEST_STEP][PASSED] - click: Object: 'Object Repository/ASMV3/Order/Material/button_ProjectMateriaal' is clicked on

2018-11-14 16:53:48 - [MESSAGE][PASSED] - Object: 'Object Repository/ASMV3/Order/Material/button_ProjectMateriaal' is clicked on

2018-11-14 16:53:48 - [TEST_STEP][PASSED] - delay: Delayed 3 second(s)

2018-11-14 16:53:51 - [MESSAGE][PASSED] - Delayed 3 second(s)

2018-11-14 16:53:51 - [TEST_STEP][PASSED] - setText: Text '6000 meter verlengsnoer E-Bike goed voor 4 km fietsen' is set on object 'Object Repository/ASMV3/Order/Material/input_ProjectMateriaalRegel'

2018-11-14 16:53:52 - [MESSAGE][PASSED] - Text '6000 meter verlengsnoer E-Bike goed voor 4 km fietsen' is set on object 'Object Repository/ASMV3/Order/Material/input_ProjectMateriaalRegel'

2018-11-14 16:53:52 - [TEST_STEP][PASSED] - delay: Delayed 3 second(s)

2018-11-14 16:53:55 - [MESSAGE][PASSED] - Delayed 3 second(s)

2018-11-14 16:53:55 - [TEST_STEP][PASSED] - click: Object: 'Object Repository/ASMV3/Order/Material/button_ProjectMateriaalAnnuleren' is clicked on

2018-11-14 16:53:55 - [MESSAGE][PASSED] - Object: 'Object Repository/ASMV3/Order/Material/button_ProjectMateriaalAnnuleren' is clicked on

2018-11-14 16:53:55 - [TEST_STEP][PASSED] - delay: Delayed 3 second(s)

2018-11-14 16:53:58 - [MESSAGE][PASSED] - Delayed 3 second(s)

2018-11-14 16:53:58 - [TEST_STEP][PASSED] - click: Object: 'Object Repository/ASMV3/Order/Material/button_ProjectMateriaal' is clicked on

2018-11-14 16:53:58 - [MESSAGE][PASSED] - Object: 'Object Repository/ASMV3/Order/Material/button_ProjectMateriaal' is clicked on

2018-11-14 16:53:58 - [TEST_STEP][PASSED] - delay: Delayed 3 second(s)

2018-11-14 16:54:01 - [MESSAGE][PASSED] - Delayed 3 second(s)

2018-11-14 16:54:01 - [TEST_STEP][PASSED] - setText: Text '6000 meter verlengsnoer E-Bike goed voor 4 km fietsen' is set on object 'Object Repository/ASMV3/Order/Material/input_ProjectMateriaalRegel'

2018-11-14 16:54:01 - [MESSAGE][PASSED] - Text '6000 meter verlengsnoer E-Bike goed voor 4 km fietsen' is set on object 'Object Repository/ASMV3/Order/Material/input_ProjectMateriaalRegel'

2018-11-14 16:54:01 - [TEST_STEP][PASSED] - delay: Delayed 3 second(s)

2018-11-14 16:54:04 - [MESSAGE][PASSED] - Delayed 3 second(s)

2018-11-14 16:54:04 - [TEST_STEP][PASSED] - click: Object: 'Object Repository/ASMV3/Order/Material/addProjectMateriaalPlus' is clicked on

2018-11-14 16:54:04 - [MESSAGE][PASSED] - Object: 'Object Repository/ASMV3/Order/Material/addProjectMateriaalPlus' is clicked on

2018-11-14 16:54:04 - [TEST_STEP][PASSED] - delay: Delayed 3 second(s)

2018-11-14 16:54:07 - [MESSAGE][PASSED] - Delayed 3 second(s)

2018-11-14 16:54:07 - [TEST_STEP][PASSED] - click: Object: 'Object Repository/ASMV3/Order/Material/addProjectMateriaalPlus' is clicked on

2018-11-14 16:54:08 - [MESSAGE][PASSED] - Object: 'Object Repository/ASMV3/Order/Material/addProjectMateriaalPlus' is clicked on

2018-11-14 16:54:08 - [TEST_STEP][PASSED] - delay: Delayed 3 second(s)

2018-11-14 16:54:11 - [MESSAGE][PASSED] - Delayed 3 second(s)

2018-11-14 16:54:11 - [TEST_STEP][PASSED] - click: Object: 'Object Repository/ASMV3/Order/Material/addProjectMateriaalMin' is clicked on

2018-11-14 16:54:11 - [MESSAGE][PASSED] - Object: 'Object Repository/ASMV3/Order/Material/addProjectMateriaalMin' is clicked on

2018-11-14 16:54:11 - [TEST_STEP][PASSED] - delay: Delayed 3 second(s)

2018-11-14 16:54:14 - [MESSAGE][PASSED] - Delayed 3 second(s)

2018-11-14 16:54:14 - [TEST_STEP][PASSED] - click: Object: 'Object Repository/ASMV3/Order/Material/button_ProjectMateriaalOpslaan' is clicked on

2018-11-14 16:54:14 - [MESSAGE][PASSED] - Object: 'Object Repository/ASMV3/Order/Material/button_ProjectMateriaalOpslaan' is clicked on

2018-11-14 16:54:14 - [TEST_STEP][PASSED] - delay: Delayed 3 second(s)

2018-11-14 16:54:17 - [MESSAGE][PASSED] - Delayed 3 second(s)

2018-11-14 16:54:17 - [TEST_STEP][PASSED] - click: Object: 'Object Repository/ASMV3/Order/WizardSteps/wizardStep_Time' is clicked on

2018-11-14 16:54:17 - [MESSAGE][PASSED] - Object: 'Object Repository/ASMV3/Order/WizardSteps/wizardStep_Time' is clicked on

2018-11-14 16:54:17 - [TEST_STEP][PASSED] - delay: Delayed 3 second(s)

2018-11-14 16:54:20 - [MESSAGE][PASSED] - Delayed 3 second(s)

2018-11-14 16:54:20 - [TEST_STEP][PASSED] - setText: Text '2:00' is set on object 'Object Repository/ASMV3/Order/Time/input_CommercialHours'

2018-11-14 16:54:20 - [MESSAGE][PASSED] - Text '2:00' is set on object 'Object Repository/ASMV3/Order/Time/input_CommercialHours'

2018-11-14 16:54:20 - [TEST_STEP][PASSED] - delay: Delayed 3 second(s)

2018-11-14 16:54:23 - [MESSAGE][PASSED] - Delayed 3 second(s)

2018-11-14 16:54:23 - [TEST_STEP][PASSED] - click: Object: 'Object Repository/ASMV3/Order/Time/button_AddCommercialHours' is clicked on

2018-11-14 16:54:23 - [MESSAGE][PASSED] - Object: 'Object Repository/ASMV3/Order/Time/button_AddCommercialHours' is clicked on

2018-11-14 16:54:23 - [TEST_STEP][PASSED] - delay: Delayed 3 second(s)

2018-11-14 16:54:26 - [MESSAGE][PASSED] - Delayed 3 second(s)]]></system-out>
         <system-err><![CDATA[]]></system-err>
      </testcase>
      <system-out><![CDATA[2018-11-14 16:53:15 - [TEST_SUITE][PASSED] - ASMV3 Test Suite: Test Cases/ASMV3/WerkorderOppakken]]></system-out>
      <system-err><![CDATA[]]></system-err>
   </testsuite>
</testsuites>
