<?xml version="1.0" encoding="UTF-8"?>
<testsuites name="ASMV3 Test Suite" time="91" tests="3" failures="0" errors="0">
   <testsuite name="ASMV3 Test Suite" tests="3" failures="0" errors="0" time="91" timestamp="2018-11-15 11:42:16" hostname="ekroes - ltekroes.acto.nl" id="Test Suites/ASMV3 Test Suite">
      <properties>
         <property name="deviceName" value=""/>
         <property name="devicePlatform" value=""/>
         <property name="logFolder" value="C:\\Users\\ekroes\\git\\AppsTests\\Reports\\ASMV3 Test Suite\\20181115_114215"/>
         <property name="logFiles" value="C:\\Users\\ekroes\\git\\AppsTests\\Reports\\ASMV3 Test Suite\\20181115_114215\\execution0.log"/>
         <property name="attachments" value="C:\\Users\\ekroes\\git\\AppsTests\\Reports\\ASMV3 Test Suite\\20181115_114215\\1542278541790.png"/>
         <property name="hostName" value="ekroes - ltekroes.acto.nl"/>
         <property name="os" value="Windows 10 64bit"/>
         <property name="katalonVersion" value="5.8.0.1"/>
         <property name="browser" value="Chrome 70.0.3538.102"/>
         <property name="hostAddress" value="10.146.8.12"/>
         <property name="sessionId" value="e4abdb849404ae52c34767f7be70a4ac"/>
         <property name="seleniumVersion" value="3.7.1"/>
         <property name="proxyInformation" value="ProxyInformation{proxyOption=USE_SYSTEM, proxyServerType=HTTP, password=, proxyServerAddress=, proxyServerPort=0}"/>
         <property name="platform" value="Windows 10"/>
      </properties>
      <testcase name="Test Cases/Algemeen/LoginLocalhost" classname="Test Cases/Algemeen/LoginLocalhost" status="PASSED">
         <system-out><![CDATA[2018-11-15 11:42:16 - [TEST_CASE][PASSED] - Test Cases/Algemeen/LoginLocalhost: Test Cases/Algemeen/LoginLocalhost

2018-11-15 11:42:16 - [TEST_STEP][PASSED] - openBrowser: Browser is opened with url: ''

2018-11-15 11:42:20 - [MESSAGE][PASSED] - Browser is opened with url: ''

2018-11-15 11:42:20 - [TEST_STEP][PASSED] - navigateToUrl: Navigate to 'http://localhost/dev/Account/Account/Login.aspx' successfully

2018-11-15 11:42:20 - [MESSAGE][PASSED] - Navigate to 'http://localhost/dev/Account/Account/Login.aspx' successfully

2018-11-15 11:42:20 - [TEST_STEP][PASSED] - setText: Text 'ekroes' is set on object 'Object Repository/LoginPagina/input-Username'

2018-11-15 11:42:20 - [MESSAGE][PASSED] - Text 'ekroes' is set on object 'Object Repository/LoginPagina/input-Username'

2018-11-15 11:42:20 - [TEST_STEP][PASSED] - setText: Text 'Varkenskut_hoera123' is set on object 'Object Repository/LoginPagina/input-Password'

2018-11-15 11:42:20 - [MESSAGE][PASSED] - Text 'Varkenskut_hoera123' is set on object 'Object Repository/LoginPagina/input-Password'

2018-11-15 11:42:20 - [TEST_STEP][PASSED] - click: Object: 'Object Repository/LoginPagina/input_LoginButton' is clicked on

2018-11-15 11:42:20 - [MESSAGE][PASSED] - Object: 'Object Repository/LoginPagina/input_LoginButton' is clicked on

2018-11-15 11:42:20 - [TEST_STEP][PASSED] - waitForElementPresent: Object 'Object Repository/Home/HomeAppTileContainer' is present

2018-11-15 11:42:21 - [MESSAGE][PASSED] - Object 'Object Repository/Home/HomeAppTileContainer' is present

2018-11-15 11:42:21 - [TEST_STEP][PASSED] - Statement - assert true: null]]></system-out>
         <system-err><![CDATA[]]></system-err>
      </testcase>
      <testcase name="Test Cases/ASMV3/HomeIndex" classname="Test Cases/ASMV3/HomeIndex" status="PASSED">
         <system-out><![CDATA[2018-11-15 11:42:21 - [TEST_CASE][PASSED] - Test Cases/ASMV3/HomeIndex: Test Cases/ASMV3/HomeIndex

2018-11-15 11:42:21 - [TEST_STEP][PASSED] - click: Object: 'Object Repository/ASMV3/Home/AsmAppTile' is clicked on

2018-11-15 11:42:21 - [MESSAGE][PASSED] - Object: 'Object Repository/ASMV3/Home/AsmAppTile' is clicked on

2018-11-15 11:42:21 - [TEST_STEP][PASSED] - takeScreenshot: Taking screenshot successfully

2018-11-15 11:42:22 - [MESSAGE][PASSED] - Taking screenshot successfully
[[ATTACHMENT|C:\\Users\\ekroes\\git\\AppsTests\\Reports\\ASMV3 Test Suite\\20181115_114215\\1542278541790.png]]

2018-11-15 11:42:22 - [TEST_STEP][PASSED] - waitForElementPresent: Object 'Object Repository/ASMV3/Home/HomeIndex' is present

2018-11-15 11:42:22 - [MESSAGE][PASSED] - Object 'Object Repository/ASMV3/Home/HomeIndex' is present

2018-11-15 11:42:22 - [TEST_STEP][PASSED] - Statement - assert true: null

2018-11-15 11:42:22 - [TEST_STEP][PASSED] - delay: Delayed 5 second(s)

2018-11-15 11:42:27 - [MESSAGE][PASSED] - Delayed 5 second(s)]]></system-out>
         <system-err><![CDATA[]]></system-err>
      </testcase>
      <testcase name="Test Cases/ASMV3/WerkorderOppakken" classname="Test Cases/ASMV3/WerkorderOppakken" status="PASSED">
         <system-out><![CDATA[2018-11-15 11:42:27 - [TEST_CASE][PASSED] - Test Cases/ASMV3/WerkorderOppakken: Test Cases/ASMV3/WerkorderOppakken

2018-11-15 11:42:27 - [TEST_STEP][PASSED] - click: Object: 'Object Repository/ASMV3/Order/OpenWerkorder' is clicked on

2018-11-15 11:42:27 - [MESSAGE][PASSED] - Object: 'Object Repository/ASMV3/Order/OpenWerkorder' is clicked on

2018-11-15 11:42:27 - [TEST_STEP][PASSED] - delay: Delayed 3 second(s)

2018-11-15 11:42:30 - [MESSAGE][PASSED] - Delayed 3 second(s)

2018-11-15 11:42:30 - [TEST_STEP][PASSED] - click: Object: 'Object Repository/ASMV3/Order/StartWerkorder' is clicked on

2018-11-15 11:42:30 - [MESSAGE][PASSED] - Object: 'Object Repository/ASMV3/Order/StartWerkorder' is clicked on

2018-11-15 11:42:30 - [TEST_STEP][PASSED] - delay: Delayed 3 second(s)

2018-11-15 11:42:33 - [MESSAGE][PASSED] - Delayed 3 second(s)

2018-11-15 11:42:33 - [TEST_STEP][PASSED] - click: Object: 'Object Repository/ASMV3/Order/WizardSteps/wizardStep_Material' is clicked on

2018-11-15 11:42:33 - [MESSAGE][PASSED] - Object: 'Object Repository/ASMV3/Order/WizardSteps/wizardStep_Material' is clicked on

2018-11-15 11:42:33 - [TEST_STEP][PASSED] - delay: Delayed 3 second(s)

2018-11-15 11:42:36 - [MESSAGE][PASSED] - Delayed 3 second(s)

2018-11-15 11:42:36 - [TEST_STEP][PASSED] - click: Object: 'Object Repository/ASMV3/Order/Material/button_Busvoorraad' is clicked on

2018-11-15 11:42:37 - [MESSAGE][PASSED] - Object: 'Object Repository/ASMV3/Order/Material/button_Busvoorraad' is clicked on

2018-11-15 11:42:37 - [TEST_STEP][PASSED] - delay: Delayed 3 second(s)

2018-11-15 11:42:40 - [MESSAGE][PASSED] - Delayed 3 second(s)

2018-11-15 11:42:40 - [TEST_STEP][PASSED] - click: Object: 'Object Repository/ASMV3/Order/Material/button_DialogBusvoorraadSluiten' is clicked on

2018-11-15 11:42:40 - [MESSAGE][PASSED] - Object: 'Object Repository/ASMV3/Order/Material/button_DialogBusvoorraadSluiten' is clicked on

2018-11-15 11:42:40 - [TEST_STEP][PASSED] - delay: Delayed 3 second(s)

2018-11-15 11:42:43 - [MESSAGE][PASSED] - Delayed 3 second(s)

2018-11-15 11:42:43 - [TEST_STEP][PASSED] - click: Object: 'Object Repository/ASMV3/Order/Material/button_Besteld' is clicked on

2018-11-15 11:42:43 - [MESSAGE][PASSED] - Object: 'Object Repository/ASMV3/Order/Material/button_Besteld' is clicked on

2018-11-15 11:42:43 - [TEST_STEP][PASSED] - delay: Delayed 3 second(s)

2018-11-15 11:42:46 - [MESSAGE][PASSED] - Delayed 3 second(s)

2018-11-15 11:42:46 - [TEST_STEP][PASSED] - click: Object: 'Object Repository/ASMV3/Order/Material/button_DialogBesteldSluiten' is clicked on

2018-11-15 11:42:46 - [MESSAGE][PASSED] - Object: 'Object Repository/ASMV3/Order/Material/button_DialogBesteldSluiten' is clicked on

2018-11-15 11:42:46 - [TEST_STEP][PASSED] - delay: Delayed 3 second(s)

2018-11-15 11:42:49 - [MESSAGE][PASSED] - Delayed 3 second(s)

2018-11-15 11:42:49 - [TEST_STEP][PASSED] - click: Object: 'Object Repository/ASMV3/Order/Material/button_ProjectMateriaal' is clicked on

2018-11-15 11:42:49 - [MESSAGE][PASSED] - Object: 'Object Repository/ASMV3/Order/Material/button_ProjectMateriaal' is clicked on

2018-11-15 11:42:49 - [TEST_STEP][PASSED] - delay: Delayed 3 second(s)

2018-11-15 11:42:52 - [MESSAGE][PASSED] - Delayed 3 second(s)

2018-11-15 11:42:52 - [TEST_STEP][PASSED] - setText: Text '6000 meter verlengsnoer E-Bike goed voor 4 km fietsen' is set on object 'Object Repository/ASMV3/Order/Material/input_ProjectMateriaalRegel'

2018-11-15 11:42:52 - [MESSAGE][PASSED] - Text '6000 meter verlengsnoer E-Bike goed voor 4 km fietsen' is set on object 'Object Repository/ASMV3/Order/Material/input_ProjectMateriaalRegel'

2018-11-15 11:42:52 - [TEST_STEP][PASSED] - delay: Delayed 3 second(s)

2018-11-15 11:42:55 - [MESSAGE][PASSED] - Delayed 3 second(s)

2018-11-15 11:42:55 - [TEST_STEP][PASSED] - click: Object: 'Object Repository/ASMV3/Order/Material/button_ProjectMateriaalAnnuleren' is clicked on

2018-11-15 11:42:56 - [MESSAGE][PASSED] - Object: 'Object Repository/ASMV3/Order/Material/button_ProjectMateriaalAnnuleren' is clicked on

2018-11-15 11:42:56 - [TEST_STEP][PASSED] - delay: Delayed 3 second(s)

2018-11-15 11:42:59 - [MESSAGE][PASSED] - Delayed 3 second(s)

2018-11-15 11:42:59 - [TEST_STEP][PASSED] - click: Object: 'Object Repository/ASMV3/Order/Material/button_ProjectMateriaal' is clicked on

2018-11-15 11:42:59 - [MESSAGE][PASSED] - Object: 'Object Repository/ASMV3/Order/Material/button_ProjectMateriaal' is clicked on

2018-11-15 11:42:59 - [TEST_STEP][PASSED] - delay: Delayed 3 second(s)

2018-11-15 11:43:02 - [MESSAGE][PASSED] - Delayed 3 second(s)

2018-11-15 11:43:02 - [TEST_STEP][PASSED] - setText: Text '6000 meter verlengsnoer E-Bike goed voor 4 km fietsen' is set on object 'Object Repository/ASMV3/Order/Material/input_ProjectMateriaalRegel'

2018-11-15 11:43:02 - [MESSAGE][PASSED] - Text '6000 meter verlengsnoer E-Bike goed voor 4 km fietsen' is set on object 'Object Repository/ASMV3/Order/Material/input_ProjectMateriaalRegel'

2018-11-15 11:43:02 - [TEST_STEP][PASSED] - delay: Delayed 3 second(s)

2018-11-15 11:43:05 - [MESSAGE][PASSED] - Delayed 3 second(s)

2018-11-15 11:43:05 - [TEST_STEP][PASSED] - click: Object: 'Object Repository/ASMV3/Order/Material/addProjectMateriaalPlus' is clicked on

2018-11-15 11:43:05 - [MESSAGE][PASSED] - Object: 'Object Repository/ASMV3/Order/Material/addProjectMateriaalPlus' is clicked on

2018-11-15 11:43:05 - [TEST_STEP][PASSED] - delay: Delayed 3 second(s)

2018-11-15 11:43:08 - [MESSAGE][PASSED] - Delayed 3 second(s)

2018-11-15 11:43:08 - [TEST_STEP][PASSED] - click: Object: 'Object Repository/ASMV3/Order/Material/addProjectMateriaalPlus' is clicked on

2018-11-15 11:43:08 - [MESSAGE][PASSED] - Object: 'Object Repository/ASMV3/Order/Material/addProjectMateriaalPlus' is clicked on

2018-11-15 11:43:08 - [TEST_STEP][PASSED] - delay: Delayed 3 second(s)

2018-11-15 11:43:11 - [MESSAGE][PASSED] - Delayed 3 second(s)

2018-11-15 11:43:11 - [TEST_STEP][PASSED] - click: Object: 'Object Repository/ASMV3/Order/Material/addProjectMateriaalMin' is clicked on

2018-11-15 11:43:11 - [MESSAGE][PASSED] - Object: 'Object Repository/ASMV3/Order/Material/addProjectMateriaalMin' is clicked on

2018-11-15 11:43:11 - [TEST_STEP][PASSED] - delay: Delayed 3 second(s)

2018-11-15 11:43:14 - [MESSAGE][PASSED] - Delayed 3 second(s)

2018-11-15 11:43:14 - [TEST_STEP][PASSED] - click: Object: 'Object Repository/ASMV3/Order/Material/button_ProjectMateriaalOpslaan' is clicked on

2018-11-15 11:43:14 - [MESSAGE][PASSED] - Object: 'Object Repository/ASMV3/Order/Material/button_ProjectMateriaalOpslaan' is clicked on

2018-11-15 11:43:14 - [TEST_STEP][PASSED] - delay: Delayed 3 second(s)

2018-11-15 11:43:17 - [MESSAGE][PASSED] - Delayed 3 second(s)

2018-11-15 11:43:17 - [TEST_STEP][PASSED] - click: Object: 'Object Repository/ASMV3/Order/WizardSteps/wizardStep_Time' is clicked on

2018-11-15 11:43:18 - [MESSAGE][PASSED] - Object: 'Object Repository/ASMV3/Order/WizardSteps/wizardStep_Time' is clicked on

2018-11-15 11:43:18 - [TEST_STEP][PASSED] - delay: Delayed 3 second(s)

2018-11-15 11:43:21 - [MESSAGE][PASSED] - Delayed 3 second(s)

2018-11-15 11:43:21 - [TEST_STEP][PASSED] - setText: Text '4:25' is set on object 'Object Repository/ASMV3/Order/Time/input_CommercialHours'

2018-11-15 11:43:21 - [MESSAGE][PASSED] - Text '4:25' is set on object 'Object Repository/ASMV3/Order/Time/input_CommercialHours'

2018-11-15 11:43:21 - [TEST_STEP][PASSED] - delay: Delayed 3 second(s)

2018-11-15 11:43:24 - [MESSAGE][PASSED] - Delayed 3 second(s)

2018-11-15 11:43:24 - [TEST_STEP][PASSED] - focus: Object: 'Object Repository/ASMV3/Order/Time/button_AddCommercialHours' is focused

2018-11-15 11:43:24 - [MESSAGE][PASSED] - Object: 'Object Repository/ASMV3/Order/Time/button_AddCommercialHours' is focused

2018-11-15 11:43:24 - [TEST_STEP][PASSED] - click: Object: 'Object Repository/ASMV3/Order/Time/button_AddCommercialHours' is clicked on

2018-11-15 11:43:24 - [MESSAGE][PASSED] - Object: 'Object Repository/ASMV3/Order/Time/button_AddCommercialHours' is clicked on

2018-11-15 11:43:24 - [TEST_STEP][PASSED] - delay: Delayed 3 second(s)

2018-11-15 11:43:27 - [MESSAGE][PASSED] - Delayed 3 second(s)

2018-11-15 11:43:27 - [TEST_STEP][PASSED] - setText: Text '1:45' is set on object 'Object Repository/ASMV3/Order/Time/input_TravelHours'

2018-11-15 11:43:27 - [MESSAGE][PASSED] - Text '1:45' is set on object 'Object Repository/ASMV3/Order/Time/input_TravelHours'

2018-11-15 11:43:27 - [TEST_STEP][PASSED] - delay: Delayed 3 second(s)

2018-11-15 11:43:30 - [MESSAGE][PASSED] - Delayed 3 second(s)

2018-11-15 11:43:30 - [TEST_STEP][PASSED] - selectOptionByIndex: All options with index in [1] are selected on object 'Object Repository/ASMV3/Order/Time/input_TravelInOut'

2018-11-15 11:43:30 - [MESSAGE][PASSED] - All options with index in [1] are selected on object 'Object Repository/ASMV3/Order/Time/input_TravelInOut'

2018-11-15 11:43:30 - [TEST_STEP][PASSED] - delay: Delayed 3 second(s)

2018-11-15 11:43:33 - [MESSAGE][PASSED] - Delayed 3 second(s)

2018-11-15 11:43:33 - [TEST_STEP][PASSED] - click: Object: 'Object Repository/ASMV3/Order/Time/button_AddTravelHours' is clicked on

2018-11-15 11:43:33 - [MESSAGE][PASSED] - Object: 'Object Repository/ASMV3/Order/Time/button_AddTravelHours' is clicked on

2018-11-15 11:43:33 - [TEST_STEP][PASSED] - delay: Delayed 3 second(s)

2018-11-15 11:43:36 - [MESSAGE][PASSED] - Delayed 3 second(s)

2018-11-15 11:43:36 - [TEST_STEP][PASSED] - click: Object: 'Object Repository/ASMV3/Order/WizardSteps/wizardStep_Resume' is clicked on

2018-11-15 11:43:37 - [MESSAGE][PASSED] - Object: 'Object Repository/ASMV3/Order/WizardSteps/wizardStep_Resume' is clicked on

2018-11-15 11:43:37 - [TEST_STEP][PASSED] - delay: Delayed 10 second(s)

2018-11-15 11:43:47 - [MESSAGE][PASSED] - Delayed 10 second(s)]]></system-out>
         <system-err><![CDATA[]]></system-err>
      </testcase>
      <system-out><![CDATA[2018-11-15 11:42:16 - [TEST_SUITE][PASSED] - ASMV3 Test Suite: Test Cases/ASMV3/WerkorderOppakken]]></system-out>
      <system-err><![CDATA[]]></system-err>
   </testsuite>
</testsuites>
