<?xml version="1.0" encoding="UTF-8"?>
<testsuites name="ASMV3 Test Suite - Handtekening-Gereedmelden" time="114" tests="3" failures="0" errors="0">
   <testsuite name="ASMV3 Test Suite - Handtekening-Gereedmelden" tests="3" failures="0" errors="0" time="114" timestamp="2018-11-20 11:19:54" hostname="ekroes - ltekroes.acto.nl" id="Test Suites/ASMV3 Test Suite - Handtekening-Gereedmelden">
      <properties>
         <property name="deviceName" value=""/>
         <property name="devicePlatform" value=""/>
         <property name="logFolder" value="C:\\Users\\ekroes\\git\\AppsTests\\Reports\\ASMV3 Test Suite - Handtekening-Gereedmelden\\20181120_111952"/>
         <property name="logFiles" value="C:\\Users\\ekroes\\git\\AppsTests\\Reports\\ASMV3 Test Suite - Handtekening-Gereedmelden\\20181120_111952\\execution0.log"/>
         <property name="attachments" value="C:\\Users\\ekroes\\git\\AppsTests\\Reports\\ASMV3 Test Suite - Handtekening-Gereedmelden\\20181120_111952\\1542709199602.png"/>
         <property name="hostName" value="ekroes - ltekroes.acto.nl"/>
         <property name="os" value="Windows 10 64bit"/>
         <property name="katalonVersion" value="5.8.0.1"/>
         <property name="browser" value="Chrome 70.0.3538.110"/>
         <property name="hostAddress" value="10.146.8.12"/>
         <property name="sessionId" value="5b51eac2bcf103e7ac81a49f4e0eea13"/>
         <property name="seleniumVersion" value="3.7.1"/>
         <property name="proxyInformation" value="ProxyInformation{proxyOption=USE_SYSTEM, proxyServerType=HTTP, password=, proxyServerAddress=, proxyServerPort=0}"/>
         <property name="platform" value="Windows 10"/>
      </properties>
      <testcase name="Test Cases/Algemeen/LoginLocalhost" classname="Test Cases/Algemeen/LoginLocalhost" status="PASSED">
         <system-out><![CDATA[2018-11-20 11:19:54 - [TEST_CASE][PASSED] - Test Cases/Algemeen/LoginLocalhost: Test Cases/Algemeen/LoginLocalhost

2018-11-20 11:19:54 - [TEST_STEP][PASSED] - openBrowser: Browser is opened with url: ''

2018-11-20 11:19:57 - [MESSAGE][PASSED] - Browser is opened with url: ''

2018-11-20 11:19:57 - [TEST_STEP][PASSED] - navigateToUrl: Navigate to 'http://localhost/dev/Account/Account/Login.aspx' successfully

2018-11-20 11:19:58 - [MESSAGE][PASSED] - Navigate to 'http://localhost/dev/Account/Account/Login.aspx' successfully

2018-11-20 11:19:58 - [TEST_STEP][PASSED] - setText: Text 'ekroes' is set on object 'Object Repository/LoginPagina/input-Username'

2018-11-20 11:19:58 - [MESSAGE][PASSED] - Text 'ekroes' is set on object 'Object Repository/LoginPagina/input-Username'

2018-11-20 11:19:58 - [TEST_STEP][PASSED] - setText: Text 'Varkenskut_hoera123' is set on object 'Object Repository/LoginPagina/input-Password'

2018-11-20 11:19:58 - [MESSAGE][PASSED] - Text 'Varkenskut_hoera123' is set on object 'Object Repository/LoginPagina/input-Password'

2018-11-20 11:19:58 - [TEST_STEP][PASSED] - click: Object: 'Object Repository/LoginPagina/input_LoginButton' is clicked on

2018-11-20 11:19:58 - [MESSAGE][PASSED] - Object: 'Object Repository/LoginPagina/input_LoginButton' is clicked on

2018-11-20 11:19:58 - [TEST_STEP][PASSED] - waitForElementPresent: Object 'Object Repository/Home/HomeAppTileContainer' is present

2018-11-20 11:19:59 - [MESSAGE][PASSED] - Object 'Object Repository/Home/HomeAppTileContainer' is present

2018-11-20 11:19:59 - [TEST_STEP][PASSED] - Statement - assert true: null]]></system-out>
         <system-err><![CDATA[]]></system-err>
      </testcase>
      <testcase name="Test Cases/ASMV3/HomeIndex" classname="Test Cases/ASMV3/HomeIndex" status="PASSED">
         <system-out><![CDATA[2018-11-20 11:19:59 - [TEST_CASE][PASSED] - Test Cases/ASMV3/HomeIndex: Test Cases/ASMV3/HomeIndex

2018-11-20 11:19:59 - [TEST_STEP][PASSED] - click: Object: 'Object Repository/ASMV3/Home/AsmAppTile' is clicked on

2018-11-20 11:19:59 - [MESSAGE][PASSED] - Object: 'Object Repository/ASMV3/Home/AsmAppTile' is clicked on

2018-11-20 11:19:59 - [TEST_STEP][PASSED] - takeScreenshot: Taking screenshot successfully

2018-11-20 11:19:59 - [MESSAGE][PASSED] - Taking screenshot successfully
[[ATTACHMENT|C:\\Users\\ekroes\\git\\AppsTests\\Reports\\ASMV3 Test Suite - Handtekening-Gereedmelden\\20181120_111952\\1542709199602.png]]

2018-11-20 11:19:59 - [TEST_STEP][PASSED] - waitForElementPresent: Object 'Object Repository/ASMV3/Home/HomeIndex' is present

2018-11-20 11:20:00 - [MESSAGE][PASSED] - Object 'Object Repository/ASMV3/Home/HomeIndex' is present

2018-11-20 11:20:00 - [TEST_STEP][PASSED] - Statement - assert true: null

2018-11-20 11:20:00 - [TEST_STEP][PASSED] - delay: Delayed 5 second(s)

2018-11-20 11:20:05 - [MESSAGE][PASSED] - Delayed 5 second(s)]]></system-out>
         <system-err><![CDATA[]]></system-err>
      </testcase>
      <testcase name="Test Cases/ASMV3/WerkorderOppakken-Handtekening-Gereedmelden" classname="Test Cases/ASMV3/WerkorderOppakken-Handtekening-Gereedmelden" status="PASSED">
         <system-out><![CDATA[2018-11-20 11:20:05 - [TEST_CASE][PASSED] - Test Cases/ASMV3/WerkorderOppakken-Handtekening-Gereedmelden: Test Cases/ASMV3/WerkorderOppakken-Handtekening-Gereedmelden

2018-11-20 11:20:05 - [TEST_STEP][PASSED] - click: Object: 'Object Repository/ASMV3/Order/OpenWerkorder' is clicked on

2018-11-20 11:20:05 - [MESSAGE][PASSED] - Object: 'Object Repository/ASMV3/Order/OpenWerkorder' is clicked on

2018-11-20 11:20:05 - [TEST_STEP][PASSED] - delay: Delayed 3 second(s)

2018-11-20 11:20:08 - [MESSAGE][PASSED] - Delayed 3 second(s)

2018-11-20 11:20:08 - [TEST_STEP][PASSED] - click: Object: 'Object Repository/ASMV3/Order/StartWerkorder' is clicked on

2018-11-20 11:20:08 - [MESSAGE][PASSED] - Object: 'Object Repository/ASMV3/Order/StartWerkorder' is clicked on

2018-11-20 11:20:08 - [TEST_STEP][PASSED] - delay: Delayed 3 second(s)

2018-11-20 11:20:11 - [MESSAGE][PASSED] - Delayed 3 second(s)

2018-11-20 11:20:11 - [TEST_STEP][PASSED] - click: Object: 'Object Repository/ASMV3/Order/WizardSteps/wizardStep_Material' is clicked on

2018-11-20 11:20:11 - [MESSAGE][PASSED] - Object: 'Object Repository/ASMV3/Order/WizardSteps/wizardStep_Material' is clicked on

2018-11-20 11:20:11 - [TEST_STEP][PASSED] - delay: Delayed 3 second(s)

2018-11-20 11:20:14 - [MESSAGE][PASSED] - Delayed 3 second(s)

2018-11-20 11:20:14 - [TEST_STEP][PASSED] - click: Object: 'Object Repository/ASMV3/Order/Material/Input Objects/button_Busvoorraad' is clicked on

2018-11-20 11:20:14 - [MESSAGE][PASSED] - Object: 'Object Repository/ASMV3/Order/Material/Input Objects/button_Busvoorraad' is clicked on

2018-11-20 11:20:14 - [TEST_STEP][PASSED] - delay: Delayed 3 second(s)

2018-11-20 11:20:17 - [MESSAGE][PASSED] - Delayed 3 second(s)

2018-11-20 11:20:17 - [TEST_STEP][PASSED] - click: Object: 'Object Repository/ASMV3/Order/Material/Input Objects/button_DialogBusvoorraadSluiten' is clicked on

2018-11-20 11:20:18 - [MESSAGE][PASSED] - Object: 'Object Repository/ASMV3/Order/Material/Input Objects/button_DialogBusvoorraadSluiten' is clicked on

2018-11-20 11:20:18 - [TEST_STEP][PASSED] - delay: Delayed 3 second(s)

2018-11-20 11:20:21 - [MESSAGE][PASSED] - Delayed 3 second(s)

2018-11-20 11:20:21 - [TEST_STEP][PASSED] - click: Object: 'Object Repository/ASMV3/Order/Material/Input Objects/button_Besteld' is clicked on

2018-11-20 11:20:21 - [MESSAGE][PASSED] - Object: 'Object Repository/ASMV3/Order/Material/Input Objects/button_Besteld' is clicked on

2018-11-20 11:20:21 - [TEST_STEP][PASSED] - delay: Delayed 3 second(s)

2018-11-20 11:20:24 - [MESSAGE][PASSED] - Delayed 3 second(s)

2018-11-20 11:20:24 - [TEST_STEP][PASSED] - click: Object: 'Object Repository/ASMV3/Order/Material/Input Objects/button_DialogBesteldSluiten' is clicked on

2018-11-20 11:20:24 - [MESSAGE][PASSED] - Object: 'Object Repository/ASMV3/Order/Material/Input Objects/button_DialogBesteldSluiten' is clicked on

2018-11-20 11:20:24 - [TEST_STEP][PASSED] - delay: Delayed 3 second(s)

2018-11-20 11:20:27 - [MESSAGE][PASSED] - Delayed 3 second(s)

2018-11-20 11:20:27 - [TEST_STEP][PASSED] - click: Object: 'Object Repository/ASMV3/Order/Material/Input Objects/button_ProjectMateriaal' is clicked on

2018-11-20 11:20:27 - [MESSAGE][PASSED] - Object: 'Object Repository/ASMV3/Order/Material/Input Objects/button_ProjectMateriaal' is clicked on

2018-11-20 11:20:27 - [TEST_STEP][PASSED] - delay: Delayed 3 second(s)

2018-11-20 11:20:30 - [MESSAGE][PASSED] - Delayed 3 second(s)

2018-11-20 11:20:30 - [TEST_STEP][PASSED] - setText: Text '6000 meter verlengsnoer E-Bike goed voor 4 km fietsen' is set on object 'Object Repository/ASMV3/Order/Material/Input Objects/input_ProjectMateriaalRegel'

2018-11-20 11:20:30 - [MESSAGE][PASSED] - Text '6000 meter verlengsnoer E-Bike goed voor 4 km fietsen' is set on object 'Object Repository/ASMV3/Order/Material/Input Objects/input_ProjectMateriaalRegel'

2018-11-20 11:20:30 - [TEST_STEP][PASSED] - delay: Delayed 3 second(s)

2018-11-20 11:20:33 - [MESSAGE][PASSED] - Delayed 3 second(s)

2018-11-20 11:20:33 - [TEST_STEP][PASSED] - click: Object: 'Object Repository/ASMV3/Order/Material/Input Objects/button_ProjectMateriaalAnnuleren' is clicked on

2018-11-20 11:20:33 - [MESSAGE][PASSED] - Object: 'Object Repository/ASMV3/Order/Material/Input Objects/button_ProjectMateriaalAnnuleren' is clicked on

2018-11-20 11:20:33 - [TEST_STEP][PASSED] - delay: Delayed 3 second(s)

2018-11-20 11:20:36 - [MESSAGE][PASSED] - Delayed 3 second(s)

2018-11-20 11:20:36 - [TEST_STEP][PASSED] - click: Object: 'Object Repository/ASMV3/Order/Material/Input Objects/button_ProjectMateriaal' is clicked on

2018-11-20 11:20:37 - [MESSAGE][PASSED] - Object: 'Object Repository/ASMV3/Order/Material/Input Objects/button_ProjectMateriaal' is clicked on

2018-11-20 11:20:37 - [TEST_STEP][PASSED] - delay: Delayed 3 second(s)

2018-11-20 11:20:40 - [MESSAGE][PASSED] - Delayed 3 second(s)

2018-11-20 11:20:40 - [TEST_STEP][PASSED] - setText: Text '6000 meter verlengsnoer E-Bike goed voor 4 km fietsen' is set on object 'Object Repository/ASMV3/Order/Material/Input Objects/input_ProjectMateriaalRegel'

2018-11-20 11:20:40 - [MESSAGE][PASSED] - Text '6000 meter verlengsnoer E-Bike goed voor 4 km fietsen' is set on object 'Object Repository/ASMV3/Order/Material/Input Objects/input_ProjectMateriaalRegel'

2018-11-20 11:20:40 - [TEST_STEP][PASSED] - delay: Delayed 3 second(s)

2018-11-20 11:20:43 - [MESSAGE][PASSED] - Delayed 3 second(s)

2018-11-20 11:20:43 - [TEST_STEP][PASSED] - click: Object: 'Object Repository/ASMV3/Order/Material/Input Objects/addProjectMateriaalPlus' is clicked on

2018-11-20 11:20:43 - [MESSAGE][PASSED] - Object: 'Object Repository/ASMV3/Order/Material/Input Objects/addProjectMateriaalPlus' is clicked on

2018-11-20 11:20:43 - [TEST_STEP][PASSED] - delay: Delayed 3 second(s)

2018-11-20 11:20:46 - [MESSAGE][PASSED] - Delayed 3 second(s)

2018-11-20 11:20:46 - [TEST_STEP][PASSED] - click: Object: 'Object Repository/ASMV3/Order/Material/Input Objects/addProjectMateriaalPlus' is clicked on

2018-11-20 11:20:46 - [MESSAGE][PASSED] - Object: 'Object Repository/ASMV3/Order/Material/Input Objects/addProjectMateriaalPlus' is clicked on

2018-11-20 11:20:46 - [TEST_STEP][PASSED] - delay: Delayed 3 second(s)

2018-11-20 11:20:49 - [MESSAGE][PASSED] - Delayed 3 second(s)

2018-11-20 11:20:49 - [TEST_STEP][PASSED] - click: Object: 'Object Repository/ASMV3/Order/Material/Input Objects/addProjectMateriaalMin' is clicked on

2018-11-20 11:20:49 - [MESSAGE][PASSED] - Object: 'Object Repository/ASMV3/Order/Material/Input Objects/addProjectMateriaalMin' is clicked on

2018-11-20 11:20:49 - [TEST_STEP][PASSED] - delay: Delayed 3 second(s)

2018-11-20 11:20:52 - [MESSAGE][PASSED] - Delayed 3 second(s)

2018-11-20 11:20:52 - [TEST_STEP][PASSED] - click: Object: 'Object Repository/ASMV3/Order/Material/Input Objects/button_ProjectMateriaalOpslaan' is clicked on

2018-11-20 11:20:52 - [MESSAGE][PASSED] - Object: 'Object Repository/ASMV3/Order/Material/Input Objects/button_ProjectMateriaalOpslaan' is clicked on

2018-11-20 11:20:52 - [TEST_STEP][PASSED] - delay: Delayed 3 second(s)

2018-11-20 11:20:55 - [MESSAGE][PASSED] - Delayed 3 second(s)

2018-11-20 11:20:55 - [TEST_STEP][PASSED] - click: Object: 'Object Repository/ASMV3/Order/WizardSteps/wizardStep_Time' is clicked on

2018-11-20 11:20:56 - [MESSAGE][PASSED] - Object: 'Object Repository/ASMV3/Order/WizardSteps/wizardStep_Time' is clicked on

2018-11-20 11:20:56 - [TEST_STEP][PASSED] - delay: Delayed 3 second(s)

2018-11-20 11:20:59 - [MESSAGE][PASSED] - Delayed 3 second(s)

2018-11-20 11:20:59 - [TEST_STEP][PASSED] - setText: Text '4:25' is set on object 'Object Repository/ASMV3/Order/Time/Input Objects/input_CommercialHours'

2018-11-20 11:20:59 - [MESSAGE][PASSED] - Text '4:25' is set on object 'Object Repository/ASMV3/Order/Time/Input Objects/input_CommercialHours'

2018-11-20 11:20:59 - [TEST_STEP][PASSED] - delay: Delayed 3 second(s)

2018-11-20 11:21:02 - [MESSAGE][PASSED] - Delayed 3 second(s)

2018-11-20 11:21:02 - [TEST_STEP][PASSED] - waitForElementClickable: Object 'Object Repository/ASMV3/Order/Time/Input Objects/button_AddCommercialHours' is clickable

2018-11-20 11:21:02 - [MESSAGE][PASSED] - Object 'Object Repository/ASMV3/Order/Time/Input Objects/button_AddCommercialHours' is clickable

2018-11-20 11:21:02 - [TEST_STEP][PASSED] - click: Object: 'Object Repository/ASMV3/Order/Time/Input Objects/button_AddCommercialHours' is clicked on

2018-11-20 11:21:02 - [MESSAGE][PASSED] - Object: 'Object Repository/ASMV3/Order/Time/Input Objects/button_AddCommercialHours' is clicked on

2018-11-20 11:21:02 - [TEST_STEP][PASSED] - delay: Delayed 3 second(s)

2018-11-20 11:21:05 - [MESSAGE][PASSED] - Delayed 3 second(s)

2018-11-20 11:21:05 - [TEST_STEP][PASSED] - setText: Text '1:45' is set on object 'Object Repository/ASMV3/Order/Time/Input Objects/input_TravelHours'

2018-11-20 11:21:05 - [MESSAGE][PASSED] - Text '1:45' is set on object 'Object Repository/ASMV3/Order/Time/Input Objects/input_TravelHours'

2018-11-20 11:21:05 - [TEST_STEP][PASSED] - delay: Delayed 3 second(s)

2018-11-20 11:21:08 - [MESSAGE][PASSED] - Delayed 3 second(s)

2018-11-20 11:21:08 - [TEST_STEP][PASSED] - selectOptionByIndex: All options with index in [1] are selected on object 'Object Repository/ASMV3/Order/Time/Input Objects/input_TravelInOut'

2018-11-20 11:21:08 - [MESSAGE][PASSED] - All options with index in [1] are selected on object 'Object Repository/ASMV3/Order/Time/Input Objects/input_TravelInOut'

2018-11-20 11:21:08 - [TEST_STEP][PASSED] - delay: Delayed 3 second(s)

2018-11-20 11:21:11 - [MESSAGE][PASSED] - Delayed 3 second(s)

2018-11-20 11:21:11 - [TEST_STEP][PASSED] - waitForElementClickable: Object 'Object Repository/ASMV3/Order/Time/Input Objects/button_AddTravelHours' is clickable

2018-11-20 11:21:11 - [MESSAGE][PASSED] - Object 'Object Repository/ASMV3/Order/Time/Input Objects/button_AddTravelHours' is clickable

2018-11-20 11:21:11 - [TEST_STEP][PASSED] - click: Object: 'Object Repository/ASMV3/Order/Time/Input Objects/button_AddTravelHours' is clicked on

2018-11-20 11:21:11 - [MESSAGE][PASSED] - Object: 'Object Repository/ASMV3/Order/Time/Input Objects/button_AddTravelHours' is clicked on

2018-11-20 11:21:11 - [TEST_STEP][PASSED] - delay: Delayed 3 second(s)

2018-11-20 11:21:14 - [MESSAGE][PASSED] - Delayed 3 second(s)

2018-11-20 11:21:14 - [TEST_STEP][PASSED] - click: Object: 'Object Repository/ASMV3/Order/WizardSteps/wizardStep_Resume' is clicked on

2018-11-20 11:21:14 - [MESSAGE][PASSED] - Object: 'Object Repository/ASMV3/Order/WizardSteps/wizardStep_Resume' is clicked on

2018-11-20 11:21:14 - [TEST_STEP][PASSED] - delay: Delayed 10 second(s)

2018-11-20 11:21:24 - [MESSAGE][PASSED] - Delayed 10 second(s)

2018-11-20 11:21:24 - [TEST_STEP][PASSED] - click: Object: 'Object Repository/ASMV3/Order/Resume/Input Objects/button_Handtekening' is clicked on

2018-11-20 11:21:25 - [MESSAGE][PASSED] - Object: 'Object Repository/ASMV3/Order/Resume/Input Objects/button_Handtekening' is clicked on

2018-11-20 11:21:25 - [TEST_STEP][PASSED] - delay: Delayed 3 second(s)

2018-11-20 11:21:28 - [MESSAGE][PASSED] - Delayed 3 second(s)

2018-11-20 11:21:28 - [TEST_STEP][PASSED] - setText: Text 'Harry van Ipsen' is set on object 'Object Repository/ASMV3/Order/Resume/Input Objects/input_Naam'

2018-11-20 11:21:28 - [MESSAGE][PASSED] - Text 'Harry van Ipsen' is set on object 'Object Repository/ASMV3/Order/Resume/Input Objects/input_Naam'

2018-11-20 11:21:28 - [TEST_STEP][PASSED] - delay: Delayed 3 second(s)

2018-11-20 11:21:31 - [MESSAGE][PASSED] - Delayed 3 second(s)

2018-11-20 11:21:31 - [TEST_STEP][PASSED] - setText: Text 'hvanipsen@modus.nl' is set on object 'Object Repository/ASMV3/Order/Resume/Input Objects/input_Email'

2018-11-20 11:21:31 - [MESSAGE][PASSED] - Text 'hvanipsen@modus.nl' is set on object 'Object Repository/ASMV3/Order/Resume/Input Objects/input_Email'

2018-11-20 11:21:31 - [TEST_STEP][PASSED] - delay: Delayed 3 second(s)

2018-11-20 11:21:34 - [MESSAGE][PASSED] - Delayed 3 second(s)

2018-11-20 11:21:34 - [TEST_STEP][PASSED] - setText: Text 'Automatisch opmerkingen tekst Katalon test' is set on object 'Object Repository/ASMV3/Order/Resume/Input Objects/input_Opmerkingen'

2018-11-20 11:21:34 - [MESSAGE][PASSED] - Text 'Automatisch opmerkingen tekst Katalon test' is set on object 'Object Repository/ASMV3/Order/Resume/Input Objects/input_Opmerkingen'

2018-11-20 11:21:34 - [TEST_STEP][PASSED] - delay: Delayed 3 second(s)

2018-11-20 11:21:37 - [MESSAGE][PASSED] - Delayed 3 second(s)

2018-11-20 11:21:37 - [TEST_STEP][PASSED] - dragAndDropByOffset: Dragged object with id 'Object Repository/ASMV3/Order/Resume/Input Objects/input_Handtekening' by offset distance x = 0 and y = 240 successfully

2018-11-20 11:21:38 - [MESSAGE][PASSED] - Dragged object with id 'Object Repository/ASMV3/Order/Resume/Input Objects/input_Handtekening' by offset distance x = 0 and y = 240 successfully

2018-11-20 11:21:38 - [TEST_STEP][PASSED] - delay: Delayed 10 second(s)

2018-11-20 11:21:48 - [MESSAGE][PASSED] - Delayed 10 second(s)

2018-11-20 11:21:48 - [TEST_STEP][PASSED] - click: Object: 'Object Repository/ASMV3/Order/Resume/Input Objects/button_HandtekeningGereedMelden' is clicked on

2018-11-20 11:21:48 - [MESSAGE][PASSED] - Object: 'Object Repository/ASMV3/Order/Resume/Input Objects/button_HandtekeningGereedMelden' is clicked on]]></system-out>
         <system-err><![CDATA[]]></system-err>
      </testcase>
      <system-out><![CDATA[2018-11-20 11:19:54 - [TEST_SUITE][PASSED] - ASMV3 Test Suite - Handtekening-Gereedmelden: Test Cases/ASMV3/WerkorderOppakken-Handtekening-Gereedmelden]]></system-out>
      <system-err><![CDATA[]]></system-err>
   </testsuite>
</testsuites>
